#
# A fatal error has been detected by the Java Runtime Environment:
#
#  SIGSEGV (0xb) at pc=0x00007fff8d8510dd, pid=8539, tid=1811
#
# JRE version: Java(TM) SE Runtime Environment (8.0_05-b13) (build 1.8.0_05-b13)
# Java VM: Java HotSpot(TM) 64-Bit Server VM (25.5-b02 mixed mode bsd-amd64 compressed oops)
# Problematic frame:
# C  [libobjc.A.dylib+0x10dd]  objc_msgSend+0x1d
#
# Failed to write core dump. Core dumps have been disabled. To enable core dumping, try "ulimit -c unlimited" before starting Java again
#
# If you would like to submit a bug report, please visit:
#   http://bugreport.sun.com/bugreport/crash.jsp
# The crash happened outside the Java Virtual Machine in native code.
# See problematic frame for where to report the bug.
#

---------------  T H R E A D  ---------------

Current thread (0x00007fede38d9000):  JavaThread "AppKit Thread" daemon [_thread_in_native, id=1811, stack(0x00007fff5ab38000,0x00007fff5b338000)]

siginfo:si_signo=SIGSEGV: si_errno=0, si_code=1 (SEGV_MAPERR), si_addr=0x000007fede2423f8

Registers:
RAX=0x00007fede24233d0, RBX=0x00007fff5b3336c8, RCX=0x0000000000000000, RDX=0x00007fede25dfa50
RSP=0x00007fff5b3334e8, RBP=0x00007fff5b3334f0, RSI=0x00007fff8fe6f2b4, RDI=0x00007fede24233d0
R8 =0x00007fff5b3334d0, R9 =0x0000000000000062, R10=0x00007fff8fe6f2b4, R11=0x000007fede2423e0
R12=0x00007fede2716020, R13=0x00000000000f42fd, R14=0x00007fede25c9ec0, R15=0x00007fff5b333628
RIP=0x00007fff8d8510dd, EFLAGS=0x0000000000010202, ERR=0x0000000000000004
  TRAPNO=0x000000000000000e

Top of Stack: (sp=0x00007fff5b3334e8)
0x00007fff5b3334e8:   00007fff9431ccdc 00007fff5b333850
0x00007fff5b3334f8:   00007fff9420e244 00007fff5b33357c
0x00007fff5b333508:   00007fff5b333580 00007fff5b333584
0x00007fff5b333518:   00007fff78ba3c88 ffffffffffffffff
0x00007fff5b333528:   0000000000000930 00007fff78ba3ca0
0x00007fff5b333538:   00007fede25c9ec0 0000000000000000
0x00007fff5b333548:   00007fff5b333620 0000000000000000
0x00007fff5b333558:   00007fede2590b30 00007fff5b3336a0
0x00007fff5b333568:   0000000000000062 00000000000f42ff
0x00007fff5b333578:   00007fede25dfa50 00007fede2590390
0x00007fff5b333588:   00007fede2716020 0000000000000001
0x00007fff5b333598:   00000000000f42fd 00007fede2716010
0x00007fff5b3335a8:   00007fff917937ba 00000001e26e9f20
0x00007fff5b3335b8:   00007fff792880d0 0000000042000000
0x00007fff5b3335c8:   00007fff9179be13 00007fff78b6e1d0
0x00007fff5b3335d8:   00007fff5b3336a8 0000000000000000
0x00007fff5b3335e8:   00007fff782a88c8 0000000000000000
0x00007fff5b3335f8:   0000000000000005 00031e0300000001
0x00007fff5b333608:   00007fede2716044 0000000000000000
0x00007fff5b333618:   0000000000402301 00007fede2590bb0
0x00007fff5b333628:   00007fede25c9ec0 0000000000000000
0x00007fff5b333638:   00007fff8fea734c 00007fff5b3336e0
0x00007fff5b333648:   00007fff8a378513 00007fff5b3336c4
0x00007fff5b333658:   0000000000402401 00000000ffffffff
0x00007fff5b333668:   00007fff782a88c8 0000000000402400
0x00007fff5b333678:   00007fff00000000 00007fff5b333770
0x00007fff5b333688:   00007fff92142edc 00007fff782a88e8
0x00007fff5b333698:   00007fff8fea734c 0000000000000051
0x00007fff5b3336a8:   0000000000000000 00000000000f42e1
0x00007fff5b3336b8:   0000000000000053 0000000000000000
0x00007fff5b3336c8:   00000000000f42fd 00007fff5b333744
0x00007fff5b3336d8:   0000000000402f01 00000000ffffffff 

Instructions: (pc=0x00007fff8d8510dd)
0x00007fff8d8510bd:   00 00 00 48 85 ff 2e 74 7a 40 f6 c7 01 2e 75 7e
0x00007fff8d8510cd:   49 bb f8 ff ff ff ff 7f 00 00 4c 23 1f 49 89 f2
0x00007fff8d8510dd:   45 23 53 18 49 c1 e2 04 4d 03 53 10 49 3b 32 75
0x00007fff8d8510ed:   04 41 ff 62 08 49 83 3a 00 74 6a 4d 3b 53 10 74 

Register to memory mapping:

RAX=0x00007fede24233d0 is an unknown value
RBX=0x00007fff5b3336c8 is pointing into the stack for thread: 0x00007fede38d9000
RCX=0x0000000000000000 is an unknown value
RDX=0x00007fede25dfa50 is an unknown value
RSP=0x00007fff5b3334e8 is pointing into the stack for thread: 0x00007fede38d9000
RBP=0x00007fff5b3334f0 is pointing into the stack for thread: 0x00007fede38d9000
RSI=0x00007fff8fe6f2b4: -[NSTitlebarContainerView shouldRoundCorners]+0x5ced6 in /System/Library/Frameworks/AppKit.framework/Versions/C/AppKit at 0x00007fff8f49e000
RDI=0x00007fede24233d0 is an unknown value
R8 =0x00007fff5b3334d0 is pointing into the stack for thread: 0x00007fede38d9000
R9 =0x0000000000000062 is an unknown value
R10=0x00007fff8fe6f2b4: -[NSTitlebarContainerView shouldRoundCorners]+0x5ced6 in /System/Library/Frameworks/AppKit.framework/Versions/C/AppKit at 0x00007fff8f49e000
R11=0x000007fede2423e0 is an unknown value
R12=0x00007fede2716020 is an unknown value
R13=0x00000000000f42fd is an unknown value
R14=0x00007fede25c9ec0 is an unknown value
R15=0x00007fff5b333628 is pointing into the stack for thread: 0x00007fede38d9000


Stack: [0x00007fff5ab38000,0x00007fff5b338000],  sp=0x00007fff5b3334e8,  free space=8173k
Native frames: (J=compiled Java code, j=interpreted, Vv=VM code, C=native code)
C  [libobjc.A.dylib+0x10dd]  objc_msgSend+0x1d
C  [CoreFoundation+0x10244]  _CFXNotificationPost+0xc44
C  [Foundation+0x2c31]  -[NSNotificationCenter postNotificationName:object:userInfo:]+0x42
C  [AppKit+0xdd776]  -[NSSurface _disposeSurface]+0x98
C  [AppKit+0xdd1da]  -[NSSurface setWindow:]+0x42
C  [AppKit+0x3b9ef]  -[NSView _setWindow:]+0xa22
C  [AppKit+0x3cc22]  -[NSView removeFromSuperview]+0x1c5
C  [AppKit+0x9140a]  -[NSView removeFromSuperviewWithoutNeedingDisplay]+0x26
C  [liblwjgl.dylib+0xa205]  +[MacOSXKeyableWindow destroyWindow]+0xb5
C  [Foundation+0x65cdc]  __NSThreadPerformPerform+0x125
C  [CoreFoundation+0x80681]  __CFRUNLOOP_IS_CALLING_OUT_TO_A_SOURCE0_PERFORM_FUNCTION__+0x11
C  [CoreFoundation+0x7280d]  __CFRunLoopDoSources0+0x10d
C  [CoreFoundation+0x71e3f]  __CFRunLoopRun+0x39f
C  [CoreFoundation+0x71858]  CFRunLoopRunSpecific+0x128
C  [HIToolbox+0x2eaef]  RunCurrentEventLoopInMode+0xeb
C  [HIToolbox+0x2e76e]  ReceiveNextEventCommon+0xb3
C  [HIToolbox+0x2e6ab]  _BlockUntilNextEventMatchingListInModeWithFilter+0x47
C  [AppKit+0x23f81]  _DPSNextEvent+0x3c4
C  [AppKit+0x23730]  -[NSApplication nextEventMatchingMask:untilDate:inMode:dequeue:]+0xc2
C  [libosxapp.dylib+0x242a]  -[NSApplicationAWT nextEventMatchingMask:untilDate:inMode:dequeue:]+0x7c
C  [AppKit+0x17593]  -[NSApplication run]+0x252
C  [libosxapp.dylib+0x223e]  +[NSApplicationAWT runAWTLoopWithApp:]+0x9c
C  [libawt_lwawt.dylib+0x439cf]  -[AWTStarter starter:]+0x389
C  [Foundation+0x65cdc]  __NSThreadPerformPerform+0x125
C  [CoreFoundation+0x80681]  __CFRUNLOOP_IS_CALLING_OUT_TO_A_SOURCE0_PERFORM_FUNCTION__+0x11
C  [CoreFoundation+0x7280d]  __CFRunLoopDoSources0+0x10d
C  [CoreFoundation+0x71e3f]  __CFRunLoopRun+0x39f
C  [CoreFoundation+0x71858]  CFRunLoopRunSpecific+0x128
C  [java+0x56cb]  CreateExecutionEnvironment+0x367
C  [java+0x166c]  JLI_Launch+0x7a0
C  [java+0x7689]  main+0x65
C  [java+0xec4]  start+0x34


---------------  P R O C E S S  ---------------

Java Threads: ( => current thread )
  0x00007fede39e6000 JavaThread "Java2D Queue Flusher" daemon [_thread_blocked, id=53255, stack(0x000000012359a000,0x000000012369a000)]
  0x00007fede2976800 JavaThread "Java2D Disposer" daemon [_thread_blocked, id=49187, stack(0x0000000123497000,0x0000000123597000)]
  0x00007fede38dd000 JavaThread "AWT-Shutdown" [_thread_blocked, id=28935, stack(0x000000011fa3c000,0x000000011fb3c000)]
=>0x00007fede38d9000 JavaThread "AppKit Thread" daemon [_thread_in_native, id=1811, stack(0x00007fff5ab38000,0x00007fff5b338000)]
  0x00007fede3049800 JavaThread "Service Thread" daemon [_thread_blocked, id=18179, stack(0x000000011debf000,0x000000011dfbf000)]
  0x00007fede3831800 JavaThread "C1 CompilerThread2" daemon [_thread_blocked, id=17667, stack(0x000000011ddbc000,0x000000011debc000)]
  0x00007fede3831000 JavaThread "C2 CompilerThread1" daemon [_thread_blocked, id=17155, stack(0x000000011dcb9000,0x000000011ddb9000)]
  0x00007fede3827800 JavaThread "C2 CompilerThread0" daemon [_thread_blocked, id=16643, stack(0x000000011dbb6000,0x000000011dcb6000)]
  0x00007fede3827000 JavaThread "Signal Dispatcher" daemon [_thread_blocked, id=13335, stack(0x000000011dab3000,0x000000011dbb3000)]
  0x00007fede3808800 JavaThread "Finalizer" daemon [_thread_blocked, id=11523, stack(0x000000011c169000,0x000000011c269000)]
  0x00007fede2806000 JavaThread "Reference Handler" daemon [_thread_blocked, id=11011, stack(0x000000011c066000,0x000000011c166000)]
  0x00007fede4004800 JavaThread "main" [_thread_in_native, id=4867, stack(0x00000001060c1000,0x00000001061c1000)]

Other Threads:
  0x00007fede3046800 VMThread [stack: 0x000000011bf63000,0x000000011c063000] [id=10499]
  0x00007fede304a800 WatcherThread [stack: 0x000000011dfc2000,0x000000011e0c2000] [id=18691]

VM state:not at safepoint (normal execution)

VM Mutex/Monitor currently owned by a thread: None

Heap:
 PSYoungGen      total 15872K, used 5879K [0x0000000795580000, 0x0000000796900000, 0x00000007c0000000)
  eden space 11776K, 32% used [0x0000000795580000,0x000000079593f7c8,0x0000000796100000)
  from space 4096K, 49% used [0x0000000796500000,0x00000007966fe560,0x0000000796900000)
  to   space 4096K, 0% used [0x0000000796100000,0x0000000796100000,0x0000000796500000)
 ParOldGen       total 129536K, used 9486K [0x0000000740000000, 0x0000000747e80000, 0x0000000795580000)
  object space 129536K, 7% used [0x0000000740000000,0x0000000740943a40,0x0000000747e80000)
 Metaspace       used 9205K, capacity 9413K, committed 9472K, reserved 1058816K
  class space    used 970K, capacity 1021K, committed 1024K, reserved 1048576K

Card table byte_map: [0x00000001155b7000,0x00000001159b8000] byte_map_base: 0x0000000111bb7000

Marking Bits: (ParMarkBitMap*) 0x0000000105a660a0
 Begin Bits: [0x000000011606f000, 0x000000011806f000)
 End Bits:   [0x000000011806f000, 0x000000011a06f000)

Polling page: 0x00000001049eb000

CodeCache: size=245760Kb used=3654Kb max_used=3654Kb free=242105Kb
 bounds [0x00000001061f7000, 0x0000000106597000, 0x00000001151f7000]
 total_blobs=1432 nmethods=929 adapters=419
 compilation: enabled

Compilation events (10 events):
Event: 13.039 Thread 0x00007fede3831800  924       3       java.nio.Bits::int3 (6 bytes)
Event: 13.040 Thread 0x00007fede3831800 nmethod 924 0x0000000106589910 code [0x0000000106589a60, 0x0000000106589b90]
Event: 13.040 Thread 0x00007fede3831800  925       3       java.nio.Bits::int2 (6 bytes)
Event: 13.040 Thread 0x00007fede3831800 nmethod 925 0x0000000106589c10 code [0x0000000106589d60, 0x0000000106589e90]
Event: 13.040 Thread 0x00007fede3831800  926       3       java.nio.Bits::int1 (6 bytes)
Event: 13.040 Thread 0x00007fede3831800 nmethod 926 0x0000000106589f10 code [0x000000010658a060, 0x000000010658a190]
Event: 13.040 Thread 0x00007fede3831800  927       3       java.nio.Bits::int0 (3 bytes)
Event: 13.040 Thread 0x00007fede3831800 nmethod 927 0x000000010658a210 code [0x000000010658a360, 0x000000010658a490]
Event: 13.066 Thread 0x00007fede3831800  929       3       java.nio.Bits::makeInt (29 bytes)
Event: 13.067 Thread 0x00007fede3831800 nmethod 929 0x000000010658a510 code [0x000000010658a660, 0x000000010658a7b0]

GC Heap History (10 events):
Event: 0.524 GC heap before
{Heap before GC invocations=6 (full 0):
 PSYoungGen      total 2560K, used 2559K [0x0000000795580000, 0x0000000795c80000, 0x00000007c0000000)
  eden space 2048K, 100% used [0x0000000795580000,0x0000000795780000,0x0000000795780000)
  from space 512K, 99% used [0x0000000795780000,0x00000007957ffc10,0x0000000795800000)
  to   space 1536K, 0% used [0x0000000795b00000,0x0000000795b00000,0x0000000795c80000)
 ParOldGen       total 129536K, used 1107K [0x0000000740000000, 0x0000000747e80000, 0x0000000795580000)
  object space 129536K, 0% used [0x0000000740000000,0x0000000740114f10,0x0000000747e80000)
 Metaspace       used 6294K, capacity 6423K, committed 6656K, reserved 1056768K
  class space    used 638K, capacity 690K, committed 768K, reserved 1048576K
Event: 0.525 GC heap after
Heap after GC invocations=6 (full 0):
 PSYoungGen      total 5632K, used 967K [0x0000000795580000, 0x0000000795c80000, 0x00000007c0000000)
  eden space 4096K, 0% used [0x0000000795580000,0x0000000795580000,0x0000000795980000)
  from space 1536K, 63% used [0x0000000795b00000,0x0000000795bf1f80,0x0000000795c80000)
  to   space 1536K, 0% used [0x0000000795980000,0x0000000795980000,0x0000000795b00000)
 ParOldGen       total 129536K, used 1115K [0x0000000740000000, 0x0000000747e80000, 0x0000000795580000)
  object space 129536K, 0% used [0x0000000740000000,0x0000000740116f10,0x0000000747e80000)
 Metaspace       used 6294K, capacity 6423K, committed 6656K, reserved 1056768K
  class space    used 638K, capacity 690K, committed 768K, reserved 1048576K
}
Event: 1.046 GC heap before
{Heap before GC invocations=7 (full 0):
 PSYoungGen      total 5632K, used 5063K [0x0000000795580000, 0x0000000795c80000, 0x00000007c0000000)
  eden space 4096K, 100% used [0x0000000795580000,0x0000000795980000,0x0000000795980000)
  from space 1536K, 63% used [0x0000000795b00000,0x0000000795bf1f80,0x0000000795c80000)
  to   space 1536K, 0% used [0x0000000795980000,0x0000000795980000,0x0000000795b00000)
 ParOldGen       total 129536K, used 1115K [0x0000000740000000, 0x0000000747e80000, 0x0000000795580000)
  object space 129536K, 0% used [0x0000000740000000,0x0000000740116f10,0x0000000747e80000)
 Metaspace       used 6602K, capacity 6723K, committed 6912K, reserved 1056768K
  class space    used 674K, capacity 724K, committed 768K, reserved 1048576K
Event: 1.051 GC heap after
Heap after GC invocations=7 (full 0):
 PSYoungGen      total 5632K, used 1536K [0x0000000795580000, 0x0000000796280000, 0x00000007c0000000)
  eden space 4096K, 0% used [0x0000000795580000,0x0000000795580000,0x0000000795980000)
  from space 1536K, 100% used [0x0000000795980000,0x0000000795b00000,0x0000000795b00000)
  to   space 2560K, 0% used [0x0000000796000000,0x0000000796000000,0x0000000796280000)
 ParOldGen       total 129536K, used 2763K [0x0000000740000000, 0x0000000747e80000, 0x0000000795580000)
  object space 129536K, 2% used [0x0000000740000000,0x00000007402b2c58,0x0000000747e80000)
 Metaspace       used 6602K, capacity 6723K, committed 6912K, reserved 1056768K
  class space    used 674K, capacity 724K, committed 768K, reserved 1048576K
}
Event: 1.240 GC heap before
{Heap before GC invocations=8 (full 0):
 PSYoungGen      total 5632K, used 5632K [0x0000000795580000, 0x0000000796280000, 0x00000007c0000000)
  eden space 4096K, 100% used [0x0000000795580000,0x0000000795980000,0x0000000795980000)
  from space 1536K, 100% used [0x0000000795980000,0x0000000795b00000,0x0000000795b00000)
  to   space 2560K, 0% used [0x0000000796000000,0x0000000796000000,0x0000000796280000)
 ParOldGen       total 129536K, used 2763K [0x0000000740000000, 0x0000000747e80000, 0x0000000795580000)
  object space 129536K, 2% used [0x0000000740000000,0x00000007402b2c58,0x0000000747e80000)
 Metaspace       used 9028K, capacity 9221K, committed 9472K, reserved 1058816K
  class space    used 966K, capacity 1021K, committed 1024K, reserved 1048576K
Event: 1.245 GC heap after
Heap after GC invocations=8 (full 0):
 PSYoungGen      total 9728K, used 2548K [0x0000000795580000, 0x0000000796480000, 0x00000007c0000000)
  eden space 7168K, 0% used [0x0000000795580000,0x0000000795580000,0x0000000795c80000)
  from space 2560K, 99% used [0x0000000796000000,0x000000079627d308,0x0000000796280000)
  to   space 3584K, 0% used [0x0000000795c80000,0x0000000795c80000,0x0000000796000000)
 ParOldGen       total 129536K, used 3839K [0x0000000740000000, 0x0000000747e80000, 0x0000000795580000)
  object space 129536K, 2% used [0x0000000740000000,0x00000007403bfe60,0x0000000747e80000)
 Metaspace       used 9028K, capacity 9221K, committed 9472K, reserved 1058816K
  class space    used 966K, capacity 1021K, committed 1024K, reserved 1048576K
}
Event: 1.305 GC heap before
{Heap before GC invocations=9 (full 0):
 PSYoungGen      total 9728K, used 9716K [0x0000000795580000, 0x0000000796480000, 0x00000007c0000000)
  eden space 7168K, 100% used [0x0000000795580000,0x0000000795c80000,0x0000000795c80000)
  from space 2560K, 99% used [0x0000000796000000,0x000000079627d308,0x0000000796280000)
  to   space 3584K, 0% used [0x0000000795c80000,0x0000000795c80000,0x0000000796000000)
 ParOldGen       total 129536K, used 3839K [0x0000000740000000, 0x0000000747e80000, 0x0000000795580000)
  object space 129536K, 2% used [0x0000000740000000,0x00000007403bfe60,0x0000000747e80000)
 Metaspace       used 9041K, capacity 9285K, committed 9472K, reserved 1058816K
  class space    used 966K, capacity 1021K, committed 1024K, reserved 1048576K
Event: 1.310 GC heap after
Heap after GC invocations=9 (full 0):
 PSYoungGen      total 10752K, used 3294K [0x0000000795580000, 0x0000000796900000, 0x00000007c0000000)
  eden space 7168K, 0% used [0x0000000795580000,0x0000000795580000,0x0000000795c80000)
  from space 3584K, 91% used [0x0000000795c80000,0x0000000795fb7ac0,0x0000000796000000)
  to   space 4096K, 0% used [0x0000000796500000,0x0000000796500000,0x0000000796900000)
 ParOldGen       total 129536K, used 5189K [0x0000000740000000, 0x0000000747e80000, 0x0000000795580000)
  object space 129536K, 4% used [0x0000000740000000,0x00000007405116e0,0x0000000747e80000)
 Metaspace       used 9041K, capacity 9285K, committed 9472K, reserved 1058816K
  class space    used 966K, capacity 1021K, committed 1024K, reserved 1048576K
}
Event: 1.347 GC heap before
{Heap before GC invocations=10 (full 0):
 PSYoungGen      total 10752K, used 10462K [0x0000000795580000, 0x0000000796900000, 0x00000007c0000000)
  eden space 7168K, 100% used [0x0000000795580000,0x0000000795c80000,0x0000000795c80000)
  from space 3584K, 91% used [0x0000000795c80000,0x0000000795fb7ac0,0x0000000796000000)
  to   space 4096K, 0% used [0x0000000796500000,0x0000000796500000,0x0000000796900000)
 ParOldGen       total 129536K, used 5189K [0x0000000740000000, 0x0000000747e80000, 0x0000000795580000)
  object space 129536K, 4% used [0x0000000740000000,0x00000007405116e0,0x0000000747e80000)
 Metaspace       used 9054K, capacity 9285K, committed 9472K, reserved 1058816K
  class space    used 967K, capacity 1021K, committed 1024K, reserved 1048576K
Event: 1.357 GC heap after
Heap after GC invocations=10 (full 0):
 PSYoungGen      total 15872K, used 2041K [0x0000000795580000, 0x0000000796900000, 0x00000007c0000000)
  eden space 11776K, 0% used [0x0000000795580000,0x0000000795580000,0x0000000796100000)
  from space 4096K, 49% used [0x0000000796500000,0x00000007966fe560,0x0000000796900000)
  to   space 4096K, 0% used [0x0000000796100000,0x0000000796100000,0x0000000796500000)
 ParOldGen       total 129536K, used 9486K [0x0000000740000000, 0x0000000747e80000, 0x0000000795580000)
  object space 129536K, 7% used [0x0000000740000000,0x0000000740943a40,0x0000000747e80000)
 Metaspace       used 9054K, capacity 9285K, committed 9472K, reserved 1058816K
  class space    used 967K, capacity 1021K, committed 1024K, reserved 1048576K
}

Deoptimization events (4 events):
Event: 1.137 Thread 0x00007fede4004800 Uncommon trap: reason=class_check action=maybe_recompile pc=0x000000010640ebcc method=java.util.HashMap.putVal(ILjava/lang/Object;Ljava/lang/Object;ZZ)Ljava/lang/Object; @ 253
Event: 1.137 Thread 0x00007fede4004800 Uncommon trap: reason=class_check action=maybe_recompile pc=0x000000010640ebcc method=java.util.HashMap.putVal(ILjava/lang/Object;Ljava/lang/Object;ZZ)Ljava/lang/Object; @ 253
Event: 1.137 Thread 0x00007fede4004800 Uncommon trap: reason=class_check action=maybe_recompile pc=0x000000010640ebcc method=java.util.HashMap.putVal(ILjava/lang/Object;Ljava/lang/Object;ZZ)Ljava/lang/Object; @ 253
Event: 1.137 Thread 0x00007fede4004800 Uncommon trap: reason=class_check action=maybe_recompile pc=0x000000010640ebcc method=java.util.HashMap.putVal(ILjava/lang/Object;Ljava/lang/Object;ZZ)Ljava/lang/Object; @ 253

Internal exceptions (10 events):
Event: 0.641 Thread 0x00007fede4004800 Exception <a 'java/security/PrivilegedActionException'> (0x00000007957db7b8) thrown at [/HUDSON/workspace/8-2-build-macosx-x86_64/jdk8u5/2488/hotspot/src/share/vm/prims/jvm.cpp, line 1248]
Event: 0.642 Thread 0x00007fede4004800 Exception <a 'java/security/PrivilegedActionException'> (0x00000007957e17d8) thrown at [/HUDSON/workspace/8-2-build-macosx-x86_64/jdk8u5/2488/hotspot/src/share/vm/prims/jvm.cpp, line 1248]
Event: 1.076 Thread 0x00007fede4004800 Exception <a 'java/security/PrivilegedActionException'> (0x000000079569f4e0) thrown at [/HUDSON/workspace/8-2-build-macosx-x86_64/jdk8u5/2488/hotspot/src/share/vm/prims/jvm.cpp, line 1248]
Event: 1.077 Thread 0x00007fede4004800 Exception <a 'java/security/PrivilegedActionException'> (0x00000007956a3de0) thrown at [/HUDSON/workspace/8-2-build-macosx-x86_64/jdk8u5/2488/hotspot/src/share/vm/prims/jvm.cpp, line 1248]
Event: 1.077 Thread 0x00007fede4004800 Exception <a 'java/security/PrivilegedActionException'> (0x00000007956a69c0) thrown at [/HUDSON/workspace/8-2-build-macosx-x86_64/jdk8u5/2488/hotspot/src/share/vm/prims/jvm.cpp, line 1248]
Event: 1.371 Thread 0x00007fede4004800 Exception <a 'java/security/PrivilegedActionException'> (0x00000007958cdb80) thrown at [/HUDSON/workspace/8-2-build-macosx-x86_64/jdk8u5/2488/hotspot/src/share/vm/prims/jvm.cpp, line 1248]
Event: 1.373 Thread 0x00007fede4004800 Exception <a 'java/security/PrivilegedActionException'> (0x00000007958d6020) thrown at [/HUDSON/workspace/8-2-build-macosx-x86_64/jdk8u5/2488/hotspot/src/share/vm/prims/jvm.cpp, line 1248]
Event: 1.380 Thread 0x00007fede4004800 Exception <a 'java/security/PrivilegedActionException'> (0x00000007958db068) thrown at [/HUDSON/workspace/8-2-build-macosx-x86_64/jdk8u5/2488/hotspot/src/share/vm/prims/jvm.cpp, line 1248]
Event: 1.380 Thread 0x00007fede4004800 Exception <a 'java/security/PrivilegedActionException'> (0x00000007958dfda8) thrown at [/HUDSON/workspace/8-2-build-macosx-x86_64/jdk8u5/2488/hotspot/src/share/vm/prims/jvm.cpp, line 1248]
Event: 13.439 Thread 0x00007fede4004800 Exception <a 'java/security/PrivilegedActionException'> (0x0000000795920790) thrown at [/HUDSON/workspace/8-2-build-macosx-x86_64/jdk8u5/2488/hotspot/src/share/vm/prims/jvm.cpp, line 1248]

Events (10 events):
Event: 1.379 loading class org/lwjgl/opengl/Sync
Event: 1.379 loading class org/lwjgl/opengl/Sync done
Event: 1.380 loading class org/lwjgl/opengl/Sync$RunningAvg
Event: 1.380 loading class org/lwjgl/opengl/Sync$RunningAvg done
Event: 2.980 Thread 0x00007fede4004800 DEOPT PACKING pc=0x00000001064d38ef sp=0x00000001061c0600
Event: 2.980 Thread 0x00007fede4004800 DEOPT UNPACKING pc=0x000000010623e01a sp=0x00000001061c0430 mode 0
Event: 4.102 Executing VM operation: EnableBiasedLocking
Event: 4.102 Executing VM operation: EnableBiasedLocking done
Event: 13.439 loading class org/lwjgl/opengl/CallbackUtil
Event: 13.439 loading class org/lwjgl/opengl/CallbackUtil done


Dynamic libraries:
0x0000000006f41000 	/System/Library/Frameworks/Cocoa.framework/Versions/A/Cocoa
0x0000000006f41000 	/System/Library/Frameworks/Security.framework/Versions/A/Security
0x0000000006f41000 	/System/Library/Frameworks/ApplicationServices.framework/Versions/A/ApplicationServices
0x0000000006f41000 	/usr/lib/libz.1.dylib
0x0000000006f41000 	/usr/lib/libSystem.B.dylib
0x0000000006f41000 	/usr/lib/libobjc.A.dylib
0x0000000006f41000 	/System/Library/Frameworks/CoreFoundation.framework/Versions/A/CoreFoundation
0x0000000006f41000 	/System/Library/Frameworks/Foundation.framework/Versions/C/Foundation
0x0000000006f41000 	/System/Library/Frameworks/AppKit.framework/Versions/C/AppKit
0x0000000006f41000 	/System/Library/Frameworks/CoreData.framework/Versions/A/CoreData
0x0000000006f41000 	/System/Library/PrivateFrameworks/RemoteViewServices.framework/Versions/A/RemoteViewServices
0x0000000006f41000 	/System/Library/PrivateFrameworks/UIFoundation.framework/Versions/A/UIFoundation
0x0000000006f41000 	/System/Library/Frameworks/IOSurface.framework/Versions/A/IOSurface
0x0000000006f41000 	/System/Library/Frameworks/AudioToolbox.framework/Versions/A/AudioToolbox
0x0000000006f41000 	/System/Library/Frameworks/AudioUnit.framework/Versions/A/AudioUnit
0x0000000006f41000 	/System/Library/PrivateFrameworks/DataDetectorsCore.framework/Versions/A/DataDetectorsCore
0x0000000006f41000 	/System/Library/PrivateFrameworks/DesktopServicesPriv.framework/Versions/A/DesktopServicesPriv
0x0000000006f41000 	/System/Library/Frameworks/Carbon.framework/Versions/A/Frameworks/HIToolbox.framework/Versions/A/HIToolbox
0x0000000006f41000 	/System/Library/Frameworks/QuartzCore.framework/Versions/A/QuartzCore
0x0000000006f41000 	/System/Library/Frameworks/Carbon.framework/Versions/A/Frameworks/SpeechRecognition.framework/Versions/A/SpeechRecognition
0x0000000006f41000 	/usr/lib/libauto.dylib
0x0000000006f41000 	/usr/lib/libicucore.A.dylib
0x0000000006f41000 	/usr/lib/libxml2.2.dylib
0x0000000006f41000 	/System/Library/PrivateFrameworks/CoreUI.framework/Versions/A/CoreUI
0x0000000006f41000 	/System/Library/Frameworks/CoreAudio.framework/Versions/A/CoreAudio
0x0000000006f41000 	/System/Library/Frameworks/DiskArbitration.framework/Versions/A/DiskArbitration
0x0000000006f41000 	/usr/lib/liblangid.dylib
0x0000000006f41000 	/System/Library/PrivateFrameworks/MultitouchSupport.framework/Versions/A/MultitouchSupport
0x0000000006f41000 	/System/Library/Frameworks/IOKit.framework/Versions/A/IOKit
0x0000000006f41000 	/usr/lib/libDiagnosticMessagesClient.dylib
0x0000000006f41000 	/System/Library/Frameworks/CoreServices.framework/Versions/A/CoreServices
0x0000000006f41000 	/System/Library/PrivateFrameworks/PerformanceAnalysis.framework/Versions/A/PerformanceAnalysis
0x0000000006f41000 	/System/Library/PrivateFrameworks/GenerationalStorage.framework/Versions/A/GenerationalStorage
0x0000000006f41000 	/System/Library/Frameworks/OpenGL.framework/Versions/A/OpenGL
0x0000000006f41000 	/System/Library/PrivateFrameworks/Sharing.framework/Versions/A/Sharing
0x0000000006f41000 	/System/Library/Frameworks/CoreGraphics.framework/Versions/A/CoreGraphics
0x0000000006f41000 	/System/Library/Frameworks/CoreText.framework/Versions/A/CoreText
0x0000000006f41000 	/System/Library/Frameworks/ImageIO.framework/Versions/A/ImageIO
0x0000000006f41000 	/usr/lib/libextension.dylib
0x0000000006f41000 	/System/Library/PrivateFrameworks/Backup.framework/Versions/A/Backup
0x0000000006f41000 	/usr/lib/libarchive.2.dylib
0x0000000006f41000 	/System/Library/Frameworks/CFNetwork.framework/Versions/A/CFNetwork
0x0000000006f41000 	/System/Library/Frameworks/SystemConfiguration.framework/Versions/A/SystemConfiguration
0x0000000006f41000 	/usr/lib/libCRFSuite.dylib
0x0000000006f41000 	/usr/lib/libc++.1.dylib
0x0000000006f41000 	/usr/lib/libc++abi.dylib
0x0000000006f41000 	/usr/lib/system/libcache.dylib
0x0000000006f41000 	/usr/lib/system/libcommonCrypto.dylib
0x0000000006f41000 	/usr/lib/system/libcompiler_rt.dylib
0x0000000006f41000 	/usr/lib/system/libcopyfile.dylib
0x0000000006f41000 	/usr/lib/system/libcorecrypto.dylib
0x0000000006f41000 	/usr/lib/system/libdispatch.dylib
0x0000000006f41000 	/usr/lib/system/libdyld.dylib
0x0000000006f41000 	/usr/lib/system/libkeymgr.dylib
0x0000000006f41000 	/usr/lib/system/liblaunch.dylib
0x0000000006f41000 	/usr/lib/system/libmacho.dylib
0x0000000006f41000 	/usr/lib/system/libquarantine.dylib
0x0000000006f41000 	/usr/lib/system/libremovefile.dylib
0x0000000006f41000 	/usr/lib/system/libsystem_asl.dylib
0x0000000006f41000 	/usr/lib/system/libsystem_blocks.dylib
0x0000000006f41000 	/usr/lib/system/libsystem_c.dylib
0x0000000006f41000 	/usr/lib/system/libsystem_configuration.dylib
0x0000000006f41000 	/usr/lib/system/libsystem_coreservices.dylib
0x0000000006f41000 	/usr/lib/system/libsystem_coretls.dylib
0x0000000006f41000 	/usr/lib/system/libsystem_dnssd.dylib
0x0000000006f41000 	/usr/lib/system/libsystem_info.dylib
0x0000000006f41000 	/usr/lib/system/libsystem_kernel.dylib
0x0000000006f41000 	/usr/lib/system/libsystem_m.dylib
0x0000000006f41000 	/usr/lib/system/libsystem_malloc.dylib
0x0000000006f41000 	/usr/lib/system/libsystem_network.dylib
0x0000000006f41000 	/usr/lib/system/libsystem_networkextension.dylib
0x0000000006f41000 	/usr/lib/system/libsystem_notify.dylib
0x0000000006f41000 	/usr/lib/system/libsystem_platform.dylib
0x0000000006f41000 	/usr/lib/system/libsystem_pthread.dylib
0x0000000006f41000 	/usr/lib/system/libsystem_sandbox.dylib
0x0000000006f41000 	/usr/lib/system/libsystem_secinit.dylib
0x0000000006f41000 	/usr/lib/system/libsystem_stats.dylib
0x0000000006f41000 	/usr/lib/system/libsystem_trace.dylib
0x0000000006f41000 	/usr/lib/system/libunc.dylib
0x0000000006f41000 	/usr/lib/system/libunwind.dylib
0x0000000006f41000 	/usr/lib/system/libxpc.dylib
0x0000000006f41000 	/usr/lib/libbz2.1.0.dylib
0x0000000006f41000 	/usr/lib/liblzma.5.dylib
0x0000000006f41000 	/usr/lib/libbsm.0.dylib
0x0000000006f41000 	/usr/lib/libsqlite3.dylib
0x0000000006f41000 	/usr/lib/system/libkxld.dylib
0x0000000006f41000 	/usr/lib/libxar.1.dylib
0x0000000006f41000 	/usr/lib/libpam.2.dylib
0x0000000006f41000 	/usr/lib/libOpenScriptingUtil.dylib
0x0000000006f41000 	/System/Library/Frameworks/CoreServices.framework/Versions/A/Frameworks/FSEvents.framework/Versions/A/FSEvents
0x0000000006f41000 	/System/Library/Frameworks/CoreServices.framework/Versions/A/Frameworks/CarbonCore.framework/Versions/A/CarbonCore
0x0000000006f41000 	/System/Library/Frameworks/CoreServices.framework/Versions/A/Frameworks/Metadata.framework/Versions/A/Metadata
0x0000000006f41000 	/System/Library/Frameworks/CoreServices.framework/Versions/A/Frameworks/OSServices.framework/Versions/A/OSServices
0x0000000006f41000 	/System/Library/Frameworks/CoreServices.framework/Versions/A/Frameworks/SearchKit.framework/Versions/A/SearchKit
0x0000000006f41000 	/System/Library/Frameworks/CoreServices.framework/Versions/A/Frameworks/AE.framework/Versions/A/AE
0x0000000006f41000 	/System/Library/Frameworks/CoreServices.framework/Versions/A/Frameworks/LaunchServices.framework/Versions/A/LaunchServices
0x0000000006f41000 	/System/Library/Frameworks/CoreServices.framework/Versions/A/Frameworks/DictionaryServices.framework/Versions/A/DictionaryServices
0x0000000006f41000 	/System/Library/Frameworks/NetFS.framework/Versions/A/NetFS
0x0000000006f41000 	/System/Library/PrivateFrameworks/NetAuth.framework/Versions/A/NetAuth
0x0000000006f41000 	/System/Library/PrivateFrameworks/login.framework/Versions/A/Frameworks/loginsupport.framework/Versions/A/loginsupport
0x0000000006f41000 	/System/Library/PrivateFrameworks/TCC.framework/Versions/A/TCC
0x0000000006f41000 	/usr/lib/libmecabra.dylib
0x0000000006f41000 	/System/Library/Frameworks/ApplicationServices.framework/Versions/A/Frameworks/ATS.framework/Versions/A/ATS
0x0000000006f41000 	/System/Library/Frameworks/ApplicationServices.framework/Versions/A/Frameworks/ColorSync.framework/Versions/A/ColorSync
0x0000000006f41000 	/System/Library/Frameworks/ApplicationServices.framework/Versions/A/Frameworks/HIServices.framework/Versions/A/HIServices
0x0000000006f41000 	/System/Library/Frameworks/ApplicationServices.framework/Versions/A/Frameworks/LangAnalysis.framework/Versions/A/LangAnalysis
0x0000000006f41000 	/System/Library/Frameworks/ApplicationServices.framework/Versions/A/Frameworks/PrintCore.framework/Versions/A/PrintCore
0x0000000006f41000 	/System/Library/Frameworks/ApplicationServices.framework/Versions/A/Frameworks/QD.framework/Versions/A/QD
0x0000000006f41000 	/System/Library/Frameworks/ApplicationServices.framework/Versions/A/Frameworks/SpeechSynthesis.framework/Versions/A/SpeechSynthesis
0x0000000006f41000 	/System/Library/Frameworks/Accelerate.framework/Versions/A/Accelerate
0x0000000006f41000 	/System/Library/Frameworks/Accelerate.framework/Versions/A/Frameworks/vImage.framework/Versions/A/vImage
0x0000000006f41000 	/System/Library/Frameworks/Accelerate.framework/Versions/A/Frameworks/vecLib.framework/Versions/A/vecLib
0x0000000006f41000 	/System/Library/Frameworks/Accelerate.framework/Versions/A/Frameworks/vecLib.framework/Versions/A/libvDSP.dylib
0x0000000006f41000 	/System/Library/Frameworks/Accelerate.framework/Versions/A/Frameworks/vecLib.framework/Versions/A/libvMisc.dylib
0x0000000006f41000 	/System/Library/Frameworks/Accelerate.framework/Versions/A/Frameworks/vecLib.framework/Versions/A/libLAPACK.dylib
0x0000000006f41000 	/System/Library/Frameworks/Accelerate.framework/Versions/A/Frameworks/vecLib.framework/Versions/A/libBLAS.dylib
0x0000000006f41000 	/System/Library/Frameworks/Accelerate.framework/Versions/A/Frameworks/vecLib.framework/Versions/A/libLinearAlgebra.dylib
0x0000000006f41000 	/System/Library/Frameworks/ApplicationServices.framework/Versions/A/Frameworks/ATS.framework/Versions/A/Resources/libFontParser.dylib
0x0000000006f41000 	/System/Library/Frameworks/ApplicationServices.framework/Versions/A/Frameworks/ATS.framework/Versions/A/Resources/libFontRegistry.dylib
0x0000000006f41000 	/System/Library/PrivateFrameworks/AppleVPA.framework/Versions/A/AppleVPA
0x0000000006f41000 	/System/Library/PrivateFrameworks/AppleJPEG.framework/Versions/A/AppleJPEG
0x0000000006f41000 	/System/Library/Frameworks/ImageIO.framework/Versions/A/Resources/libJPEG.dylib
0x0000000006f41000 	/System/Library/Frameworks/ImageIO.framework/Versions/A/Resources/libTIFF.dylib
0x0000000006f41000 	/System/Library/Frameworks/ImageIO.framework/Versions/A/Resources/libPng.dylib
0x0000000006f41000 	/System/Library/Frameworks/ImageIO.framework/Versions/A/Resources/libGIF.dylib
0x0000000006f41000 	/System/Library/Frameworks/ImageIO.framework/Versions/A/Resources/libJP2.dylib
0x0000000006f41000 	/System/Library/Frameworks/ImageIO.framework/Versions/A/Resources/libRadiance.dylib
0x0000000006f41000 	/System/Library/Frameworks/CoreVideo.framework/Versions/A/CoreVideo
0x0000000006f41000 	/System/Library/Frameworks/OpenGL.framework/Versions/A/Libraries/libGLU.dylib
0x0000000006f41000 	/System/Library/Frameworks/OpenGL.framework/Versions/A/Libraries/libGFXShared.dylib
0x0000000006f41000 	/System/Library/Frameworks/OpenGL.framework/Versions/A/Libraries/libGL.dylib
0x0000000006f41000 	/System/Library/Frameworks/OpenGL.framework/Versions/A/Libraries/libGLImage.dylib
0x0000000006f41000 	/System/Library/Frameworks/OpenGL.framework/Versions/A/Libraries/libCVMSPluginSupport.dylib
0x0000000006f41000 	/System/Library/Frameworks/OpenGL.framework/Versions/A/Libraries/libCoreVMClient.dylib
0x0000000006f41000 	/usr/lib/libcups.2.dylib
0x0000000006f41000 	/System/Library/Frameworks/Kerberos.framework/Versions/A/Kerberos
0x0000000006f41000 	/System/Library/Frameworks/GSS.framework/Versions/A/GSS
0x0000000006f41000 	/usr/lib/libresolv.9.dylib
0x0000000006f41000 	/usr/lib/libiconv.2.dylib
0x0000000006f41000 	/System/Library/PrivateFrameworks/Heimdal.framework/Versions/A/Heimdal
0x0000000006f41000 	/usr/lib/libheimdal-asn1.dylib
0x0000000006f41000 	/System/Library/Frameworks/OpenDirectory.framework/Versions/A/OpenDirectory
0x0000000006f41000 	/System/Library/PrivateFrameworks/CommonAuth.framework/Versions/A/CommonAuth
0x0000000006f41000 	/System/Library/Frameworks/OpenDirectory.framework/Versions/A/Frameworks/CFOpenDirectory.framework/Versions/A/CFOpenDirectory
0x0000000006f41000 	/System/Library/Frameworks/SecurityFoundation.framework/Versions/A/SecurityFoundation
0x0000000006f41000 	/System/Library/PrivateFrameworks/LanguageModeling.framework/Versions/A/LanguageModeling
0x0000000006f41000 	/usr/lib/libcmph.dylib
0x0000000006f41000 	/System/Library/Frameworks/ServiceManagement.framework/Versions/A/ServiceManagement
0x0000000006f41000 	/usr/lib/libxslt.1.dylib
0x0000000006f41000 	/System/Library/Frameworks/Carbon.framework/Versions/A/Frameworks/Ink.framework/Versions/A/Ink
0x0000000006f41000 	/System/Library/Frameworks/QuartzCore.framework/Versions/A/Frameworks/CoreImage.framework/Versions/A/CoreImage
0x0000000006f41000 	/System/Library/PrivateFrameworks/CrashReporterSupport.framework/Versions/A/CrashReporterSupport
0x0000000006f41000 	/System/Library/Frameworks/OpenCL.framework/Versions/A/OpenCL
0x0000000006f41000 	/System/Library/PrivateFrameworks/FaceCore.framework/Versions/A/FaceCore
0x0000000006f41000 	/System/Library/PrivateFrameworks/Ubiquity.framework/Versions/A/Ubiquity
0x0000000006f41000 	/System/Library/PrivateFrameworks/IconServices.framework/Versions/A/IconServices
0x0000000006f41000 	/System/Library/PrivateFrameworks/ChunkingLibrary.framework/Versions/A/ChunkingLibrary
0x0000000006f41000 	/System/Library/PrivateFrameworks/Apple80211.framework/Versions/A/Apple80211
0x0000000006f41000 	/System/Library/Frameworks/CoreWLAN.framework/Versions/A/CoreWLAN
0x0000000006f41000 	/System/Library/Frameworks/IOBluetooth.framework/Versions/A/IOBluetooth
0x0000000006f41000 	/System/Library/PrivateFrameworks/CoreWiFi.framework/Versions/A/CoreWiFi
0x0000000006f41000 	/System/Library/Frameworks/CoreBluetooth.framework/Versions/A/CoreBluetooth
0x0000000006f41000 	/System/Library/PrivateFrameworks/DebugSymbols.framework/Versions/A/DebugSymbols
0x0000000006f41000 	/System/Library/PrivateFrameworks/CoreSymbolication.framework/Versions/A/CoreSymbolication
0x0000000006f41000 	/System/Library/PrivateFrameworks/Symbolication.framework/Versions/A/Symbolication
0x0000000006f41000 	/System/Library/PrivateFrameworks/SpeechRecognitionCore.framework/Versions/A/SpeechRecognitionCore
0x0000000105200000 	/Library/Java/JavaVirtualMachines/jdk1.8.0_05.jdk/Contents/Home/jre/lib/server/libjvm.dylib
0x0000000006f41000 	/usr/lib/libstdc++.6.dylib
0x00000001049dd000 	/Library/Java/JavaVirtualMachines/jdk1.8.0_05.jdk/Contents/Home/jre/lib/libverify.dylib
0x00000001061c3000 	/Library/Java/JavaVirtualMachines/jdk1.8.0_05.jdk/Contents/Home/jre/lib/libjava.dylib
0x00000001049f5000 	/Library/Java/JavaVirtualMachines/jdk1.8.0_05.jdk/Contents/Home/jre/lib/libzip.dylib
0x000000011c26b000 	/System/Library/Frameworks/JavaVM.framework/Frameworks/JavaRuntimeSupport.framework/JavaRuntimeSupport
0x000000011c283000 	/System/Library/Frameworks/JavaVM.framework/Versions/A/Frameworks/JavaNativeFoundation.framework/Versions/A/JavaNativeFoundation
0x000000011c298000 	/System/Library/Frameworks/JavaVM.framework/Versions/A/JavaVM
0x0000000006f41000 	/System/Library/Frameworks/Carbon.framework/Versions/A/Carbon
0x000000011c2a5000 	/System/Library/PrivateFrameworks/JavaLaunching.framework/Versions/A/JavaLaunching
0x0000000006f41000 	/System/Library/Frameworks/Carbon.framework/Versions/A/Frameworks/CommonPanels.framework/Versions/A/CommonPanels
0x0000000006f41000 	/System/Library/Frameworks/Carbon.framework/Versions/A/Frameworks/Help.framework/Versions/A/Help
0x0000000006f41000 	/System/Library/Frameworks/Carbon.framework/Versions/A/Frameworks/ImageCapture.framework/Versions/A/ImageCapture
0x0000000006f41000 	/System/Library/Frameworks/Carbon.framework/Versions/A/Frameworks/OpenScripting.framework/Versions/A/OpenScripting
0x0000000006f41000 	/System/Library/Frameworks/Carbon.framework/Versions/A/Frameworks/Print.framework/Versions/A/Print
0x0000000006f41000 	/System/Library/Frameworks/Carbon.framework/Versions/A/Frameworks/SecurityHI.framework/Versions/A/SecurityHI
0x000000011e127000 	/Library/Java/JavaVirtualMachines/jdk1.8.0_05.jdk/Contents/Home/jre/lib/libawt.dylib
0x000000011e1d6000 	/Library/Java/JavaVirtualMachines/jdk1.8.0_05.jdk/Contents/Home/jre/lib/./libmlib_image.dylib
0x000000011e2a2000 	/Library/Java/JavaVirtualMachines/jdk1.8.0_05.jdk/Contents/Home/jre/lib/libawt_lwawt.dylib
0x000000011e354000 	/Library/Java/JavaVirtualMachines/jdk1.8.0_05.jdk/Contents/Home/jre/lib/./libosxapp.dylib
0x0000000006f41000 	/System/Library/Frameworks/ExceptionHandling.framework/Versions/A/ExceptionHandling
0x0000000006f41000 	/System/Library/PrivateFrameworks/CoreServicesInternal.framework/Versions/A/CoreServicesInternal
0x0000000006f41000 	/System/Library/PrivateFrameworks/CloudDocs.framework/Versions/A/CloudDocs
0x0000000006f41000 	/System/Library/PrivateFrameworks/CoreDuet.framework/Versions/A/CoreDuet
0x0000000006f41000 	/System/Library/Frameworks/CloudKit.framework/Versions/A/CloudKit
0x0000000006f41000 	/System/Library/PrivateFrameworks/ProtocolBuffer.framework/Versions/A/ProtocolBuffer
0x0000000006f41000 	/System/Library/PrivateFrameworks/CoreDuetDaemonProtocol.framework/Versions/A/CoreDuetDaemonProtocol
0x0000000006f41000 	/System/Library/PrivateFrameworks/CoreDuetDebugLogging.framework/Versions/A/CoreDuetDebugLogging
0x0000000006f41000 	/System/Library/Frameworks/CoreLocation.framework/Versions/A/CoreLocation
0x0000000006f41000 	/System/Library/Frameworks/Accounts.framework/Versions/A/Accounts
0x0000000006f41000 	/System/Library/PrivateFrameworks/ApplePushService.framework/Versions/A/ApplePushService
0x0000000006f41000 	/System/Library/PrivateFrameworks/GeoServices.framework/Versions/A/GeoServices
0x0000000006f41000 	/System/Library/PrivateFrameworks/OAuth.framework/Versions/A/OAuth
0x0000000006f41000 	/System/Library/PrivateFrameworks/CoreDaemon.framework/Versions/B/CoreDaemon
0x0000000006f41000 	/usr/lib/libcrypto.0.9.8.dylib
0x0000000006f41000 	/System/Library/PrivateFrameworks/AppleSRP.framework/Versions/A/AppleSRP
0x0000000006f41000 	/System/Library/PrivateFrameworks/TrustEvaluationAgent.framework/Versions/A/TrustEvaluationAgent
0x0000000006f41000 	/System/Library/Frameworks/CoreGraphics.framework/Versions/A/Resources/libCGCMS.A.dylib
0x0000000006f41000 	/System/Library/Frameworks/CoreGraphics.framework/Versions/A/Resources/libRIP.A.dylib
0x0000000006f41000 	/System/Library/Frameworks/CoreGraphics.framework/Versions/A/Resources/libCGXType.A.dylib
0x0000000006f41000 	/System/Library/Frameworks/OpenCL.framework/Versions/A/Libraries/libcldcpuengine.dylib
0x0000000006f41000 	/System/Library/PrivateFrameworks/DiskImages.framework/Versions/A/DiskImages
0x0000000006f41000 	/System/Library/Frameworks/DiscRecording.framework/Versions/A/DiscRecording
0x0000000006f41000 	/usr/lib/libcsfde.dylib
0x0000000006f41000 	/usr/lib/libcurl.4.dylib
0x0000000006f41000 	/System/Library/PrivateFrameworks/MediaKit.framework/Versions/A/MediaKit
0x0000000006f41000 	/System/Library/PrivateFrameworks/ProtectedCloudStorage.framework/Versions/A/ProtectedCloudStorage
0x0000000006f41000 	/usr/lib/libCoreStorage.dylib
0x0000000006f41000 	/System/Library/PrivateFrameworks/EFILogin.framework/Versions/A/EFILogin
0x0000000006f41000 	/usr/lib/libutil.dylib
0x0000000006f41000 	/System/Library/PrivateFrameworks/FindMyDevice.framework/Versions/A/FindMyDevice
0x0000000006f41000 	/System/Library/Frameworks/LDAP.framework/Versions/A/LDAP
0x0000000006f41000 	/usr/lib/libsasl2.2.dylib
0x00000001211e2000 	cl_kernels
0x00000001211e4000 	/System/Library/Frameworks/OpenCL.framework/Versions/A/Libraries/ImageFormats/unorm8_bgra.dylib
0x00000001211d3000 	cl_kernels
0x0000000006f41000 	/System/Library/PrivateFrameworks/FamilyControls.framework/Versions/A/FamilyControls
0x0000000006f41000 	/System/Library/PrivateFrameworks/CommerceKit.framework/Versions/A/Frameworks/CommerceCore.framework/Versions/A/CommerceCore
0x0000000006f41000 	/System/Library/PrivateFrameworks/SystemAdministration.framework/Versions/A/SystemAdministration
0x0000000006f41000 	/System/Library/PrivateFrameworks/AppContainer.framework/Versions/A/AppContainer
0x0000000006f41000 	/System/Library/PrivateFrameworks/SecCodeWrapper.framework/Versions/A/SecCodeWrapper
0x0000000006f41000 	/System/Library/Frameworks/DirectoryService.framework/Versions/A/DirectoryService
0x0000000006f41000 	/System/Library/PrivateFrameworks/LoginUIKit.framework/Versions/A/Frameworks/LoginUICore.framework/Versions/A/LoginUICore
0x0000000006f41000 	/usr/lib/libodfde.dylib
0x00000001223aa000 	/Library/Java/JavaVirtualMachines/jdk1.8.0_05.jdk/Contents/Home/jre/lib/libfontmanager.dylib
0x0000000122410000 	/Users/CandyFace/Github-Projects/OOSE2015/native/macosx/liblwjgl.dylib
0x0000000120715000 	/Library/Java/JavaVirtualMachines/jdk1.8.0_05.jdk/Contents/Home/jre/lib/libjawt.dylib
0x0000000006f41000 	/System/Library/Frameworks/OpenGL.framework/Versions/A/Resources/GLEngine.bundle/GLEngine
0x0000000006f41000 	/System/Library/Frameworks/OpenGL.framework/Versions/A/Libraries/libGLProgrammability.dylib
0x0000000000000000 	/System/Library/Extensions/AppleIntelHD5000GraphicsGLDriver.bundle/Contents/MacOS/AppleIntelHD5000GraphicsGLDriver
0x0000000006f41000 	/System/Library/PrivateFrameworks/IOAccelerator.framework/Versions/A/IOAccelerator
0x0000000006f41000 	/System/Library/PrivateFrameworks/GPUSupport.framework/Versions/A/Libraries/libGPUSupportMercury.dylib
0x0000000006f41000 	/System/Library/Frameworks/OpenGL.framework/Versions/A/Resources/GLRendererFloat.bundle/GLRendererFloat
0x0000000122bcc000 	/Users/CandyFace/Github-Projects/OOSE2015/native/macosx/libjinput-osx.dylib
0x0000000122bd1000 	/System/Library/Extensions/IOHIDFamily.kext/Contents/PlugIns/IOHIDLib.plugin/Contents/MacOS/IOHIDLib
0x000000012346d000 	/Library/Java/JavaVirtualMachines/jdk1.8.0_05.jdk/Contents/Home/jre/lib/libnio.dylib
0x000000012347c000 	/Library/Java/JavaVirtualMachines/jdk1.8.0_05.jdk/Contents/Home/jre/lib/./libnet.dylib

VM Arguments:
jvm_args: -Djava.library.path=/Users/CandyFace/Github-Projects/OOSE2015/native/macosx -Dfile.encoding=UTF-8 
java_command: example.SimpleSlickGame
java_class_path (initial): /Users/CandyFace/Github-Projects/OOSE2015/bin:/Users/CandyFace/Github-Projects/OOSE2015/lib/ibxm.jar:/Users/CandyFace/Github-Projects/OOSE2015/lib/jinput.jar:/Users/CandyFace/Github-Projects/OOSE2015/lib/jogg-0.0.7.jar:/Users/CandyFace/Github-Projects/OOSE2015/lib/jorbis-0.0.15.jar:/Users/CandyFace/Github-Projects/OOSE2015/lib/lwjgl_util.jar:/Users/CandyFace/Github-Projects/OOSE2015/lib/lwjgl.jar:/Users/CandyFace/Github-Projects/OOSE2015/lib/slick-examples.jar:/Users/CandyFace/Github-Projects/OOSE2015/lib/slick.jar:/Users/CandyFace/Github-Projects/OOSE2015/lib/tinylinepp.jar
Launcher Type: SUN_STANDARD

Environment Variables:
PATH=/usr/bin:/bin:/usr/sbin:/sbin
SHELL=/bin/bash
DISPLAY=/private/tmp/com.apple.launchd.JFlMGxtxj3/org.macosforge.xquartz:0

Signal Handlers:
SIGSEGV: [libjvm.dylib+0x55f7df], sa_mask[0]=0xfffefeff, sa_flags=0x00000043
SIGBUS: [libjvm.dylib+0x55f7df], sa_mask[0]=0xfffefeff, sa_flags=0x00000042
SIGFPE: [libjvm.dylib+0x442cfa], sa_mask[0]=0xfffefeff, sa_flags=0x00000042
SIGPIPE: [libjvm.dylib+0x442cfa], sa_mask[0]=0xfffefeff, sa_flags=0x00000042
SIGXFSZ: [libjvm.dylib+0x442cfa], sa_mask[0]=0xfffefeff, sa_flags=0x00000042
SIGILL: [libjvm.dylib+0x442cfa], sa_mask[0]=0xfffefeff, sa_flags=0x00000042
SIGUSR1: SIG_DFL, sa_mask[0]=0x00000000, sa_flags=0x00000000
SIGUSR2: [libjvm.dylib+0x442818], sa_mask[0]=0x00000004, sa_flags=0x00000042
SIGHUP: [libjvm.dylib+0x440ba5], sa_mask[0]=0xfffefeff, sa_flags=0x00000042
SIGINT: [libjvm.dylib+0x440ba5], sa_mask[0]=0xfffefeff, sa_flags=0x00000042
SIGTERM: [libjvm.dylib+0x440ba5], sa_mask[0]=0xfffefeff, sa_flags=0x00000042
SIGQUIT: [libjvm.dylib+0x440ba5], sa_mask[0]=0xfffefeff, sa_flags=0x00000042


---------------  S Y S T E M  ---------------

OS:Bsduname:Darwin 14.1.0 Darwin Kernel Version 14.1.0: Mon Dec 22 23:10:38 PST 2014; root:xnu-2782.10.72~2/RELEASE_X86_64 x86_64
rlimit: STACK 8192k, CORE 0k, NPROC 709, NOFILE 10240, AS infinity
load average:1.54 1.84 1.92

CPU:total 4 (2 cores per cpu, 2 threads per core) family 6 model 69 stepping 1, cmov, cx8, fxsr, mmx, sse, sse2, sse3, ssse3, sse4.1, sse4.2, popcnt, avx, avx2, aes, clmul, erms, ht, tsc, tscinvbit

Memory: 4k page, physical 8388608k(39204k free)

/proc/meminfo:


vm_info: Java HotSpot(TM) 64-Bit Server VM (25.5-b02) for bsd-amd64 JRE (1.8.0_05-b13), built on Mar 18 2014 00:36:13 by "java_re" with gcc 4.2.1 (Based on Apple Inc. build 5658) (LLVM build 2336.11.00)

time: Tue Mar 17 11:17:02 2015
elapsed time: 13 seconds

