#
# A fatal error has been detected by the Java Runtime Environment:
#
#  SIGSEGV (0xb) at pc=0x00007fff81ab98f2, pid=33251, tid=1811
#
# JRE version: Java(TM) SE Runtime Environment (8.0_05-b13) (build 1.8.0_05-b13)
# Java VM: Java HotSpot(TM) 64-Bit Server VM (25.5-b02 mixed mode bsd-amd64 compressed oops)
# Problematic frame:
# C  [libGPUSupportMercury.dylib+0xb8f2]  gldAttachDrawable+0x60
#
# Failed to write core dump. Core dumps have been disabled. To enable core dumping, try "ulimit -c unlimited" before starting Java again
#
# If you would like to submit a bug report, please visit:
#   http://bugreport.sun.com/bugreport/crash.jsp
# The crash happened outside the Java Virtual Machine in native code.
# See problematic frame for where to report the bug.
#

---------------  T H R E A D  ---------------

Current thread (0x00007fd7ec87a800):  JavaThread "AppKit Thread" daemon [_thread_in_native, id=1811, stack(0x00007fff5657c000,0x00007fff56d7c000)]

siginfo:si_signo=SIGSEGV: si_errno=0, si_code=0 (SEGV0), si_addr=0x0000000000000000

Registers:
RAX=0x4000000000000000, RBX=0x000000000000271e, RCX=0x0000000000000000, RDX=0x00007fd7ebf6cb18
RSP=0x00007fff56d75660, RBP=0x00007fff56d75760, RSI=0x0000000000000050, RDI=0x00007fff72fb2070
R8 =0x00007fd7ef009e60, R9 =0x00007fd7ee800000, R10=0x000000000000003c, R11=0x0000000000000206
R12=0x0000000000002718, R13=0x00007fd7ec1ef400, R14=0x0000000000000050, R15=0x0000000000000000
RIP=0x00007fff81ab98f2, EFLAGS=0x0000000000010212, ERR=0x0000000000000000
  TRAPNO=0x000000000000000d

Top of Stack: (sp=0x00007fff56d75660)
0x00007fff56d75660:   00007fff56d756d4 00007fd7ebc27810
0x00007fff56d75670:   ffffffffffffffff 0000206000000040
0x00007fff56d75680:   00007fd7ebc27828 00007fff8168b64f
0x00007fff56d75690:   0000000000000000 4000000000000000
0x00007fff56d756a0:   0000000300000003 00007fff56d757e8
0x00007fff56d756b0:   00007fff56d75774 000000000004e533
0x00007fff56d756c0:   00007fff56d7576c 00007fff56d75770
0x00007fff56d756d0:   00007fff56d75750 00007fff85b4cf1e
0x00007fff56d756e0:   0000000000000000 0000000000004452
0x00007fff56d756f0:   0000003400001200 0000040b00000000
0x00007fff56d75700:   00007fff56d75730 00007fff85aff2fe
0x00007fff56d75710:   00007fff56d757a8 0000000000004452
0x00007fff56d75720:   00007fff56d75760 000000003b7b5ed5
0x00007fff56d75730:   3a001542f067fbf5 00007fd7ef000000
0x00007fff56d75740:   0000000000002718 0000000000000000
0x00007fff56d75750:   0000000000000050 0000000000000000
0x00007fff56d75760:   00007fff56d757b0 00007fff84d317e8
0x00007fff56d75770:   00007fd7ef009e60 0000000000000000
0x00007fff56d75780:   00007fd7ebf6cb18 00007fd7ebd70f10
0x00007fff56d75790:   0000000000000000 00007fd7ec1ed350
0x00007fff56d757a0:   00007fd7ec1eb400 00007fff72fb2070
0x00007fff56d757b0:   00007fff56d758a0 00007fff8c9f17ac
0x00007fff56d757c0:   408c200000000000 4079000000000000
0x00007fff56d757d0:   4067800000000000 4084000000000000
0x00007fff56d757e0:   407f600000000000 0000000000000000
0x00007fff56d757f0:   4036000000000000 4084000000000000
0x00007fff56d75800:   407e000000000000 0000000000000000
0x00007fff56d75810:   0000000000000000 0000000000000001
0x00007fff56d75820:   00007fd7ebf6cb18 0000000000000001
0x00007fff56d75830:   00007fff56d758a0 00007fff8c9f664c
0x00007fff56d75840:   0000000100000003 00007fd7ec1ed350
0x00007fff56d75850:   00007fd7ec1ed288 00000002848fffff 

Instructions: (pc=0x00007fff81ab98f2)
0x00007fff81ab98d2:   48 85 d2 b8 01 00 00 00 bb 15 27 00 00 0f 44 d8
0x00007fff81ab98e2:   e9 7f 01 00 00 49 8b 45 08 48 89 85 38 ff ff ff
0x00007fff81ab98f2:   48 8b 00 48 89 85 30 ff ff ff 83 fe 4f 0f 8f fd
0x00007fff81ab9902:   00 00 00 48 89 d0 bb 15 27 00 00 83 fe 35 0f 84 

Register to memory mapping:

RAX=0x4000000000000000 is an unknown value
RBX=0x000000000000271e is an unknown value
RCX=0x0000000000000000 is an unknown value
RDX=0x00007fd7ebf6cb18 is an unknown value
RSP=0x00007fff56d75660 is pointing into the stack for thread: 0x00007fd7ec87a800
RBP=0x00007fff56d75760 is pointing into the stack for thread: 0x00007fd7ec87a800
RSI=0x0000000000000050 is an unknown value
RDI=0x00007fff72fb2070: __stack_chk_guard+0 in /usr/lib/system/libsystem_c.dylib at 0x00007fff8b31a000
R8 =0x00007fd7ef009e60 is an unknown value
R9 =0x00007fd7ee800000 is an unknown value
R10=0x000000000000003c is an unknown value
R11=0x0000000000000206 is an unknown value
R12=0x0000000000002718 is an unknown value
R13=0x00007fd7ec1ef400 is an unknown value
R14=0x0000000000000050 is an unknown value
R15=0x0000000000000000 is an unknown value


Stack: [0x00007fff5657c000,0x00007fff56d7c000],  sp=0x00007fff56d75660,  free space=8165k
Native frames: (J=compiled Java code, j=interpreted, Vv=VM code, C=native code)
C  [libGPUSupportMercury.dylib+0xb8f2]  gldAttachDrawable+0x60
C  [GLEngine+0x167e8]  gliAttachDrawableWithOptions+0x101
C  [OpenGL+0x37ac]  glcGetIOAccelService+0xe03
C  [OpenGL+0x73f3]  CGLSetPBuffer+0xb90
C  [OpenGL+0x7716]  CGLSetSurface+0x124
C  [AppKit+0x57e567]  NSOpenGLContextAttachOnScreenViewSurface+0x109
C  [AppKit+0x2c669b]  -[NSOpenGLContext setView:]+0x83
C  [liblwjgl.dylib+0xa586]  -[MacOSXOpenGLView lockFocus]+0x76
C  [AppKit+0x14e3c5]  -[NSView _recursiveDisplayRectIfNeededIgnoringOpacity:isVisibleRect:rectIsVisibleRectForView:topView:]+0x740
C  [AppKit+0x14f420]  -[NSView _recursiveDisplayRectIfNeededIgnoringOpacity:isVisibleRect:rectIsVisibleRectForView:topView:]+0x179b
C  [AppKit+0x14d773]  -[NSThemeFrame _recursiveDisplayRectIfNeededIgnoringOpacity:isVisibleRect:rectIsVisibleRectForView:topView:]+0x14d
C  [AppKit+0x14a2cb]  -[NSView _displayRectIgnoringOpacity:isVisibleRect:rectIsVisibleRectForView:]+0xac9
C  [AppKit+0x128e2d]  -[NSView displayIfNeeded]+0x754
C  [AppKit+0x1461c5]  -[NSWindow displayIfNeeded]+0xe8
C  [AppKit+0x183322]  _handleWindowNeedsDisplayOrLayoutOrUpdateConstraints+0x3a8
C  [Foundation+0x66db3]  __NSFireTimer+0x5f
C  [CoreFoundation+0xb5b64]  __CFRUNLOOP_IS_CALLING_OUT_TO_A_TIMER_CALLBACK_FUNCTION__+0x14
C  [CoreFoundation+0xb57f3]  __CFRunLoopDoTimer+0x423
C  [CoreFoundation+0x128dbd]  __CFRunLoopDoTimers+0x12d
C  [CoreFoundation+0x72288]  __CFRunLoopRun+0x7e8
C  [CoreFoundation+0x71858]  CFRunLoopRunSpecific+0x128
C  [HIToolbox+0x2eaef]  RunCurrentEventLoopInMode+0xeb
C  [HIToolbox+0x2e86a]  ReceiveNextEventCommon+0x1af
C  [HIToolbox+0x2e6ab]  _BlockUntilNextEventMatchingListInModeWithFilter+0x47
C  [AppKit+0x23f81]  _DPSNextEvent+0x3c4
C  [AppKit+0x23730]  -[NSApplication nextEventMatchingMask:untilDate:inMode:dequeue:]+0xc2
C  [libosxapp.dylib+0x242a]  -[NSApplicationAWT nextEventMatchingMask:untilDate:inMode:dequeue:]+0x7c
C  [AppKit+0x17593]  -[NSApplication run]+0x252
C  [libosxapp.dylib+0x223e]  +[NSApplicationAWT runAWTLoopWithApp:]+0x9c
C  [libawt_lwawt.dylib+0x439cf]  -[AWTStarter starter:]+0x389
C  [Foundation+0x65cdc]  __NSThreadPerformPerform+0x125
C  [CoreFoundation+0x80681]  __CFRUNLOOP_IS_CALLING_OUT_TO_A_SOURCE0_PERFORM_FUNCTION__+0x11
C  [CoreFoundation+0x7280d]  __CFRunLoopDoSources0+0x10d
C  [CoreFoundation+0x71e3f]  __CFRunLoopRun+0x39f
C  [CoreFoundation+0x71858]  CFRunLoopRunSpecific+0x128
C  [java+0x56cb]  CreateExecutionEnvironment+0x367
C  [java+0x166c]  JLI_Launch+0x7a0
C  [java+0x7689]  main+0x65
C  [java+0xec4]  start+0x34


---------------  P R O C E S S  ---------------

Java Threads: ( => current thread )
  0x00007fd7ec270800 JavaThread "Java2D Queue Flusher" daemon [_thread_blocked, id=53511, stack(0x000000012736c000,0x000000012746c000)]
  0x00007fd7ed8fc000 JavaThread "Java2D Disposer" daemon [_thread_blocked, id=49703, stack(0x0000000127269000,0x0000000127369000)]
  0x00007fd7ed85a800 JavaThread "AWT-Shutdown" [_thread_blocked, id=29191, stack(0x000000012407d000,0x000000012417d000)]
=>0x00007fd7ec87a800 JavaThread "AppKit Thread" daemon [_thread_in_native, id=1811, stack(0x00007fff5657c000,0x00007fff56d7c000)]
  0x00007fd7ed801800 JavaThread "Service Thread" daemon [_thread_blocked, id=18179, stack(0x000000012247a000,0x000000012257a000)]
  0x00007fd7ec858000 JavaThread "C1 CompilerThread2" daemon [_thread_blocked, id=17667, stack(0x0000000122377000,0x0000000122477000)]
  0x00007fd7ec857800 JavaThread "C2 CompilerThread1" daemon [_thread_blocked, id=17155, stack(0x0000000122274000,0x0000000122374000)]
  0x00007fd7ed801000 JavaThread "C2 CompilerThread0" daemon [_thread_blocked, id=16643, stack(0x0000000122171000,0x0000000122271000)]
  0x00007fd7ed806000 JavaThread "Signal Dispatcher" daemon [_thread_blocked, id=13335, stack(0x000000012206e000,0x000000012216e000)]
  0x00007fd7ed00a800 JavaThread "Finalizer" daemon [_thread_blocked, id=11523, stack(0x0000000120735000,0x0000000120835000)]
  0x00007fd7ed00a000 JavaThread "Reference Handler" daemon [_thread_blocked, id=11011, stack(0x0000000120632000,0x0000000120732000)]
  0x00007fd7ec807800 JavaThread "main" [_thread_in_native, id=4867, stack(0x000000010a6c1000,0x000000010a7c1000)]

Other Threads:
  0x00007fd7ec840000 VMThread [stack: 0x000000012052f000,0x000000012062f000] [id=10499]
  0x00007fd7ed81f000 WatcherThread [stack: 0x000000012257d000,0x000000012267d000] [id=18691]

VM state:not at safepoint (normal execution)

VM Mutex/Monitor currently owned by a thread: None

Heap:
 PSYoungGen      total 15360K, used 7964K [0x0000000795580000, 0x0000000796a00000, 0x00000007c0000000)
  eden space 11264K, 43% used [0x0000000795580000,0x0000000795a55ab0,0x0000000796080000)
  from space 4096K, 73% used [0x0000000796500000,0x00000007967f1810,0x0000000796900000)
  to   space 4608K, 0% used [0x0000000796080000,0x0000000796080000,0x0000000796500000)
 ParOldGen       total 129536K, used 8492K [0x0000000740000000, 0x0000000747e80000, 0x0000000795580000)
  object space 129536K, 6% used [0x0000000740000000,0x000000074084b130,0x0000000747e80000)
 Metaspace       used 9154K, capacity 9337K, committed 9472K, reserved 1058816K
  class space    used 969K, capacity 1021K, committed 1024K, reserved 1048576K

Card table byte_map: [0x0000000119b83000,0x0000000119f84000] byte_map_base: 0x0000000116183000

Marking Bits: (ParMarkBitMap*) 0x000000010a0660a0
 Begin Bits: [0x000000011a63b000, 0x000000011c63b000)
 End Bits:   [0x000000011c63b000, 0x000000011e63b000)

Polling page: 0x0000000108fdb000

CodeCache: size=245760Kb used=3801Kb max_used=3806Kb free=241958Kb
 bounds [0x000000010a7c3000, 0x000000010ab83000, 0x00000001197c3000]
 total_blobs=1459 nmethods=956 adapters=419
 compilation: enabled

Compilation events (10 events):
Event: 19.297 Thread 0x00007fd7ec858000  953       3       java.nio.HeapByteBuffer::putLong (21 bytes)
Event: 19.298 Thread 0x00007fd7ec858000 nmethod 953 0x000000010ab5e410 code [0x000000010ab5e5a0, 0x000000010ab5e948]
Event: 19.298 Thread 0x00007fd7ec858000  954       3       java.nio.Bits::putLong (21 bytes)
Event: 19.298 Thread 0x00007fd7ec858000 nmethod 954 0x000000010ab59b10 code [0x000000010ab59c80, 0x000000010ab59e58]
Event: 19.298 Thread 0x00007fd7ec858000  955       3       java.nio.Bits::long3 (7 bytes)
Event: 19.298 Thread 0x00007fd7ec858000 nmethod 955 0x000000010ab5e110 code [0x000000010ab5e260, 0x000000010ab5e390]
Event: 19.332 Thread 0x00007fd7ec858000  956       3       java.nio.HeapByteBuffer::getLong (19 bytes)
Event: 19.332 Thread 0x00007fd7ec858000 nmethod 956 0x000000010ab57810 code [0x000000010ab579a0, 0x000000010ab57d28]
Event: 19.332 Thread 0x00007fd7ec858000  957       3       java.nio.Bits::getLong (18 bytes)
Event: 19.333 Thread 0x00007fd7ec858000 nmethod 957 0x000000010ab5dd10 code [0x000000010ab5de80, 0x000000010ab5e058]

GC Heap History (10 events):
Event: 0.586 GC heap before
{Heap before GC invocations=6 (full 0):
 PSYoungGen      total 2560K, used 2559K [0x0000000795580000, 0x0000000795c80000, 0x00000007c0000000)
  eden space 2048K, 100% used [0x0000000795580000,0x0000000795780000,0x0000000795780000)
  from space 512K, 99% used [0x0000000795780000,0x00000007957ffc10,0x0000000795800000)
  to   space 1536K, 0% used [0x0000000795b00000,0x0000000795b00000,0x0000000795c80000)
 ParOldGen       total 129536K, used 1141K [0x0000000740000000, 0x0000000747e80000, 0x0000000795580000)
  object space 129536K, 0% used [0x0000000740000000,0x000000074011d7e8,0x0000000747e80000)
 Metaspace       used 6277K, capacity 6411K, committed 6656K, reserved 1056768K
  class space    used 638K, capacity 690K, committed 768K, reserved 1048576K
Event: 0.587 GC heap after
Heap after GC invocations=6 (full 0):
 PSYoungGen      total 5632K, used 1047K [0x0000000795580000, 0x0000000795c80000, 0x00000007c0000000)
  eden space 4096K, 0% used [0x0000000795580000,0x0000000795580000,0x0000000795980000)
  from space 1536K, 68% used [0x0000000795b00000,0x0000000795c05dd8,0x0000000795c80000)
  to   space 1536K, 0% used [0x0000000795980000,0x0000000795980000,0x0000000795b00000)
 ParOldGen       total 129536K, used 1141K [0x0000000740000000, 0x0000000747e80000, 0x0000000795580000)
  object space 129536K, 0% used [0x0000000740000000,0x000000074011d7e8,0x0000000747e80000)
 Metaspace       used 6277K, capacity 6411K, committed 6656K, reserved 1056768K
  class space    used 638K, capacity 690K, committed 768K, reserved 1048576K
}
Event: 1.143 GC heap before
{Heap before GC invocations=7 (full 0):
 PSYoungGen      total 5632K, used 5143K [0x0000000795580000, 0x0000000795c80000, 0x00000007c0000000)
  eden space 4096K, 100% used [0x0000000795580000,0x0000000795980000,0x0000000795980000)
  from space 1536K, 68% used [0x0000000795b00000,0x0000000795c05dd8,0x0000000795c80000)
  to   space 1536K, 0% used [0x0000000795980000,0x0000000795980000,0x0000000795b00000)
 ParOldGen       total 129536K, used 1141K [0x0000000740000000, 0x0000000747e80000, 0x0000000795580000)
  object space 129536K, 0% used [0x0000000740000000,0x000000074011d7e8,0x0000000747e80000)
 Metaspace       used 6581K, capacity 6711K, committed 6912K, reserved 1056768K
  class space    used 674K, capacity 724K, committed 768K, reserved 1048576K
Event: 1.148 GC heap after
Heap after GC invocations=7 (full 0):
 PSYoungGen      total 5632K, used 1526K [0x0000000795580000, 0x0000000796280000, 0x00000007c0000000)
  eden space 4096K, 0% used [0x0000000795580000,0x0000000795580000,0x0000000795980000)
  from space 1536K, 99% used [0x0000000795980000,0x0000000795afd858,0x0000000795b00000)
  to   space 2560K, 0% used [0x0000000796000000,0x0000000796000000,0x0000000796280000)
 ParOldGen       total 129536K, used 2775K [0x0000000740000000, 0x0000000747e80000, 0x0000000795580000)
  object space 129536K, 2% used [0x0000000740000000,0x00000007402b5e48,0x0000000747e80000)
 Metaspace       used 6581K, capacity 6711K, committed 6912K, reserved 1056768K
  class space    used 674K, capacity 724K, committed 768K, reserved 1048576K
}
Event: 1.331 GC heap before
{Heap before GC invocations=8 (full 0):
 PSYoungGen      total 5632K, used 5622K [0x0000000795580000, 0x0000000796280000, 0x00000007c0000000)
  eden space 4096K, 100% used [0x0000000795580000,0x0000000795980000,0x0000000795980000)
  from space 1536K, 99% used [0x0000000795980000,0x0000000795afd858,0x0000000795b00000)
  to   space 2560K, 0% used [0x0000000796000000,0x0000000796000000,0x0000000796280000)
 ParOldGen       total 129536K, used 2775K [0x0000000740000000, 0x0000000747e80000, 0x0000000795580000)
  object space 129536K, 2% used [0x0000000740000000,0x00000007402b5e48,0x0000000747e80000)
 Metaspace       used 9003K, capacity 9209K, committed 9216K, reserved 1056768K
  class space    used 965K, capacity 1021K, committed 1024K, reserved 1048576K
Event: 1.337 GC heap after
Heap after GC invocations=8 (full 0):
 PSYoungGen      total 9728K, used 2548K [0x0000000795580000, 0x0000000796480000, 0x00000007c0000000)
  eden space 7168K, 0% used [0x0000000795580000,0x0000000795580000,0x0000000795c80000)
  from space 2560K, 99% used [0x0000000796000000,0x000000079627d308,0x0000000796280000)
  to   space 3584K, 0% used [0x0000000795c80000,0x0000000795c80000,0x0000000796000000)
 ParOldGen       total 129536K, used 3861K [0x0000000740000000, 0x0000000747e80000, 0x0000000795580000)
  object space 129536K, 2% used [0x0000000740000000,0x00000007403c5748,0x0000000747e80000)
 Metaspace       used 9003K, capacity 9209K, committed 9216K, reserved 1056768K
  class space    used 965K, capacity 1021K, committed 1024K, reserved 1048576K
}
Event: 1.393 GC heap before
{Heap before GC invocations=9 (full 0):
 PSYoungGen      total 9728K, used 9716K [0x0000000795580000, 0x0000000796480000, 0x00000007c0000000)
  eden space 7168K, 100% used [0x0000000795580000,0x0000000795c80000,0x0000000795c80000)
  from space 2560K, 99% used [0x0000000796000000,0x000000079627d308,0x0000000796280000)
  to   space 3584K, 0% used [0x0000000795c80000,0x0000000795c80000,0x0000000796000000)
 ParOldGen       total 129536K, used 3861K [0x0000000740000000, 0x0000000747e80000, 0x0000000795580000)
  object space 129536K, 2% used [0x0000000740000000,0x00000007403c5748,0x0000000747e80000)
 Metaspace       used 9015K, capacity 9209K, committed 9216K, reserved 1056768K
  class space    used 965K, capacity 1021K, committed 1024K, reserved 1048576K
Event: 1.396 GC heap after
Heap after GC invocations=9 (full 0):
 PSYoungGen      total 10752K, used 3326K [0x0000000795580000, 0x0000000796900000, 0x00000007c0000000)
  eden space 7168K, 0% used [0x0000000795580000,0x0000000795580000,0x0000000795c80000)
  from space 3584K, 92% used [0x0000000795c80000,0x0000000795fbfac0,0x0000000796000000)
  to   space 4096K, 0% used [0x0000000796500000,0x0000000796500000,0x0000000796900000)
 ParOldGen       total 129536K, used 4179K [0x0000000740000000, 0x0000000747e80000, 0x0000000795580000)
  object space 129536K, 3% used [0x0000000740000000,0x0000000740414db0,0x0000000747e80000)
 Metaspace       used 9015K, capacity 9209K, committed 9216K, reserved 1056768K
  class space    used 965K, capacity 1021K, committed 1024K, reserved 1048576K
}
Event: 1.447 GC heap before
{Heap before GC invocations=10 (full 0):
 PSYoungGen      total 10752K, used 10494K [0x0000000795580000, 0x0000000796900000, 0x00000007c0000000)
  eden space 7168K, 100% used [0x0000000795580000,0x0000000795c80000,0x0000000795c80000)
  from space 3584K, 92% used [0x0000000795c80000,0x0000000795fbfac0,0x0000000796000000)
  to   space 4096K, 0% used [0x0000000796500000,0x0000000796500000,0x0000000796900000)
 ParOldGen       total 129536K, used 4179K [0x0000000740000000, 0x0000000747e80000, 0x0000000795580000)
  object space 129536K, 3% used [0x0000000740000000,0x0000000740414db0,0x0000000747e80000)
 Metaspace       used 9028K, capacity 9209K, committed 9216K, reserved 1056768K
  class space    used 966K, capacity 1021K, committed 1024K, reserved 1048576K
Event: 1.457 GC heap after
Heap after GC invocations=10 (full 0):
 PSYoungGen      total 15360K, used 3014K [0x0000000795580000, 0x0000000796a00000, 0x00000007c0000000)
  eden space 11264K, 0% used [0x0000000795580000,0x0000000795580000,0x0000000796080000)
  from space 4096K, 73% used [0x0000000796500000,0x00000007967f1810,0x0000000796900000)
  to   space 4608K, 0% used [0x0000000796080000,0x0000000796080000,0x0000000796500000)
 ParOldGen       total 129536K, used 8492K [0x0000000740000000, 0x0000000747e80000, 0x0000000795580000)
  object space 129536K, 6% used [0x0000000740000000,0x000000074084b130,0x0000000747e80000)
 Metaspace       used 9028K, capacity 9209K, committed 9216K, reserved 1056768K
  class space    used 966K, capacity 1021K, committed 1024K, reserved 1048576K
}

Deoptimization events (4 events):
Event: 1.214 Thread 0x00007fd7ec807800 Uncommon trap: reason=class_check action=maybe_recompile pc=0x000000010a9e2358 method=java.util.HashMap.putVal(ILjava/lang/Object;Ljava/lang/Object;ZZ)Ljava/lang/Object; @ 253
Event: 1.214 Thread 0x00007fd7ec807800 Uncommon trap: reason=class_check action=maybe_recompile pc=0x000000010a9e2358 method=java.util.HashMap.putVal(ILjava/lang/Object;Ljava/lang/Object;ZZ)Ljava/lang/Object; @ 253
Event: 1.214 Thread 0x00007fd7ec807800 Uncommon trap: reason=class_check action=maybe_recompile pc=0x000000010a9e2358 method=java.util.HashMap.putVal(ILjava/lang/Object;Ljava/lang/Object;ZZ)Ljava/lang/Object; @ 253
Event: 1.214 Thread 0x00007fd7ec807800 Uncommon trap: reason=class_check action=maybe_recompile pc=0x000000010a9e2358 method=java.util.HashMap.putVal(ILjava/lang/Object;Ljava/lang/Object;ZZ)Ljava/lang/Object; @ 253

Internal exceptions (10 events):
Event: 0.688 Thread 0x00007fd7ec807800 Exception <a 'java/security/PrivilegedActionException'> (0x00000007957ca5c8) thrown at [/HUDSON/workspace/8-2-build-macosx-x86_64/jdk8u5/2488/hotspot/src/share/vm/prims/jvm.cpp, line 1248]
Event: 0.690 Thread 0x00007fd7ec807800 Exception <a 'java/security/PrivilegedActionException'> (0x00000007957d3ad0) thrown at [/HUDSON/workspace/8-2-build-macosx-x86_64/jdk8u5/2488/hotspot/src/share/vm/prims/jvm.cpp, line 1248]
Event: 0.690 Thread 0x00007fd7ec807800 Exception <a 'java/security/PrivilegedActionException'> (0x00000007957d7e08) thrown at [/HUDSON/workspace/8-2-build-macosx-x86_64/jdk8u5/2488/hotspot/src/share/vm/prims/jvm.cpp, line 1248]
Event: 0.691 Thread 0x00007fd7ec807800 Exception <a 'java/security/PrivilegedActionException'> (0x00000007957db688) thrown at [/HUDSON/workspace/8-2-build-macosx-x86_64/jdk8u5/2488/hotspot/src/share/vm/prims/jvm.cpp, line 1248]
Event: 0.691 Thread 0x00007fd7ec807800 Exception <a 'java/security/PrivilegedActionException'> (0x00000007957e1688) thrown at [/HUDSON/workspace/8-2-build-macosx-x86_64/jdk8u5/2488/hotspot/src/share/vm/prims/jvm.cpp, line 1248]
Event: 1.179 Thread 0x00007fd7ec807800 Exception <a 'java/security/PrivilegedActionException'> (0x00000007956a0888) thrown at [/HUDSON/workspace/8-2-build-macosx-x86_64/jdk8u5/2488/hotspot/src/share/vm/prims/jvm.cpp, line 1248]
Event: 1.467 Thread 0x00007fd7ec807800 Exception <a 'java/security/PrivilegedActionException'> (0x0000000795850778) thrown at [/HUDSON/workspace/8-2-build-macosx-x86_64/jdk8u5/2488/hotspot/src/share/vm/prims/jvm.cpp, line 1248]
Event: 1.511 Thread 0x00007fd7ec807800 Exception <a 'java/security/PrivilegedActionException'> (0x000000079585dd50) thrown at [/HUDSON/workspace/8-2-build-macosx-x86_64/jdk8u5/2488/hotspot/src/share/vm/prims/jvm.cpp, line 1248]
Event: 1.513 Thread 0x00007fd7ec807800 Exception <a 'java/security/PrivilegedActionException'> (0x0000000795866230) thrown at [/HUDSON/workspace/8-2-build-macosx-x86_64/jdk8u5/2488/hotspot/src/share/vm/prims/jvm.cpp, line 1248]
Event: 20.757 Thread 0x00007fd7ec807800 Exception <a 'java/security/PrivilegedActionException'> (0x0000000795a383d0) thrown at [/HUDSON/workspace/8-2-build-macosx-x86_64/jdk8u5/2488/hotspot/src/share/vm/prims/jvm.cpp, line 1248]

Events (10 events):
Event: 1.501 Thread 0x00007fd7ec807800 DEOPT PACKING pc=0x000000010a9c0b53 sp=0x000000010a7bffe0
Event: 1.501 Thread 0x00007fd7ec807800 DEOPT UNPACKING pc=0x000000010a80a01a sp=0x000000010a7bfd10 mode 0
Event: 1.511 loading class org/newdawn/slick/Music
Event: 1.511 loading class org/newdawn/slick/Music done
Event: 1.513 loading class org/newdawn/slick/AngelCodeFont$DisplayList
Event: 1.513 loading class org/newdawn/slick/AngelCodeFont$DisplayList done
Event: 4.106 Executing VM operation: EnableBiasedLocking
Event: 4.106 Executing VM operation: EnableBiasedLocking done
Event: 20.756 loading class org/lwjgl/opengl/CallbackUtil
Event: 20.756 loading class org/lwjgl/opengl/CallbackUtil done


Dynamic libraries:
0x00000000014ba000 	/System/Library/Frameworks/Cocoa.framework/Versions/A/Cocoa
0x00000000014ba000 	/System/Library/Frameworks/Security.framework/Versions/A/Security
0x00000000014ba000 	/System/Library/Frameworks/ApplicationServices.framework/Versions/A/ApplicationServices
0x00000000014ba000 	/usr/lib/libz.1.dylib
0x00000000014ba000 	/usr/lib/libSystem.B.dylib
0x00000000014ba000 	/usr/lib/libobjc.A.dylib
0x00000000014ba000 	/System/Library/Frameworks/CoreFoundation.framework/Versions/A/CoreFoundation
0x00000000014ba000 	/System/Library/Frameworks/Foundation.framework/Versions/C/Foundation
0x00000000014ba000 	/System/Library/Frameworks/AppKit.framework/Versions/C/AppKit
0x00000000014ba000 	/System/Library/Frameworks/CoreData.framework/Versions/A/CoreData
0x00000000014ba000 	/System/Library/PrivateFrameworks/RemoteViewServices.framework/Versions/A/RemoteViewServices
0x00000000014ba000 	/System/Library/PrivateFrameworks/UIFoundation.framework/Versions/A/UIFoundation
0x00000000014ba000 	/System/Library/Frameworks/IOSurface.framework/Versions/A/IOSurface
0x00000000014ba000 	/System/Library/Frameworks/AudioToolbox.framework/Versions/A/AudioToolbox
0x00000000014ba000 	/System/Library/Frameworks/AudioUnit.framework/Versions/A/AudioUnit
0x00000000014ba000 	/System/Library/PrivateFrameworks/DataDetectorsCore.framework/Versions/A/DataDetectorsCore
0x00000000014ba000 	/System/Library/PrivateFrameworks/DesktopServicesPriv.framework/Versions/A/DesktopServicesPriv
0x00000000014ba000 	/System/Library/Frameworks/Carbon.framework/Versions/A/Frameworks/HIToolbox.framework/Versions/A/HIToolbox
0x00000000014ba000 	/System/Library/Frameworks/QuartzCore.framework/Versions/A/QuartzCore
0x00000000014ba000 	/System/Library/Frameworks/Carbon.framework/Versions/A/Frameworks/SpeechRecognition.framework/Versions/A/SpeechRecognition
0x00000000014ba000 	/usr/lib/libauto.dylib
0x00000000014ba000 	/usr/lib/libicucore.A.dylib
0x00000000014ba000 	/usr/lib/libxml2.2.dylib
0x00000000014ba000 	/System/Library/PrivateFrameworks/CoreUI.framework/Versions/A/CoreUI
0x00000000014ba000 	/System/Library/Frameworks/CoreAudio.framework/Versions/A/CoreAudio
0x00000000014ba000 	/System/Library/Frameworks/DiskArbitration.framework/Versions/A/DiskArbitration
0x00000000014ba000 	/usr/lib/liblangid.dylib
0x00000000014ba000 	/System/Library/PrivateFrameworks/MultitouchSupport.framework/Versions/A/MultitouchSupport
0x00000000014ba000 	/System/Library/Frameworks/IOKit.framework/Versions/A/IOKit
0x00000000014ba000 	/usr/lib/libDiagnosticMessagesClient.dylib
0x00000000014ba000 	/System/Library/Frameworks/CoreServices.framework/Versions/A/CoreServices
0x00000000014ba000 	/System/Library/PrivateFrameworks/PerformanceAnalysis.framework/Versions/A/PerformanceAnalysis
0x00000000014ba000 	/System/Library/PrivateFrameworks/GenerationalStorage.framework/Versions/A/GenerationalStorage
0x00000000014ba000 	/System/Library/Frameworks/OpenGL.framework/Versions/A/OpenGL
0x00000000014ba000 	/System/Library/PrivateFrameworks/Sharing.framework/Versions/A/Sharing
0x00000000014ba000 	/System/Library/Frameworks/CoreGraphics.framework/Versions/A/CoreGraphics
0x00000000014ba000 	/System/Library/Frameworks/CoreText.framework/Versions/A/CoreText
0x00000000014ba000 	/System/Library/Frameworks/ImageIO.framework/Versions/A/ImageIO
0x00000000014ba000 	/usr/lib/libextension.dylib
0x00000000014ba000 	/System/Library/PrivateFrameworks/Backup.framework/Versions/A/Backup
0x00000000014ba000 	/usr/lib/libarchive.2.dylib
0x00000000014ba000 	/System/Library/Frameworks/CFNetwork.framework/Versions/A/CFNetwork
0x00000000014ba000 	/System/Library/Frameworks/SystemConfiguration.framework/Versions/A/SystemConfiguration
0x00000000014ba000 	/usr/lib/libCRFSuite.dylib
0x00000000014ba000 	/usr/lib/libc++.1.dylib
0x00000000014ba000 	/usr/lib/libc++abi.dylib
0x00000000014ba000 	/usr/lib/system/libcache.dylib
0x00000000014ba000 	/usr/lib/system/libcommonCrypto.dylib
0x00000000014ba000 	/usr/lib/system/libcompiler_rt.dylib
0x00000000014ba000 	/usr/lib/system/libcopyfile.dylib
0x00000000014ba000 	/usr/lib/system/libcorecrypto.dylib
0x00000000014ba000 	/usr/lib/system/libdispatch.dylib
0x00000000014ba000 	/usr/lib/system/libdyld.dylib
0x00000000014ba000 	/usr/lib/system/libkeymgr.dylib
0x00000000014ba000 	/usr/lib/system/liblaunch.dylib
0x00000000014ba000 	/usr/lib/system/libmacho.dylib
0x00000000014ba000 	/usr/lib/system/libquarantine.dylib
0x00000000014ba000 	/usr/lib/system/libremovefile.dylib
0x00000000014ba000 	/usr/lib/system/libsystem_asl.dylib
0x00000000014ba000 	/usr/lib/system/libsystem_blocks.dylib
0x00000000014ba000 	/usr/lib/system/libsystem_c.dylib
0x00000000014ba000 	/usr/lib/system/libsystem_configuration.dylib
0x00000000014ba000 	/usr/lib/system/libsystem_coreservices.dylib
0x00000000014ba000 	/usr/lib/system/libsystem_coretls.dylib
0x00000000014ba000 	/usr/lib/system/libsystem_dnssd.dylib
0x00000000014ba000 	/usr/lib/system/libsystem_info.dylib
0x00000000014ba000 	/usr/lib/system/libsystem_kernel.dylib
0x00000000014ba000 	/usr/lib/system/libsystem_m.dylib
0x00000000014ba000 	/usr/lib/system/libsystem_malloc.dylib
0x00000000014ba000 	/usr/lib/system/libsystem_network.dylib
0x00000000014ba000 	/usr/lib/system/libsystem_networkextension.dylib
0x00000000014ba000 	/usr/lib/system/libsystem_notify.dylib
0x00000000014ba000 	/usr/lib/system/libsystem_platform.dylib
0x00000000014ba000 	/usr/lib/system/libsystem_pthread.dylib
0x00000000014ba000 	/usr/lib/system/libsystem_sandbox.dylib
0x00000000014ba000 	/usr/lib/system/libsystem_secinit.dylib
0x00000000014ba000 	/usr/lib/system/libsystem_stats.dylib
0x00000000014ba000 	/usr/lib/system/libsystem_trace.dylib
0x00000000014ba000 	/usr/lib/system/libunc.dylib
0x00000000014ba000 	/usr/lib/system/libunwind.dylib
0x00000000014ba000 	/usr/lib/system/libxpc.dylib
0x00000000014ba000 	/usr/lib/libbz2.1.0.dylib
0x00000000014ba000 	/usr/lib/liblzma.5.dylib
0x00000000014ba000 	/usr/lib/libbsm.0.dylib
0x00000000014ba000 	/usr/lib/libsqlite3.dylib
0x00000000014ba000 	/usr/lib/system/libkxld.dylib
0x00000000014ba000 	/usr/lib/libxar.1.dylib
0x00000000014ba000 	/usr/lib/libpam.2.dylib
0x00000000014ba000 	/usr/lib/libOpenScriptingUtil.dylib
0x00000000014ba000 	/System/Library/Frameworks/CoreServices.framework/Versions/A/Frameworks/FSEvents.framework/Versions/A/FSEvents
0x00000000014ba000 	/System/Library/Frameworks/CoreServices.framework/Versions/A/Frameworks/CarbonCore.framework/Versions/A/CarbonCore
0x00000000014ba000 	/System/Library/Frameworks/CoreServices.framework/Versions/A/Frameworks/Metadata.framework/Versions/A/Metadata
0x00000000014ba000 	/System/Library/Frameworks/CoreServices.framework/Versions/A/Frameworks/OSServices.framework/Versions/A/OSServices
0x00000000014ba000 	/System/Library/Frameworks/CoreServices.framework/Versions/A/Frameworks/SearchKit.framework/Versions/A/SearchKit
0x00000000014ba000 	/System/Library/Frameworks/CoreServices.framework/Versions/A/Frameworks/AE.framework/Versions/A/AE
0x00000000014ba000 	/System/Library/Frameworks/CoreServices.framework/Versions/A/Frameworks/LaunchServices.framework/Versions/A/LaunchServices
0x00000000014ba000 	/System/Library/Frameworks/CoreServices.framework/Versions/A/Frameworks/DictionaryServices.framework/Versions/A/DictionaryServices
0x00000000014ba000 	/System/Library/Frameworks/NetFS.framework/Versions/A/NetFS
0x00000000014ba000 	/System/Library/PrivateFrameworks/NetAuth.framework/Versions/A/NetAuth
0x00000000014ba000 	/System/Library/PrivateFrameworks/login.framework/Versions/A/Frameworks/loginsupport.framework/Versions/A/loginsupport
0x00000000014ba000 	/System/Library/PrivateFrameworks/TCC.framework/Versions/A/TCC
0x00000000014ba000 	/usr/lib/libmecabra.dylib
0x00000000014ba000 	/System/Library/Frameworks/ApplicationServices.framework/Versions/A/Frameworks/ATS.framework/Versions/A/ATS
0x00000000014ba000 	/System/Library/Frameworks/ApplicationServices.framework/Versions/A/Frameworks/ColorSync.framework/Versions/A/ColorSync
0x00000000014ba000 	/System/Library/Frameworks/ApplicationServices.framework/Versions/A/Frameworks/HIServices.framework/Versions/A/HIServices
0x00000000014ba000 	/System/Library/Frameworks/ApplicationServices.framework/Versions/A/Frameworks/LangAnalysis.framework/Versions/A/LangAnalysis
0x00000000014ba000 	/System/Library/Frameworks/ApplicationServices.framework/Versions/A/Frameworks/PrintCore.framework/Versions/A/PrintCore
0x00000000014ba000 	/System/Library/Frameworks/ApplicationServices.framework/Versions/A/Frameworks/QD.framework/Versions/A/QD
0x00000000014ba000 	/System/Library/Frameworks/ApplicationServices.framework/Versions/A/Frameworks/SpeechSynthesis.framework/Versions/A/SpeechSynthesis
0x00000000014ba000 	/System/Library/Frameworks/Accelerate.framework/Versions/A/Accelerate
0x00000000014ba000 	/System/Library/Frameworks/Accelerate.framework/Versions/A/Frameworks/vImage.framework/Versions/A/vImage
0x00000000014ba000 	/System/Library/Frameworks/Accelerate.framework/Versions/A/Frameworks/vecLib.framework/Versions/A/vecLib
0x00000000014ba000 	/System/Library/Frameworks/Accelerate.framework/Versions/A/Frameworks/vecLib.framework/Versions/A/libvDSP.dylib
0x00000000014ba000 	/System/Library/Frameworks/Accelerate.framework/Versions/A/Frameworks/vecLib.framework/Versions/A/libvMisc.dylib
0x00000000014ba000 	/System/Library/Frameworks/Accelerate.framework/Versions/A/Frameworks/vecLib.framework/Versions/A/libLAPACK.dylib
0x00000000014ba000 	/System/Library/Frameworks/Accelerate.framework/Versions/A/Frameworks/vecLib.framework/Versions/A/libBLAS.dylib
0x00000000014ba000 	/System/Library/Frameworks/Accelerate.framework/Versions/A/Frameworks/vecLib.framework/Versions/A/libLinearAlgebra.dylib
0x00000000014ba000 	/System/Library/Frameworks/ApplicationServices.framework/Versions/A/Frameworks/ATS.framework/Versions/A/Resources/libFontParser.dylib
0x00000000014ba000 	/System/Library/Frameworks/ApplicationServices.framework/Versions/A/Frameworks/ATS.framework/Versions/A/Resources/libFontRegistry.dylib
0x00000000014ba000 	/System/Library/PrivateFrameworks/AppleVPA.framework/Versions/A/AppleVPA
0x00000000014ba000 	/System/Library/PrivateFrameworks/AppleJPEG.framework/Versions/A/AppleJPEG
0x00000000014ba000 	/System/Library/Frameworks/ImageIO.framework/Versions/A/Resources/libJPEG.dylib
0x00000000014ba000 	/System/Library/Frameworks/ImageIO.framework/Versions/A/Resources/libTIFF.dylib
0x00000000014ba000 	/System/Library/Frameworks/ImageIO.framework/Versions/A/Resources/libPng.dylib
0x00000000014ba000 	/System/Library/Frameworks/ImageIO.framework/Versions/A/Resources/libGIF.dylib
0x00000000014ba000 	/System/Library/Frameworks/ImageIO.framework/Versions/A/Resources/libJP2.dylib
0x00000000014ba000 	/System/Library/Frameworks/ImageIO.framework/Versions/A/Resources/libRadiance.dylib
0x00000000014ba000 	/System/Library/Frameworks/CoreVideo.framework/Versions/A/CoreVideo
0x00000000014ba000 	/System/Library/Frameworks/OpenGL.framework/Versions/A/Libraries/libGLU.dylib
0x00000000014ba000 	/System/Library/Frameworks/OpenGL.framework/Versions/A/Libraries/libGFXShared.dylib
0x00000000014ba000 	/System/Library/Frameworks/OpenGL.framework/Versions/A/Libraries/libGL.dylib
0x00000000014ba000 	/System/Library/Frameworks/OpenGL.framework/Versions/A/Libraries/libGLImage.dylib
0x00000000014ba000 	/System/Library/Frameworks/OpenGL.framework/Versions/A/Libraries/libCVMSPluginSupport.dylib
0x00000000014ba000 	/System/Library/Frameworks/OpenGL.framework/Versions/A/Libraries/libCoreVMClient.dylib
0x00000000014ba000 	/usr/lib/libcups.2.dylib
0x00000000014ba000 	/System/Library/Frameworks/Kerberos.framework/Versions/A/Kerberos
0x00000000014ba000 	/System/Library/Frameworks/GSS.framework/Versions/A/GSS
0x00000000014ba000 	/usr/lib/libresolv.9.dylib
0x00000000014ba000 	/usr/lib/libiconv.2.dylib
0x00000000014ba000 	/System/Library/PrivateFrameworks/Heimdal.framework/Versions/A/Heimdal
0x00000000014ba000 	/usr/lib/libheimdal-asn1.dylib
0x00000000014ba000 	/System/Library/Frameworks/OpenDirectory.framework/Versions/A/OpenDirectory
0x00000000014ba000 	/System/Library/PrivateFrameworks/CommonAuth.framework/Versions/A/CommonAuth
0x00000000014ba000 	/System/Library/Frameworks/OpenDirectory.framework/Versions/A/Frameworks/CFOpenDirectory.framework/Versions/A/CFOpenDirectory
0x00000000014ba000 	/System/Library/Frameworks/SecurityFoundation.framework/Versions/A/SecurityFoundation
0x00000000014ba000 	/System/Library/PrivateFrameworks/LanguageModeling.framework/Versions/A/LanguageModeling
0x00000000014ba000 	/usr/lib/libcmph.dylib
0x00000000014ba000 	/System/Library/Frameworks/ServiceManagement.framework/Versions/A/ServiceManagement
0x00000000014ba000 	/usr/lib/libxslt.1.dylib
0x00000000014ba000 	/System/Library/Frameworks/Carbon.framework/Versions/A/Frameworks/Ink.framework/Versions/A/Ink
0x00000000014ba000 	/System/Library/Frameworks/QuartzCore.framework/Versions/A/Frameworks/CoreImage.framework/Versions/A/CoreImage
0x00000000014ba000 	/System/Library/PrivateFrameworks/CrashReporterSupport.framework/Versions/A/CrashReporterSupport
0x00000000014ba000 	/System/Library/Frameworks/OpenCL.framework/Versions/A/OpenCL
0x00000000014ba000 	/System/Library/PrivateFrameworks/FaceCore.framework/Versions/A/FaceCore
0x00000000014ba000 	/System/Library/PrivateFrameworks/Ubiquity.framework/Versions/A/Ubiquity
0x00000000014ba000 	/System/Library/PrivateFrameworks/IconServices.framework/Versions/A/IconServices
0x00000000014ba000 	/System/Library/PrivateFrameworks/ChunkingLibrary.framework/Versions/A/ChunkingLibrary
0x00000000014ba000 	/System/Library/PrivateFrameworks/Apple80211.framework/Versions/A/Apple80211
0x00000000014ba000 	/System/Library/Frameworks/CoreWLAN.framework/Versions/A/CoreWLAN
0x00000000014ba000 	/System/Library/Frameworks/IOBluetooth.framework/Versions/A/IOBluetooth
0x00000000014ba000 	/System/Library/PrivateFrameworks/CoreWiFi.framework/Versions/A/CoreWiFi
0x00000000014ba000 	/System/Library/Frameworks/CoreBluetooth.framework/Versions/A/CoreBluetooth
0x00000000014ba000 	/System/Library/PrivateFrameworks/DebugSymbols.framework/Versions/A/DebugSymbols
0x00000000014ba000 	/System/Library/PrivateFrameworks/CoreSymbolication.framework/Versions/A/CoreSymbolication
0x00000000014ba000 	/System/Library/PrivateFrameworks/Symbolication.framework/Versions/A/Symbolication
0x00000000014ba000 	/System/Library/PrivateFrameworks/SpeechRecognitionCore.framework/Versions/A/SpeechRecognitionCore
0x0000000109800000 	/Library/Java/JavaVirtualMachines/jdk1.8.0_05.jdk/Contents/Home/jre/lib/server/libjvm.dylib
0x00000000014ba000 	/usr/lib/libstdc++.6.dylib
0x0000000108f99000 	/Library/Java/JavaVirtualMachines/jdk1.8.0_05.jdk/Contents/Home/jre/lib/libverify.dylib
0x0000000108fa7000 	/Library/Java/JavaVirtualMachines/jdk1.8.0_05.jdk/Contents/Home/jre/lib/libjava.dylib
0x0000000108fe5000 	/Library/Java/JavaVirtualMachines/jdk1.8.0_05.jdk/Contents/Home/jre/lib/libzip.dylib
0x0000000120837000 	/System/Library/Frameworks/JavaVM.framework/Frameworks/JavaRuntimeSupport.framework/JavaRuntimeSupport
0x000000012084f000 	/System/Library/Frameworks/JavaVM.framework/Versions/A/Frameworks/JavaNativeFoundation.framework/Versions/A/JavaNativeFoundation
0x0000000108fef000 	/System/Library/Frameworks/JavaVM.framework/Versions/A/JavaVM
0x00000000014ba000 	/System/Library/Frameworks/Carbon.framework/Versions/A/Carbon
0x0000000120864000 	/System/Library/PrivateFrameworks/JavaLaunching.framework/Versions/A/JavaLaunching
0x00000000014ba000 	/System/Library/Frameworks/Carbon.framework/Versions/A/Frameworks/CommonPanels.framework/Versions/A/CommonPanels
0x00000000014ba000 	/System/Library/Frameworks/Carbon.framework/Versions/A/Frameworks/Help.framework/Versions/A/Help
0x00000000014ba000 	/System/Library/Frameworks/Carbon.framework/Versions/A/Frameworks/ImageCapture.framework/Versions/A/ImageCapture
0x00000000014ba000 	/System/Library/Frameworks/Carbon.framework/Versions/A/Frameworks/OpenScripting.framework/Versions/A/OpenScripting
0x00000000014ba000 	/System/Library/Frameworks/Carbon.framework/Versions/A/Frameworks/Print.framework/Versions/A/Print
0x00000000014ba000 	/System/Library/Frameworks/Carbon.framework/Versions/A/Frameworks/SecurityHI.framework/Versions/A/SecurityHI
0x00000001226e3000 	/Library/Java/JavaVirtualMachines/jdk1.8.0_05.jdk/Contents/Home/jre/lib/libawt.dylib
0x0000000122792000 	/Library/Java/JavaVirtualMachines/jdk1.8.0_05.jdk/Contents/Home/jre/lib/./libmlib_image.dylib
0x000000012285e000 	/Library/Java/JavaVirtualMachines/jdk1.8.0_05.jdk/Contents/Home/jre/lib/libawt_lwawt.dylib
0x0000000122910000 	/Library/Java/JavaVirtualMachines/jdk1.8.0_05.jdk/Contents/Home/jre/lib/./libosxapp.dylib
0x00000000014ba000 	/System/Library/Frameworks/ExceptionHandling.framework/Versions/A/ExceptionHandling
0x00000000014ba000 	/System/Library/PrivateFrameworks/CoreServicesInternal.framework/Versions/A/CoreServicesInternal
0x00000000014ba000 	/System/Library/PrivateFrameworks/CloudDocs.framework/Versions/A/CloudDocs
0x00000000014ba000 	/System/Library/PrivateFrameworks/CoreDuet.framework/Versions/A/CoreDuet
0x00000000014ba000 	/System/Library/Frameworks/CloudKit.framework/Versions/A/CloudKit
0x00000000014ba000 	/System/Library/PrivateFrameworks/ProtocolBuffer.framework/Versions/A/ProtocolBuffer
0x00000000014ba000 	/System/Library/PrivateFrameworks/CoreDuetDaemonProtocol.framework/Versions/A/CoreDuetDaemonProtocol
0x00000000014ba000 	/System/Library/PrivateFrameworks/CoreDuetDebugLogging.framework/Versions/A/CoreDuetDebugLogging
0x00000000014ba000 	/System/Library/Frameworks/CoreLocation.framework/Versions/A/CoreLocation
0x00000000014ba000 	/System/Library/Frameworks/Accounts.framework/Versions/A/Accounts
0x00000000014ba000 	/System/Library/PrivateFrameworks/ApplePushService.framework/Versions/A/ApplePushService
0x00000000014ba000 	/System/Library/PrivateFrameworks/GeoServices.framework/Versions/A/GeoServices
0x00000000014ba000 	/System/Library/PrivateFrameworks/OAuth.framework/Versions/A/OAuth
0x00000000014ba000 	/System/Library/PrivateFrameworks/CoreDaemon.framework/Versions/B/CoreDaemon
0x00000000014ba000 	/usr/lib/libcrypto.0.9.8.dylib
0x00000000014ba000 	/System/Library/PrivateFrameworks/AppleSRP.framework/Versions/A/AppleSRP
0x00000000014ba000 	/System/Library/PrivateFrameworks/TrustEvaluationAgent.framework/Versions/A/TrustEvaluationAgent
0x00000000014ba000 	/System/Library/Frameworks/CoreGraphics.framework/Versions/A/Resources/libCGCMS.A.dylib
0x00000000014ba000 	/System/Library/Frameworks/CoreGraphics.framework/Versions/A/Resources/libRIP.A.dylib
0x00000000014ba000 	/System/Library/Frameworks/CoreGraphics.framework/Versions/A/Resources/libCGXType.A.dylib
0x00000000014ba000 	/System/Library/Frameworks/OpenCL.framework/Versions/A/Libraries/libcldcpuengine.dylib
0x00000000014ba000 	/System/Library/PrivateFrameworks/DiskImages.framework/Versions/A/DiskImages
0x00000000014ba000 	/System/Library/Frameworks/DiscRecording.framework/Versions/A/DiscRecording
0x00000000014ba000 	/usr/lib/libcsfde.dylib
0x00000000014ba000 	/usr/lib/libcurl.4.dylib
0x00000000014ba000 	/System/Library/PrivateFrameworks/MediaKit.framework/Versions/A/MediaKit
0x00000000014ba000 	/System/Library/PrivateFrameworks/ProtectedCloudStorage.framework/Versions/A/ProtectedCloudStorage
0x00000000014ba000 	/usr/lib/libCoreStorage.dylib
0x00000000014ba000 	/System/Library/PrivateFrameworks/EFILogin.framework/Versions/A/EFILogin
0x00000000014ba000 	/usr/lib/libutil.dylib
0x00000000014ba000 	/System/Library/PrivateFrameworks/FindMyDevice.framework/Versions/A/FindMyDevice
0x00000000014ba000 	/System/Library/Frameworks/LDAP.framework/Versions/A/LDAP
0x00000000014ba000 	/usr/lib/libsasl2.2.dylib
0x0000000125821000 	cl_kernels
0x0000000125823000 	/System/Library/Frameworks/OpenCL.framework/Versions/A/Libraries/ImageFormats/unorm8_bgra.dylib
0x0000000125812000 	cl_kernels
0x00000000014ba000 	/System/Library/PrivateFrameworks/FamilyControls.framework/Versions/A/FamilyControls
0x00000000014ba000 	/System/Library/PrivateFrameworks/CommerceKit.framework/Versions/A/Frameworks/CommerceCore.framework/Versions/A/CommerceCore
0x00000000014ba000 	/System/Library/PrivateFrameworks/SystemAdministration.framework/Versions/A/SystemAdministration
0x00000000014ba000 	/System/Library/PrivateFrameworks/AppContainer.framework/Versions/A/AppContainer
0x00000000014ba000 	/System/Library/PrivateFrameworks/SecCodeWrapper.framework/Versions/A/SecCodeWrapper
0x00000000014ba000 	/System/Library/Frameworks/DirectoryService.framework/Versions/A/DirectoryService
0x00000000014ba000 	/System/Library/PrivateFrameworks/LoginUIKit.framework/Versions/A/Frameworks/LoginUICore.framework/Versions/A/LoginUICore
0x00000000014ba000 	/usr/lib/libodfde.dylib
0x00000001269e9000 	/Library/Java/JavaVirtualMachines/jdk1.8.0_05.jdk/Contents/Home/jre/lib/libfontmanager.dylib
0x0000000126a4f000 	/Users/CandyFace/Github-Projects/OOSE2015/native/macosx/liblwjgl.dylib
0x0000000124d56000 	/Library/Java/JavaVirtualMachines/jdk1.8.0_05.jdk/Contents/Home/jre/lib/libjawt.dylib
0x00000000014ba000 	/System/Library/Frameworks/OpenGL.framework/Versions/A/Resources/GLEngine.bundle/GLEngine
0x00000000014ba000 	/System/Library/Frameworks/OpenGL.framework/Versions/A/Libraries/libGLProgrammability.dylib
0x0000000000000000 	/System/Library/Extensions/AppleIntelHD5000GraphicsGLDriver.bundle/Contents/MacOS/AppleIntelHD5000GraphicsGLDriver
0x00000000014ba000 	/System/Library/PrivateFrameworks/IOAccelerator.framework/Versions/A/IOAccelerator
0x00000000014ba000 	/System/Library/PrivateFrameworks/GPUSupport.framework/Versions/A/Libraries/libGPUSupportMercury.dylib
0x00000000014ba000 	/System/Library/Frameworks/OpenGL.framework/Versions/A/Resources/GLRendererFloat.bundle/GLRendererFloat
0x000000012720a000 	/Users/CandyFace/Github-Projects/OOSE2015/native/macosx/libjinput-osx.dylib
0x000000012720f000 	/System/Library/Extensions/IOHIDFamily.kext/Contents/PlugIns/IOHIDLib.plugin/Contents/MacOS/IOHIDLib
0x000000012723f000 	/Library/Java/JavaVirtualMachines/jdk1.8.0_05.jdk/Contents/Home/jre/lib/libnio.dylib
0x000000012724e000 	/Library/Java/JavaVirtualMachines/jdk1.8.0_05.jdk/Contents/Home/jre/lib/./libnet.dylib

VM Arguments:
jvm_args: -Djava.library.path=/Users/CandyFace/Github-Projects/OOSE2015/native/macosx -Dfile.encoding=UTF-8 
java_command: example.SimpleSlickGame
java_class_path (initial): /Users/CandyFace/Github-Projects/OOSE2015/bin:/Users/CandyFace/Github-Projects/OOSE2015/lib/ibxm.jar:/Users/CandyFace/Github-Projects/OOSE2015/lib/jinput.jar:/Users/CandyFace/Github-Projects/OOSE2015/lib/jogg-0.0.7.jar:/Users/CandyFace/Github-Projects/OOSE2015/lib/jorbis-0.0.15.jar:/Users/CandyFace/Github-Projects/OOSE2015/lib/lwjgl_util.jar:/Users/CandyFace/Github-Projects/OOSE2015/lib/lwjgl.jar:/Users/CandyFace/Github-Projects/OOSE2015/lib/slick-examples.jar:/Users/CandyFace/Github-Projects/OOSE2015/lib/slick.jar:/Users/CandyFace/Github-Projects/OOSE2015/lib/tinylinepp.jar
Launcher Type: SUN_STANDARD

Environment Variables:
PATH=/usr/bin:/bin:/usr/sbin:/sbin
SHELL=/bin/bash
DISPLAY=/private/tmp/com.apple.launchd.eBgY5QX1IF/org.macosforge.xquartz:0

Signal Handlers:
SIGSEGV: [libjvm.dylib+0x55f7df], sa_mask[0]=0xfffefeff, sa_flags=0x00000043
SIGBUS: [libjvm.dylib+0x55f7df], sa_mask[0]=0xfffefeff, sa_flags=0x00000042
SIGFPE: [libjvm.dylib+0x442cfa], sa_mask[0]=0xfffefeff, sa_flags=0x00000042
SIGPIPE: [libjvm.dylib+0x442cfa], sa_mask[0]=0xfffefeff, sa_flags=0x00000042
SIGXFSZ: [libjvm.dylib+0x442cfa], sa_mask[0]=0xfffefeff, sa_flags=0x00000042
SIGILL: [libjvm.dylib+0x442cfa], sa_mask[0]=0xfffefeff, sa_flags=0x00000042
SIGUSR1: SIG_DFL, sa_mask[0]=0x00000000, sa_flags=0x00000000
SIGUSR2: [libjvm.dylib+0x442818], sa_mask[0]=0x00000004, sa_flags=0x00000042
SIGHUP: [libjvm.dylib+0x440ba5], sa_mask[0]=0xfffefeff, sa_flags=0x00000042
SIGINT: [libjvm.dylib+0x440ba5], sa_mask[0]=0xfffefeff, sa_flags=0x00000042
SIGTERM: [libjvm.dylib+0x440ba5], sa_mask[0]=0xfffefeff, sa_flags=0x00000042
SIGQUIT: [libjvm.dylib+0x440ba5], sa_mask[0]=0xfffefeff, sa_flags=0x00000042


---------------  S Y S T E M  ---------------

OS:Bsduname:Darwin 14.1.0 Darwin Kernel Version 14.1.0: Mon Dec 22 23:10:38 PST 2014; root:xnu-2782.10.72~2/RELEASE_X86_64 x86_64
rlimit: STACK 8192k, CORE 0k, NPROC 709, NOFILE 10240, AS infinity
load average:1.91 1.95 1.99

CPU:total 4 (2 cores per cpu, 2 threads per core) family 6 model 69 stepping 1, cmov, cx8, fxsr, mmx, sse, sse2, sse3, ssse3, sse4.1, sse4.2, popcnt, avx, avx2, aes, clmul, erms, ht, tsc, tscinvbit

Memory: 4k page, physical 8388608k(109880k free)

/proc/meminfo:


vm_info: Java HotSpot(TM) 64-Bit Server VM (25.5-b02) for bsd-amd64 JRE (1.8.0_05-b13), built on Mar 18 2014 00:36:13 by "java_re" with gcc 4.2.1 (Based on Apple Inc. build 5658) (LLVM build 2336.11.00)

time: Thu Mar 12 09:58:54 2015
elapsed time: 20 seconds

