#
# A fatal error has been detected by the Java Runtime Environment:
#
#  SIGSEGV (0xb) at pc=0x00007fff81ab98f2, pid=33350, tid=1811
#
# JRE version: Java(TM) SE Runtime Environment (8.0_05-b13) (build 1.8.0_05-b13)
# Java VM: Java HotSpot(TM) 64-Bit Server VM (25.5-b02 mixed mode bsd-amd64 compressed oops)
# Problematic frame:
# C  [libGPUSupportMercury.dylib+0xb8f2]  gldAttachDrawable+0x60
#
# Failed to write core dump. Core dumps have been disabled. To enable core dumping, try "ulimit -c unlimited" before starting Java again
#
# If you would like to submit a bug report, please visit:
#   http://bugreport.sun.com/bugreport/crash.jsp
# The crash happened outside the Java Virtual Machine in native code.
# See problematic frame for where to report the bug.
#

---------------  T H R E A D  ---------------

Current thread (0x00007feba289b000):  JavaThread "AppKit Thread" daemon [_thread_in_native, id=1811, stack(0x00007fff5402c000,0x00007fff5482c000)]

siginfo:si_signo=SIGSEGV: si_errno=0, si_code=0 (SEGV0), si_addr=0x0000000000000000

Registers:
RAX=0xd000000000000000, RBX=0x000000000000271e, RCX=0x0000000000000000, RDX=0x00007feba0f20c68
RSP=0x00007fff54825660, RBP=0x00007fff54825760, RSI=0x0000000000000050, RDI=0x00007fff72fb2070
R8 =0x00007feba4009e60, R9 =0x00007feba3800000, R10=0x000000000000003c, R11=0x0000000000000206
R12=0x0000000000002718, R13=0x00007feba20a9a00, R14=0x0000000000000050, R15=0x0000000000000000
RIP=0x00007fff81ab98f2, EFLAGS=0x0000000000010212, ERR=0x0000000000000000
  TRAPNO=0x000000000000000d

Top of Stack: (sp=0x00007fff54825660)
0x00007fff54825660:   00007fff548256d4 00007feba0f1ae10
0x00007fff54825670:   ffffffffffffffff 0000206000000040
0x00007fff54825680:   00007feba0f1ae28 00007fff8168b64f
0x00007fff54825690:   0000000000000000 d000000000000000
0x00007fff548256a0:   0000000300000003 00007fff548257e8
0x00007fff548256b0:   00007fff54825774 0000000000043b2f
0x00007fff548256c0:   00007fff5482576c 00007fff54825770
0x00007fff548256d0:   00007fff54825750 00007fff85b4cf1e
0x00007fff548256e0:   0000000000000000 00000000000044d2
0x00007fff548256f0:   0000003400001200 0000040b00000000
0x00007fff54825700:   00007fff54825730 00007fff85aff2fe
0x00007fff54825710:   00007fff548257a8 00000000000044d2
0x00007fff54825720:   00007fff54825760 00000000489a7159
0x00007fff54825730:   8c0083c106388c14 00007feba4000000
0x00007fff54825740:   0000000000002718 0000000000000000
0x00007fff54825750:   0000000000000050 0000000000000000
0x00007fff54825760:   00007fff548257b0 00007fff84d317e8
0x00007fff54825770:   00007feba4009e60 0000000000000000
0x00007fff54825780:   00007feba0f20c68 00007feba0c5ced0
0x00007fff54825790:   0000000000000000 00007feba1953950
0x00007fff548257a0:   00007feba1951a00 00007fff72fb2070
0x00007fff548257b0:   00007fff548258a0 00007fff8c9f17ac
0x00007fff548257c0:   408c200000000000 4079000000000000
0x00007fff548257d0:   4067800000000000 4084000000000000
0x00007fff548257e0:   407f600000000000 0000000000000000
0x00007fff548257f0:   4036000000000000 4084000000000000
0x00007fff54825800:   407e000000000000 0000000000000000
0x00007fff54825810:   0000000000000000 0000000000000001
0x00007fff54825820:   00007feba0f20c68 0000000000000001
0x00007fff54825830:   00007fff548258a0 00007fff8c9f664c
0x00007fff54825840:   0000000100000003 00007feba1953950
0x00007fff54825850:   00007feba1953888 00000002848fffff 

Instructions: (pc=0x00007fff81ab98f2)
0x00007fff81ab98d2:   48 85 d2 b8 01 00 00 00 bb 15 27 00 00 0f 44 d8
0x00007fff81ab98e2:   e9 7f 01 00 00 49 8b 45 08 48 89 85 38 ff ff ff
0x00007fff81ab98f2:   48 8b 00 48 89 85 30 ff ff ff 83 fe 4f 0f 8f fd
0x00007fff81ab9902:   00 00 00 48 89 d0 bb 15 27 00 00 83 fe 35 0f 84 

Register to memory mapping:

RAX=0xd000000000000000 is an unknown value
RBX=0x000000000000271e is an unknown value
RCX=0x0000000000000000 is an unknown value
RDX=0x00007feba0f20c68 is an unknown value
RSP=0x00007fff54825660 is pointing into the stack for thread: 0x00007feba289b000
RBP=0x00007fff54825760 is pointing into the stack for thread: 0x00007feba289b000
RSI=0x0000000000000050 is an unknown value
RDI=0x00007fff72fb2070: __stack_chk_guard+0 in /usr/lib/system/libsystem_c.dylib at 0x00007fff8b31a000
R8 =0x00007feba4009e60 is an unknown value
R9 =0x00007feba3800000 is an unknown value
R10=0x000000000000003c is an unknown value
R11=0x0000000000000206 is an unknown value
R12=0x0000000000002718 is an unknown value
R13=0x00007feba20a9a00 is an unknown value
R14=0x0000000000000050 is an unknown value
R15=0x0000000000000000 is an unknown value


Stack: [0x00007fff5402c000,0x00007fff5482c000],  sp=0x00007fff54825660,  free space=8165k
Native frames: (J=compiled Java code, j=interpreted, Vv=VM code, C=native code)
C  [libGPUSupportMercury.dylib+0xb8f2]  gldAttachDrawable+0x60
C  [GLEngine+0x167e8]  gliAttachDrawableWithOptions+0x101
C  [OpenGL+0x37ac]  glcGetIOAccelService+0xe03
C  [OpenGL+0x73f3]  CGLSetPBuffer+0xb90
C  [OpenGL+0x7716]  CGLSetSurface+0x124
C  [AppKit+0x57e567]  NSOpenGLContextAttachOnScreenViewSurface+0x109
C  [AppKit+0x2c669b]  -[NSOpenGLContext setView:]+0x83
C  [liblwjgl.dylib+0xa586]  -[MacOSXOpenGLView lockFocus]+0x76
C  [AppKit+0x14e3c5]  -[NSView _recursiveDisplayRectIfNeededIgnoringOpacity:isVisibleRect:rectIsVisibleRectForView:topView:]+0x740
C  [AppKit+0x14f420]  -[NSView _recursiveDisplayRectIfNeededIgnoringOpacity:isVisibleRect:rectIsVisibleRectForView:topView:]+0x179b
C  [AppKit+0x14d773]  -[NSThemeFrame _recursiveDisplayRectIfNeededIgnoringOpacity:isVisibleRect:rectIsVisibleRectForView:topView:]+0x14d
C  [AppKit+0x14a2cb]  -[NSView _displayRectIgnoringOpacity:isVisibleRect:rectIsVisibleRectForView:]+0xac9
C  [AppKit+0x128e2d]  -[NSView displayIfNeeded]+0x754
C  [AppKit+0x1461c5]  -[NSWindow displayIfNeeded]+0xe8
C  [AppKit+0x183322]  _handleWindowNeedsDisplayOrLayoutOrUpdateConstraints+0x3a8
C  [Foundation+0x66db3]  __NSFireTimer+0x5f
C  [CoreFoundation+0xb5b64]  __CFRUNLOOP_IS_CALLING_OUT_TO_A_TIMER_CALLBACK_FUNCTION__+0x14
C  [CoreFoundation+0xb57f3]  __CFRunLoopDoTimer+0x423
C  [CoreFoundation+0x128dbd]  __CFRunLoopDoTimers+0x12d
C  [CoreFoundation+0x72288]  __CFRunLoopRun+0x7e8
C  [CoreFoundation+0x71858]  CFRunLoopRunSpecific+0x128
C  [HIToolbox+0x2eaef]  RunCurrentEventLoopInMode+0xeb
C  [HIToolbox+0x2e86a]  ReceiveNextEventCommon+0x1af
C  [HIToolbox+0x2e6ab]  _BlockUntilNextEventMatchingListInModeWithFilter+0x47
C  [AppKit+0x23f81]  _DPSNextEvent+0x3c4
C  [AppKit+0x23730]  -[NSApplication nextEventMatchingMask:untilDate:inMode:dequeue:]+0xc2
C  [libosxapp.dylib+0x242a]  -[NSApplicationAWT nextEventMatchingMask:untilDate:inMode:dequeue:]+0x7c
C  [AppKit+0x17593]  -[NSApplication run]+0x252
C  [libosxapp.dylib+0x223e]  +[NSApplicationAWT runAWTLoopWithApp:]+0x9c
C  [libawt_lwawt.dylib+0x439cf]  -[AWTStarter starter:]+0x389
C  [Foundation+0x65cdc]  __NSThreadPerformPerform+0x125
C  [CoreFoundation+0x80681]  __CFRUNLOOP_IS_CALLING_OUT_TO_A_SOURCE0_PERFORM_FUNCTION__+0x11
C  [CoreFoundation+0x7280d]  __CFRunLoopDoSources0+0x10d
C  [CoreFoundation+0x71e3f]  __CFRunLoopRun+0x39f
C  [CoreFoundation+0x71858]  CFRunLoopRunSpecific+0x128
C  [java+0x56cb]  CreateExecutionEnvironment+0x367
C  [java+0x166c]  JLI_Launch+0x7a0
C  [java+0x7689]  main+0x65
C  [java+0xec4]  start+0x34


---------------  P R O C E S S  ---------------

Java Threads: ( => current thread )
  0x00007feba1982800 JavaThread "Java2D Queue Flusher" daemon [_thread_blocked, id=53255, stack(0x000000012983a000,0x000000012993a000)]
  0x00007feba197d800 JavaThread "Java2D Disposer" daemon [_thread_blocked, id=49195, stack(0x0000000129737000,0x0000000129837000)]
  0x00007feba1902800 JavaThread "AWT-Shutdown" [_thread_blocked, id=28679, stack(0x000000012654a000,0x000000012664a000)]
=>0x00007feba289b000 JavaThread "AppKit Thread" daemon [_thread_in_native, id=1811, stack(0x00007fff5402c000,0x00007fff5482c000)]
  0x00007feba102c000 JavaThread "Service Thread" daemon [_thread_blocked, id=18179, stack(0x00000001249cb000,0x0000000124acb000)]
  0x00007feba282a000 JavaThread "C1 CompilerThread2" daemon [_thread_blocked, id=17667, stack(0x00000001248c8000,0x00000001249c8000)]
  0x00007feba2829800 JavaThread "C2 CompilerThread1" daemon [_thread_blocked, id=17155, stack(0x00000001247c5000,0x00000001248c5000)]
  0x00007feba1843800 JavaThread "C2 CompilerThread0" daemon [_thread_blocked, id=16643, stack(0x00000001246c2000,0x00000001247c2000)]
  0x00007feba1842800 JavaThread "Signal Dispatcher" daemon [_thread_blocked, id=13335, stack(0x00000001245bf000,0x00000001246bf000)]
  0x00007feba2801000 JavaThread "Finalizer" daemon [_thread_blocked, id=11523, stack(0x0000000122c77000,0x0000000122d77000)]
  0x00007feba1009800 JavaThread "Reference Handler" daemon [_thread_blocked, id=11011, stack(0x0000000122b74000,0x0000000122c74000)]
  0x00007feba1804800 JavaThread "main" [_thread_in_native, id=4867, stack(0x000000010b4ea000,0x000000010b5ea000)]

Other Threads:
  0x00007feba1817800 VMThread [stack: 0x0000000122a71000,0x0000000122b71000] [id=10499]
  0x00007feba100b000 WatcherThread [stack: 0x0000000124ace000,0x0000000124bce000] [id=18691]

VM state:not at safepoint (normal execution)

VM Mutex/Monitor currently owned by a thread: None

Heap:
 PSYoungGen      total 14848K, used 7049K [0x0000000795580000, 0x0000000796900000, 0x00000007c0000000)
  eden space 11264K, 35% used [0x0000000795580000,0x0000000795968da0,0x0000000796080000)
  from space 3584K, 84% used [0x0000000796480000,0x0000000796779810,0x0000000796800000)
  to   space 4096K, 0% used [0x0000000796080000,0x0000000796080000,0x0000000796480000)
 ParOldGen       total 129536K, used 7404K [0x0000000740000000, 0x0000000747e80000, 0x0000000795580000)
  object space 129536K, 5% used [0x0000000740000000,0x000000074073b148,0x0000000747e80000)
 Metaspace       used 9146K, capacity 9349K, committed 9472K, reserved 1058816K
  class space    used 969K, capacity 1021K, committed 1024K, reserved 1048576K

Card table byte_map: [0x000000011c0c5000,0x000000011c4c6000] byte_map_base: 0x00000001186c5000

Marking Bits: (ParMarkBitMap*) 0x000000010c6660a0
 Begin Bits: [0x000000011cb7d000, 0x000000011eb7d000)
 End Bits:   [0x000000011eb7d000, 0x0000000120b7d000)

Polling page: 0x000000010b5fa000

CodeCache: size=245760Kb used=3510Kb max_used=3522Kb free=242249Kb
 bounds [0x000000010cd05000, 0x000000010d085000, 0x000000011bd05000]
 total_blobs=1387 nmethods=884 adapters=419
 compilation: enabled

Compilation events (10 events):
Event: 7.114 Thread 0x00007feba282a000  880       3       java.nio.Buffer::nextGetIndex (38 bytes)
Event: 7.114 Thread 0x00007feba282a000 nmethod 880 0x000000010d071510 code [0x000000010d071680, 0x000000010d071888]
Event: 7.510 Thread 0x00007feba282a000  881       3       sun.awt.AWTAutoShutdown::getInstance (4 bytes)
Event: 7.510 Thread 0x00007feba282a000 nmethod 881 0x000000010d071210 code [0x000000010d071360, 0x000000010d071490]
Event: 7.510 Thread 0x00007feba282a000  882   !   3       sun.awt.AWTAutoShutdown::setToolkitBusy (124 bytes)
Event: 7.511 Thread 0x00007feba282a000 nmethod 882 0x000000010d0703d0 code [0x000000010d0705a0, 0x000000010d070e48]
Event: 7.695 Thread 0x00007feba1843800  883       4       java.nio.DirectByteBuffer::put (123 bytes)
Event: 7.704 Thread 0x00007feba1843800 nmethod 883 0x000000010d076a90 code [0x000000010d076c00, 0x000000010d076fd8]
Event: 7.795 Thread 0x00007feba282a000  884       1       java.util.concurrent.locks.AbstractQueuedSynchronizer::getState (5 bytes)
Event: 7.796 Thread 0x00007feba282a000 nmethod 884 0x000000010d070110 code [0x000000010d070260, 0x000000010d070370]

GC Heap History (10 events):
Event: 0.592 GC heap before
{Heap before GC invocations=6 (full 0):
 PSYoungGen      total 2560K, used 2559K [0x0000000795580000, 0x0000000795c80000, 0x00000007c0000000)
  eden space 2048K, 100% used [0x0000000795580000,0x0000000795780000,0x0000000795780000)
  from space 512K, 99% used [0x0000000795780000,0x00000007957ffc10,0x0000000795800000)
  to   space 1536K, 0% used [0x0000000795b00000,0x0000000795b00000,0x0000000795c80000)
 ParOldGen       total 129536K, used 1140K [0x0000000740000000, 0x0000000747e80000, 0x0000000795580000)
  object space 129536K, 0% used [0x0000000740000000,0x000000074011d0a0,0x0000000747e80000)
 Metaspace       used 6275K, capacity 6359K, committed 6656K, reserved 1056768K
  class space    used 638K, capacity 690K, committed 768K, reserved 1048576K
Event: 0.596 GC heap after
Heap after GC invocations=6 (full 0):
 PSYoungGen      total 5632K, used 986K [0x0000000795580000, 0x0000000795c80000, 0x00000007c0000000)
  eden space 4096K, 0% used [0x0000000795580000,0x0000000795580000,0x0000000795980000)
  from space 1536K, 64% used [0x0000000795b00000,0x0000000795bf6870,0x0000000795c80000)
  to   space 1536K, 0% used [0x0000000795980000,0x0000000795980000,0x0000000795b00000)
 ParOldGen       total 129536K, used 1140K [0x0000000740000000, 0x0000000747e80000, 0x0000000795580000)
  object space 129536K, 0% used [0x0000000740000000,0x000000074011d0a0,0x0000000747e80000)
 Metaspace       used 6275K, capacity 6359K, committed 6656K, reserved 1056768K
  class space    used 638K, capacity 690K, committed 768K, reserved 1048576K
}
Event: 1.164 GC heap before
{Heap before GC invocations=7 (full 0):
 PSYoungGen      total 5632K, used 5082K [0x0000000795580000, 0x0000000795c80000, 0x00000007c0000000)
  eden space 4096K, 100% used [0x0000000795580000,0x0000000795980000,0x0000000795980000)
  from space 1536K, 64% used [0x0000000795b00000,0x0000000795bf6870,0x0000000795c80000)
  to   space 1536K, 0% used [0x0000000795980000,0x0000000795980000,0x0000000795b00000)
 ParOldGen       total 129536K, used 1140K [0x0000000740000000, 0x0000000747e80000, 0x0000000795580000)
  object space 129536K, 0% used [0x0000000740000000,0x000000074011d0a0,0x0000000747e80000)
 Metaspace       used 6580K, capacity 6723K, committed 6912K, reserved 1056768K
  class space    used 674K, capacity 724K, committed 768K, reserved 1048576K
Event: 1.170 GC heap after
Heap after GC invocations=7 (full 0):
 PSYoungGen      total 5632K, used 1526K [0x0000000795580000, 0x0000000796280000, 0x00000007c0000000)
  eden space 4096K, 0% used [0x0000000795580000,0x0000000795580000,0x0000000795980000)
  from space 1536K, 99% used [0x0000000795980000,0x0000000795afd858,0x0000000795b00000)
  to   space 2560K, 0% used [0x0000000796000000,0x0000000796000000,0x0000000796280000)
 ParOldGen       total 129536K, used 2796K [0x0000000740000000, 0x0000000747e80000, 0x0000000795580000)
  object space 129536K, 2% used [0x0000000740000000,0x00000007402bb358,0x0000000747e80000)
 Metaspace       used 6580K, capacity 6723K, committed 6912K, reserved 1056768K
  class space    used 674K, capacity 724K, committed 768K, reserved 1048576K
}
Event: 1.346 GC heap before
{Heap before GC invocations=8 (full 0):
 PSYoungGen      total 5632K, used 5622K [0x0000000795580000, 0x0000000796280000, 0x00000007c0000000)
  eden space 4096K, 100% used [0x0000000795580000,0x0000000795980000,0x0000000795980000)
  from space 1536K, 99% used [0x0000000795980000,0x0000000795afd858,0x0000000795b00000)
  to   space 2560K, 0% used [0x0000000796000000,0x0000000796000000,0x0000000796280000)
 ParOldGen       total 129536K, used 2796K [0x0000000740000000, 0x0000000747e80000, 0x0000000795580000)
  object space 129536K, 2% used [0x0000000740000000,0x00000007402bb358,0x0000000747e80000)
 Metaspace       used 9004K, capacity 9221K, committed 9472K, reserved 1058816K
  class space    used 965K, capacity 1021K, committed 1024K, reserved 1048576K
Event: 1.356 GC heap after
Heap after GC invocations=8 (full 0):
 PSYoungGen      total 9728K, used 2548K [0x0000000795580000, 0x0000000796480000, 0x00000007c0000000)
  eden space 7168K, 0% used [0x0000000795580000,0x0000000795580000,0x0000000795c80000)
  from space 2560K, 99% used [0x0000000796000000,0x000000079627d2f8,0x0000000796280000)
  to   space 3584K, 0% used [0x0000000795c80000,0x0000000795c80000,0x0000000796000000)
 ParOldGen       total 129536K, used 3929K [0x0000000740000000, 0x0000000747e80000, 0x0000000795580000)
  object space 129536K, 3% used [0x0000000740000000,0x00000007403d6570,0x0000000747e80000)
 Metaspace       used 9004K, capacity 9221K, committed 9472K, reserved 1058816K
  class space    used 965K, capacity 1021K, committed 1024K, reserved 1048576K
}
Event: 1.417 GC heap before
{Heap before GC invocations=9 (full 0):
 PSYoungGen      total 9728K, used 9716K [0x0000000795580000, 0x0000000796480000, 0x00000007c0000000)
  eden space 7168K, 100% used [0x0000000795580000,0x0000000795c80000,0x0000000795c80000)
  from space 2560K, 99% used [0x0000000796000000,0x000000079627d2f8,0x0000000796280000)
  to   space 3584K, 0% used [0x0000000795c80000,0x0000000795c80000,0x0000000796000000)
 ParOldGen       total 129536K, used 3929K [0x0000000740000000, 0x0000000747e80000, 0x0000000795580000)
  object space 129536K, 3% used [0x0000000740000000,0x00000007403d6570,0x0000000747e80000)
 Metaspace       used 9016K, capacity 9221K, committed 9472K, reserved 1058816K
  class space    used 965K, capacity 1021K, committed 1024K, reserved 1048576K
Event: 1.422 GC heap after
Heap after GC invocations=9 (full 0):
 PSYoungGen      total 10752K, used 2164K [0x0000000795580000, 0x0000000796800000, 0x00000007c0000000)
  eden space 7168K, 0% used [0x0000000795580000,0x0000000795580000,0x0000000795c80000)
  from space 3584K, 60% used [0x0000000795c80000,0x0000000795e9d2f8,0x0000000796000000)
  to   space 3584K, 0% used [0x0000000796480000,0x0000000796480000,0x0000000796800000)
 ParOldGen       total 129536K, used 4326K [0x0000000740000000, 0x0000000747e80000, 0x0000000795580000)
  object space 129536K, 3% used [0x0000000740000000,0x0000000740439b48,0x0000000747e80000)
 Metaspace       used 9016K, capacity 9221K, committed 9472K, reserved 1058816K
  class space    used 965K, capacity 1021K, committed 1024K, reserved 1048576K
}
Event: 1.463 GC heap before
{Heap before GC invocations=10 (full 0):
 PSYoungGen      total 10752K, used 9332K [0x0000000795580000, 0x0000000796800000, 0x00000007c0000000)
  eden space 7168K, 100% used [0x0000000795580000,0x0000000795c80000,0x0000000795c80000)
  from space 3584K, 60% used [0x0000000795c80000,0x0000000795e9d2f8,0x0000000796000000)
  to   space 3584K, 0% used [0x0000000796480000,0x0000000796480000,0x0000000796800000)
 ParOldGen       total 129536K, used 4326K [0x0000000740000000, 0x0000000747e80000, 0x0000000795580000)
  object space 129536K, 3% used [0x0000000740000000,0x0000000740439b48,0x0000000747e80000)
 Metaspace       used 9029K, capacity 9221K, committed 9472K, reserved 1058816K
  class space    used 966K, capacity 1021K, committed 1024K, reserved 1048576K
Event: 1.471 GC heap after
Heap after GC invocations=10 (full 0):
 PSYoungGen      total 14848K, used 3046K [0x0000000795580000, 0x0000000796900000, 0x00000007c0000000)
  eden space 11264K, 0% used [0x0000000795580000,0x0000000795580000,0x0000000796080000)
  from space 3584K, 84% used [0x0000000796480000,0x0000000796779810,0x0000000796800000)
  to   space 4096K, 0% used [0x0000000796080000,0x0000000796080000,0x0000000796480000)
 ParOldGen       total 129536K, used 7404K [0x0000000740000000, 0x0000000747e80000, 0x0000000795580000)
  object space 129536K, 5% used [0x0000000740000000,0x000000074073b148,0x0000000747e80000)
 Metaspace       used 9029K, capacity 9221K, committed 9472K, reserved 1058816K
  class space    used 966K, capacity 1021K, committed 1024K, reserved 1048576K
}

Deoptimization events (4 events):
Event: 1.223 Thread 0x00007feba1804800 Uncommon trap: reason=class_check action=maybe_recompile pc=0x000000010cf15e18 method=java.util.HashMap.putVal(ILjava/lang/Object;Ljava/lang/Object;ZZ)Ljava/lang/Object; @ 253
Event: 1.223 Thread 0x00007feba1804800 Uncommon trap: reason=class_check action=maybe_recompile pc=0x000000010cf15e18 method=java.util.HashMap.putVal(ILjava/lang/Object;Ljava/lang/Object;ZZ)Ljava/lang/Object; @ 253
Event: 1.223 Thread 0x00007feba1804800 Uncommon trap: reason=class_check action=maybe_recompile pc=0x000000010cf15e18 method=java.util.HashMap.putVal(ILjava/lang/Object;Ljava/lang/Object;ZZ)Ljava/lang/Object; @ 253
Event: 1.223 Thread 0x00007feba1804800 Uncommon trap: reason=class_check action=maybe_recompile pc=0x000000010cf15e18 method=java.util.HashMap.putVal(ILjava/lang/Object;Ljava/lang/Object;ZZ)Ljava/lang/Object; @ 253

Internal exceptions (10 events):
Event: 0.715 Thread 0x00007feba1804800 Exception <a 'java/security/PrivilegedActionException'> (0x00000007957c5d70) thrown at [/HUDSON/workspace/8-2-build-macosx-x86_64/jdk8u5/2488/hotspot/src/share/vm/prims/jvm.cpp, line 1248]
Event: 0.716 Thread 0x00007feba1804800 Exception <a 'java/security/PrivilegedActionException'> (0x00000007957cab88) thrown at [/HUDSON/workspace/8-2-build-macosx-x86_64/jdk8u5/2488/hotspot/src/share/vm/prims/jvm.cpp, line 1248]
Event: 0.718 Thread 0x00007feba1804800 Exception <a 'java/security/PrivilegedActionException'> (0x00000007957d40b0) thrown at [/HUDSON/workspace/8-2-build-macosx-x86_64/jdk8u5/2488/hotspot/src/share/vm/prims/jvm.cpp, line 1248]
Event: 0.719 Thread 0x00007feba1804800 Exception <a 'java/security/PrivilegedActionException'> (0x00000007957d83d0) thrown at [/HUDSON/workspace/8-2-build-macosx-x86_64/jdk8u5/2488/hotspot/src/share/vm/prims/jvm.cpp, line 1248]
Event: 0.719 Thread 0x00007feba1804800 Exception <a 'java/security/PrivilegedActionException'> (0x00000007957dbc50) thrown at [/HUDSON/workspace/8-2-build-macosx-x86_64/jdk8u5/2488/hotspot/src/share/vm/prims/jvm.cpp, line 1248]
Event: 0.719 Thread 0x00007feba1804800 Exception <a 'java/security/PrivilegedActionException'> (0x00000007957e1ca8) thrown at [/HUDSON/workspace/8-2-build-macosx-x86_64/jdk8u5/2488/hotspot/src/share/vm/prims/jvm.cpp, line 1248]
Event: 1.198 Thread 0x00007feba1804800 Exception <a 'java/security/PrivilegedActionException'> (0x00000007956a0e38) thrown at [/HUDSON/workspace/8-2-build-macosx-x86_64/jdk8u5/2488/hotspot/src/share/vm/prims/jvm.cpp, line 1248]
Event: 1.482 Thread 0x00007feba1804800 Exception <a 'java/security/PrivilegedActionException'> (0x000000079584e7b0) thrown at [/HUDSON/workspace/8-2-build-macosx-x86_64/jdk8u5/2488/hotspot/src/share/vm/prims/jvm.cpp, line 1248]
Event: 1.525 Thread 0x00007feba1804800 Exception <a 'java/security/PrivilegedActionException'> (0x000000079585bd88) thrown at [/HUDSON/workspace/8-2-build-macosx-x86_64/jdk8u5/2488/hotspot/src/share/vm/prims/jvm.cpp, line 1248]
Event: 1.527 Thread 0x00007feba1804800 Exception <a 'java/security/PrivilegedActionException'> (0x00000007958d0220) thrown at [/HUDSON/workspace/8-2-build-macosx-x86_64/jdk8u5/2488/hotspot/src/share/vm/prims/jvm.cpp, line 1248]

Events (10 events):
Event: 1.516 Thread 0x00007feba1804800 DEOPT PACKING pc=0x000000010cef9693 sp=0x000000010b5e8fe0
Event: 1.516 Thread 0x00007feba1804800 DEOPT UNPACKING pc=0x000000010cd4c01a sp=0x000000010b5e8d10 mode 0
Event: 1.525 loading class org/newdawn/slick/Music
Event: 1.525 loading class org/newdawn/slick/Music done
Event: 1.527 loading class org/newdawn/slick/AngelCodeFont$DisplayList
Event: 1.527 loading class org/newdawn/slick/AngelCodeFont$DisplayList done
Event: 4.101 Executing VM operation: EnableBiasedLocking
Event: 4.101 Executing VM operation: EnableBiasedLocking done
Event: 7.949 loading class org/lwjgl/opengl/CallbackUtil
Event: 7.949 loading class org/lwjgl/opengl/CallbackUtil done


Dynamic libraries:
0x00000000014ba000 	/System/Library/Frameworks/Cocoa.framework/Versions/A/Cocoa
0x00000000014ba000 	/System/Library/Frameworks/Security.framework/Versions/A/Security
0x00000000014ba000 	/System/Library/Frameworks/ApplicationServices.framework/Versions/A/ApplicationServices
0x00000000014ba000 	/usr/lib/libz.1.dylib
0x00000000014ba000 	/usr/lib/libSystem.B.dylib
0x00000000014ba000 	/usr/lib/libobjc.A.dylib
0x00000000014ba000 	/System/Library/Frameworks/CoreFoundation.framework/Versions/A/CoreFoundation
0x00000000014ba000 	/System/Library/Frameworks/Foundation.framework/Versions/C/Foundation
0x00000000014ba000 	/System/Library/Frameworks/AppKit.framework/Versions/C/AppKit
0x00000000014ba000 	/System/Library/Frameworks/CoreData.framework/Versions/A/CoreData
0x00000000014ba000 	/System/Library/PrivateFrameworks/RemoteViewServices.framework/Versions/A/RemoteViewServices
0x00000000014ba000 	/System/Library/PrivateFrameworks/UIFoundation.framework/Versions/A/UIFoundation
0x00000000014ba000 	/System/Library/Frameworks/IOSurface.framework/Versions/A/IOSurface
0x00000000014ba000 	/System/Library/Frameworks/AudioToolbox.framework/Versions/A/AudioToolbox
0x00000000014ba000 	/System/Library/Frameworks/AudioUnit.framework/Versions/A/AudioUnit
0x00000000014ba000 	/System/Library/PrivateFrameworks/DataDetectorsCore.framework/Versions/A/DataDetectorsCore
0x00000000014ba000 	/System/Library/PrivateFrameworks/DesktopServicesPriv.framework/Versions/A/DesktopServicesPriv
0x00000000014ba000 	/System/Library/Frameworks/Carbon.framework/Versions/A/Frameworks/HIToolbox.framework/Versions/A/HIToolbox
0x00000000014ba000 	/System/Library/Frameworks/QuartzCore.framework/Versions/A/QuartzCore
0x00000000014ba000 	/System/Library/Frameworks/Carbon.framework/Versions/A/Frameworks/SpeechRecognition.framework/Versions/A/SpeechRecognition
0x00000000014ba000 	/usr/lib/libauto.dylib
0x00000000014ba000 	/usr/lib/libicucore.A.dylib
0x00000000014ba000 	/usr/lib/libxml2.2.dylib
0x00000000014ba000 	/System/Library/PrivateFrameworks/CoreUI.framework/Versions/A/CoreUI
0x00000000014ba000 	/System/Library/Frameworks/CoreAudio.framework/Versions/A/CoreAudio
0x00000000014ba000 	/System/Library/Frameworks/DiskArbitration.framework/Versions/A/DiskArbitration
0x00000000014ba000 	/usr/lib/liblangid.dylib
0x00000000014ba000 	/System/Library/PrivateFrameworks/MultitouchSupport.framework/Versions/A/MultitouchSupport
0x00000000014ba000 	/System/Library/Frameworks/IOKit.framework/Versions/A/IOKit
0x00000000014ba000 	/usr/lib/libDiagnosticMessagesClient.dylib
0x00000000014ba000 	/System/Library/Frameworks/CoreServices.framework/Versions/A/CoreServices
0x00000000014ba000 	/System/Library/PrivateFrameworks/PerformanceAnalysis.framework/Versions/A/PerformanceAnalysis
0x00000000014ba000 	/System/Library/PrivateFrameworks/GenerationalStorage.framework/Versions/A/GenerationalStorage
0x00000000014ba000 	/System/Library/Frameworks/OpenGL.framework/Versions/A/OpenGL
0x00000000014ba000 	/System/Library/PrivateFrameworks/Sharing.framework/Versions/A/Sharing
0x00000000014ba000 	/System/Library/Frameworks/CoreGraphics.framework/Versions/A/CoreGraphics
0x00000000014ba000 	/System/Library/Frameworks/CoreText.framework/Versions/A/CoreText
0x00000000014ba000 	/System/Library/Frameworks/ImageIO.framework/Versions/A/ImageIO
0x00000000014ba000 	/usr/lib/libextension.dylib
0x00000000014ba000 	/System/Library/PrivateFrameworks/Backup.framework/Versions/A/Backup
0x00000000014ba000 	/usr/lib/libarchive.2.dylib
0x00000000014ba000 	/System/Library/Frameworks/CFNetwork.framework/Versions/A/CFNetwork
0x00000000014ba000 	/System/Library/Frameworks/SystemConfiguration.framework/Versions/A/SystemConfiguration
0x00000000014ba000 	/usr/lib/libCRFSuite.dylib
0x00000000014ba000 	/usr/lib/libc++.1.dylib
0x00000000014ba000 	/usr/lib/libc++abi.dylib
0x00000000014ba000 	/usr/lib/system/libcache.dylib
0x00000000014ba000 	/usr/lib/system/libcommonCrypto.dylib
0x00000000014ba000 	/usr/lib/system/libcompiler_rt.dylib
0x00000000014ba000 	/usr/lib/system/libcopyfile.dylib
0x00000000014ba000 	/usr/lib/system/libcorecrypto.dylib
0x00000000014ba000 	/usr/lib/system/libdispatch.dylib
0x00000000014ba000 	/usr/lib/system/libdyld.dylib
0x00000000014ba000 	/usr/lib/system/libkeymgr.dylib
0x00000000014ba000 	/usr/lib/system/liblaunch.dylib
0x00000000014ba000 	/usr/lib/system/libmacho.dylib
0x00000000014ba000 	/usr/lib/system/libquarantine.dylib
0x00000000014ba000 	/usr/lib/system/libremovefile.dylib
0x00000000014ba000 	/usr/lib/system/libsystem_asl.dylib
0x00000000014ba000 	/usr/lib/system/libsystem_blocks.dylib
0x00000000014ba000 	/usr/lib/system/libsystem_c.dylib
0x00000000014ba000 	/usr/lib/system/libsystem_configuration.dylib
0x00000000014ba000 	/usr/lib/system/libsystem_coreservices.dylib
0x00000000014ba000 	/usr/lib/system/libsystem_coretls.dylib
0x00000000014ba000 	/usr/lib/system/libsystem_dnssd.dylib
0x00000000014ba000 	/usr/lib/system/libsystem_info.dylib
0x00000000014ba000 	/usr/lib/system/libsystem_kernel.dylib
0x00000000014ba000 	/usr/lib/system/libsystem_m.dylib
0x00000000014ba000 	/usr/lib/system/libsystem_malloc.dylib
0x00000000014ba000 	/usr/lib/system/libsystem_network.dylib
0x00000000014ba000 	/usr/lib/system/libsystem_networkextension.dylib
0x00000000014ba000 	/usr/lib/system/libsystem_notify.dylib
0x00000000014ba000 	/usr/lib/system/libsystem_platform.dylib
0x00000000014ba000 	/usr/lib/system/libsystem_pthread.dylib
0x00000000014ba000 	/usr/lib/system/libsystem_sandbox.dylib
0x00000000014ba000 	/usr/lib/system/libsystem_secinit.dylib
0x00000000014ba000 	/usr/lib/system/libsystem_stats.dylib
0x00000000014ba000 	/usr/lib/system/libsystem_trace.dylib
0x00000000014ba000 	/usr/lib/system/libunc.dylib
0x00000000014ba000 	/usr/lib/system/libunwind.dylib
0x00000000014ba000 	/usr/lib/system/libxpc.dylib
0x00000000014ba000 	/usr/lib/libbz2.1.0.dylib
0x00000000014ba000 	/usr/lib/liblzma.5.dylib
0x00000000014ba000 	/usr/lib/libbsm.0.dylib
0x00000000014ba000 	/usr/lib/libsqlite3.dylib
0x00000000014ba000 	/usr/lib/system/libkxld.dylib
0x00000000014ba000 	/usr/lib/libxar.1.dylib
0x00000000014ba000 	/usr/lib/libpam.2.dylib
0x00000000014ba000 	/usr/lib/libOpenScriptingUtil.dylib
0x00000000014ba000 	/System/Library/Frameworks/CoreServices.framework/Versions/A/Frameworks/FSEvents.framework/Versions/A/FSEvents
0x00000000014ba000 	/System/Library/Frameworks/CoreServices.framework/Versions/A/Frameworks/CarbonCore.framework/Versions/A/CarbonCore
0x00000000014ba000 	/System/Library/Frameworks/CoreServices.framework/Versions/A/Frameworks/Metadata.framework/Versions/A/Metadata
0x00000000014ba000 	/System/Library/Frameworks/CoreServices.framework/Versions/A/Frameworks/OSServices.framework/Versions/A/OSServices
0x00000000014ba000 	/System/Library/Frameworks/CoreServices.framework/Versions/A/Frameworks/SearchKit.framework/Versions/A/SearchKit
0x00000000014ba000 	/System/Library/Frameworks/CoreServices.framework/Versions/A/Frameworks/AE.framework/Versions/A/AE
0x00000000014ba000 	/System/Library/Frameworks/CoreServices.framework/Versions/A/Frameworks/LaunchServices.framework/Versions/A/LaunchServices
0x00000000014ba000 	/System/Library/Frameworks/CoreServices.framework/Versions/A/Frameworks/DictionaryServices.framework/Versions/A/DictionaryServices
0x00000000014ba000 	/System/Library/Frameworks/NetFS.framework/Versions/A/NetFS
0x00000000014ba000 	/System/Library/PrivateFrameworks/NetAuth.framework/Versions/A/NetAuth
0x00000000014ba000 	/System/Library/PrivateFrameworks/login.framework/Versions/A/Frameworks/loginsupport.framework/Versions/A/loginsupport
0x00000000014ba000 	/System/Library/PrivateFrameworks/TCC.framework/Versions/A/TCC
0x00000000014ba000 	/usr/lib/libmecabra.dylib
0x00000000014ba000 	/System/Library/Frameworks/ApplicationServices.framework/Versions/A/Frameworks/ATS.framework/Versions/A/ATS
0x00000000014ba000 	/System/Library/Frameworks/ApplicationServices.framework/Versions/A/Frameworks/ColorSync.framework/Versions/A/ColorSync
0x00000000014ba000 	/System/Library/Frameworks/ApplicationServices.framework/Versions/A/Frameworks/HIServices.framework/Versions/A/HIServices
0x00000000014ba000 	/System/Library/Frameworks/ApplicationServices.framework/Versions/A/Frameworks/LangAnalysis.framework/Versions/A/LangAnalysis
0x00000000014ba000 	/System/Library/Frameworks/ApplicationServices.framework/Versions/A/Frameworks/PrintCore.framework/Versions/A/PrintCore
0x00000000014ba000 	/System/Library/Frameworks/ApplicationServices.framework/Versions/A/Frameworks/QD.framework/Versions/A/QD
0x00000000014ba000 	/System/Library/Frameworks/ApplicationServices.framework/Versions/A/Frameworks/SpeechSynthesis.framework/Versions/A/SpeechSynthesis
0x00000000014ba000 	/System/Library/Frameworks/Accelerate.framework/Versions/A/Accelerate
0x00000000014ba000 	/System/Library/Frameworks/Accelerate.framework/Versions/A/Frameworks/vImage.framework/Versions/A/vImage
0x00000000014ba000 	/System/Library/Frameworks/Accelerate.framework/Versions/A/Frameworks/vecLib.framework/Versions/A/vecLib
0x00000000014ba000 	/System/Library/Frameworks/Accelerate.framework/Versions/A/Frameworks/vecLib.framework/Versions/A/libvDSP.dylib
0x00000000014ba000 	/System/Library/Frameworks/Accelerate.framework/Versions/A/Frameworks/vecLib.framework/Versions/A/libvMisc.dylib
0x00000000014ba000 	/System/Library/Frameworks/Accelerate.framework/Versions/A/Frameworks/vecLib.framework/Versions/A/libLAPACK.dylib
0x00000000014ba000 	/System/Library/Frameworks/Accelerate.framework/Versions/A/Frameworks/vecLib.framework/Versions/A/libBLAS.dylib
0x00000000014ba000 	/System/Library/Frameworks/Accelerate.framework/Versions/A/Frameworks/vecLib.framework/Versions/A/libLinearAlgebra.dylib
0x00000000014ba000 	/System/Library/Frameworks/ApplicationServices.framework/Versions/A/Frameworks/ATS.framework/Versions/A/Resources/libFontParser.dylib
0x00000000014ba000 	/System/Library/Frameworks/ApplicationServices.framework/Versions/A/Frameworks/ATS.framework/Versions/A/Resources/libFontRegistry.dylib
0x00000000014ba000 	/System/Library/PrivateFrameworks/AppleVPA.framework/Versions/A/AppleVPA
0x00000000014ba000 	/System/Library/PrivateFrameworks/AppleJPEG.framework/Versions/A/AppleJPEG
0x00000000014ba000 	/System/Library/Frameworks/ImageIO.framework/Versions/A/Resources/libJPEG.dylib
0x00000000014ba000 	/System/Library/Frameworks/ImageIO.framework/Versions/A/Resources/libTIFF.dylib
0x00000000014ba000 	/System/Library/Frameworks/ImageIO.framework/Versions/A/Resources/libPng.dylib
0x00000000014ba000 	/System/Library/Frameworks/ImageIO.framework/Versions/A/Resources/libGIF.dylib
0x00000000014ba000 	/System/Library/Frameworks/ImageIO.framework/Versions/A/Resources/libJP2.dylib
0x00000000014ba000 	/System/Library/Frameworks/ImageIO.framework/Versions/A/Resources/libRadiance.dylib
0x00000000014ba000 	/System/Library/Frameworks/CoreVideo.framework/Versions/A/CoreVideo
0x00000000014ba000 	/System/Library/Frameworks/OpenGL.framework/Versions/A/Libraries/libGLU.dylib
0x00000000014ba000 	/System/Library/Frameworks/OpenGL.framework/Versions/A/Libraries/libGFXShared.dylib
0x00000000014ba000 	/System/Library/Frameworks/OpenGL.framework/Versions/A/Libraries/libGL.dylib
0x00000000014ba000 	/System/Library/Frameworks/OpenGL.framework/Versions/A/Libraries/libGLImage.dylib
0x00000000014ba000 	/System/Library/Frameworks/OpenGL.framework/Versions/A/Libraries/libCVMSPluginSupport.dylib
0x00000000014ba000 	/System/Library/Frameworks/OpenGL.framework/Versions/A/Libraries/libCoreVMClient.dylib
0x00000000014ba000 	/usr/lib/libcups.2.dylib
0x00000000014ba000 	/System/Library/Frameworks/Kerberos.framework/Versions/A/Kerberos
0x00000000014ba000 	/System/Library/Frameworks/GSS.framework/Versions/A/GSS
0x00000000014ba000 	/usr/lib/libresolv.9.dylib
0x00000000014ba000 	/usr/lib/libiconv.2.dylib
0x00000000014ba000 	/System/Library/PrivateFrameworks/Heimdal.framework/Versions/A/Heimdal
0x00000000014ba000 	/usr/lib/libheimdal-asn1.dylib
0x00000000014ba000 	/System/Library/Frameworks/OpenDirectory.framework/Versions/A/OpenDirectory
0x00000000014ba000 	/System/Library/PrivateFrameworks/CommonAuth.framework/Versions/A/CommonAuth
0x00000000014ba000 	/System/Library/Frameworks/OpenDirectory.framework/Versions/A/Frameworks/CFOpenDirectory.framework/Versions/A/CFOpenDirectory
0x00000000014ba000 	/System/Library/Frameworks/SecurityFoundation.framework/Versions/A/SecurityFoundation
0x00000000014ba000 	/System/Library/PrivateFrameworks/LanguageModeling.framework/Versions/A/LanguageModeling
0x00000000014ba000 	/usr/lib/libcmph.dylib
0x00000000014ba000 	/System/Library/Frameworks/ServiceManagement.framework/Versions/A/ServiceManagement
0x00000000014ba000 	/usr/lib/libxslt.1.dylib
0x00000000014ba000 	/System/Library/Frameworks/Carbon.framework/Versions/A/Frameworks/Ink.framework/Versions/A/Ink
0x00000000014ba000 	/System/Library/Frameworks/QuartzCore.framework/Versions/A/Frameworks/CoreImage.framework/Versions/A/CoreImage
0x00000000014ba000 	/System/Library/PrivateFrameworks/CrashReporterSupport.framework/Versions/A/CrashReporterSupport
0x00000000014ba000 	/System/Library/Frameworks/OpenCL.framework/Versions/A/OpenCL
0x00000000014ba000 	/System/Library/PrivateFrameworks/FaceCore.framework/Versions/A/FaceCore
0x00000000014ba000 	/System/Library/PrivateFrameworks/Ubiquity.framework/Versions/A/Ubiquity
0x00000000014ba000 	/System/Library/PrivateFrameworks/IconServices.framework/Versions/A/IconServices
0x00000000014ba000 	/System/Library/PrivateFrameworks/ChunkingLibrary.framework/Versions/A/ChunkingLibrary
0x00000000014ba000 	/System/Library/PrivateFrameworks/Apple80211.framework/Versions/A/Apple80211
0x00000000014ba000 	/System/Library/Frameworks/CoreWLAN.framework/Versions/A/CoreWLAN
0x00000000014ba000 	/System/Library/Frameworks/IOBluetooth.framework/Versions/A/IOBluetooth
0x00000000014ba000 	/System/Library/PrivateFrameworks/CoreWiFi.framework/Versions/A/CoreWiFi
0x00000000014ba000 	/System/Library/Frameworks/CoreBluetooth.framework/Versions/A/CoreBluetooth
0x00000000014ba000 	/System/Library/PrivateFrameworks/DebugSymbols.framework/Versions/A/DebugSymbols
0x00000000014ba000 	/System/Library/PrivateFrameworks/CoreSymbolication.framework/Versions/A/CoreSymbolication
0x00000000014ba000 	/System/Library/PrivateFrameworks/Symbolication.framework/Versions/A/Symbolication
0x00000000014ba000 	/System/Library/PrivateFrameworks/SpeechRecognitionCore.framework/Versions/A/SpeechRecognitionCore
0x000000010be00000 	/Library/Java/JavaVirtualMachines/jdk1.8.0_05.jdk/Contents/Home/jre/lib/server/libjvm.dylib
0x00000000014ba000 	/usr/lib/libstdc++.6.dylib
0x000000010b5ec000 	/Library/Java/JavaVirtualMachines/jdk1.8.0_05.jdk/Contents/Home/jre/lib/libverify.dylib
0x000000010ccc0000 	/Library/Java/JavaVirtualMachines/jdk1.8.0_05.jdk/Contents/Home/jre/lib/libjava.dylib
0x000000010ccfc000 	/Library/Java/JavaVirtualMachines/jdk1.8.0_05.jdk/Contents/Home/jre/lib/libzip.dylib
0x0000000122d79000 	/System/Library/Frameworks/JavaVM.framework/Frameworks/JavaRuntimeSupport.framework/JavaRuntimeSupport
0x0000000122d91000 	/System/Library/Frameworks/JavaVM.framework/Versions/A/Frameworks/JavaNativeFoundation.framework/Versions/A/JavaNativeFoundation
0x0000000122da6000 	/System/Library/Frameworks/JavaVM.framework/Versions/A/JavaVM
0x00000000014ba000 	/System/Library/Frameworks/Carbon.framework/Versions/A/Carbon
0x0000000122db3000 	/System/Library/PrivateFrameworks/JavaLaunching.framework/Versions/A/JavaLaunching
0x00000000014ba000 	/System/Library/Frameworks/Carbon.framework/Versions/A/Frameworks/CommonPanels.framework/Versions/A/CommonPanels
0x00000000014ba000 	/System/Library/Frameworks/Carbon.framework/Versions/A/Frameworks/Help.framework/Versions/A/Help
0x00000000014ba000 	/System/Library/Frameworks/Carbon.framework/Versions/A/Frameworks/ImageCapture.framework/Versions/A/ImageCapture
0x00000000014ba000 	/System/Library/Frameworks/Carbon.framework/Versions/A/Frameworks/OpenScripting.framework/Versions/A/OpenScripting
0x00000000014ba000 	/System/Library/Frameworks/Carbon.framework/Versions/A/Frameworks/Print.framework/Versions/A/Print
0x00000000014ba000 	/System/Library/Frameworks/Carbon.framework/Versions/A/Frameworks/SecurityHI.framework/Versions/A/SecurityHI
0x0000000124c33000 	/Library/Java/JavaVirtualMachines/jdk1.8.0_05.jdk/Contents/Home/jre/lib/libawt.dylib
0x0000000124ce2000 	/Library/Java/JavaVirtualMachines/jdk1.8.0_05.jdk/Contents/Home/jre/lib/./libmlib_image.dylib
0x0000000124dae000 	/Library/Java/JavaVirtualMachines/jdk1.8.0_05.jdk/Contents/Home/jre/lib/libawt_lwawt.dylib
0x0000000124e60000 	/Library/Java/JavaVirtualMachines/jdk1.8.0_05.jdk/Contents/Home/jre/lib/./libosxapp.dylib
0x00000000014ba000 	/System/Library/Frameworks/ExceptionHandling.framework/Versions/A/ExceptionHandling
0x00000000014ba000 	/System/Library/PrivateFrameworks/CoreServicesInternal.framework/Versions/A/CoreServicesInternal
0x00000000014ba000 	/System/Library/PrivateFrameworks/CloudDocs.framework/Versions/A/CloudDocs
0x00000000014ba000 	/System/Library/PrivateFrameworks/CoreDuet.framework/Versions/A/CoreDuet
0x00000000014ba000 	/System/Library/Frameworks/CloudKit.framework/Versions/A/CloudKit
0x00000000014ba000 	/System/Library/PrivateFrameworks/ProtocolBuffer.framework/Versions/A/ProtocolBuffer
0x00000000014ba000 	/System/Library/PrivateFrameworks/CoreDuetDaemonProtocol.framework/Versions/A/CoreDuetDaemonProtocol
0x00000000014ba000 	/System/Library/PrivateFrameworks/CoreDuetDebugLogging.framework/Versions/A/CoreDuetDebugLogging
0x00000000014ba000 	/System/Library/Frameworks/CoreLocation.framework/Versions/A/CoreLocation
0x00000000014ba000 	/System/Library/Frameworks/Accounts.framework/Versions/A/Accounts
0x00000000014ba000 	/System/Library/PrivateFrameworks/ApplePushService.framework/Versions/A/ApplePushService
0x00000000014ba000 	/System/Library/PrivateFrameworks/GeoServices.framework/Versions/A/GeoServices
0x00000000014ba000 	/System/Library/PrivateFrameworks/OAuth.framework/Versions/A/OAuth
0x00000000014ba000 	/System/Library/PrivateFrameworks/CoreDaemon.framework/Versions/B/CoreDaemon
0x00000000014ba000 	/usr/lib/libcrypto.0.9.8.dylib
0x00000000014ba000 	/System/Library/PrivateFrameworks/AppleSRP.framework/Versions/A/AppleSRP
0x00000000014ba000 	/System/Library/PrivateFrameworks/TrustEvaluationAgent.framework/Versions/A/TrustEvaluationAgent
0x00000000014ba000 	/System/Library/Frameworks/CoreGraphics.framework/Versions/A/Resources/libCGCMS.A.dylib
0x00000000014ba000 	/System/Library/Frameworks/CoreGraphics.framework/Versions/A/Resources/libRIP.A.dylib
0x00000000014ba000 	/System/Library/Frameworks/CoreGraphics.framework/Versions/A/Resources/libCGXType.A.dylib
0x00000000014ba000 	/System/Library/Frameworks/OpenCL.framework/Versions/A/Libraries/libcldcpuengine.dylib
0x00000000014ba000 	/System/Library/PrivateFrameworks/DiskImages.framework/Versions/A/DiskImages
0x00000000014ba000 	/System/Library/Frameworks/DiscRecording.framework/Versions/A/DiscRecording
0x00000000014ba000 	/usr/lib/libcsfde.dylib
0x00000000014ba000 	/usr/lib/libcurl.4.dylib
0x00000000014ba000 	/System/Library/PrivateFrameworks/MediaKit.framework/Versions/A/MediaKit
0x00000000014ba000 	/System/Library/PrivateFrameworks/ProtectedCloudStorage.framework/Versions/A/ProtectedCloudStorage
0x00000000014ba000 	/usr/lib/libCoreStorage.dylib
0x00000000014ba000 	/System/Library/PrivateFrameworks/EFILogin.framework/Versions/A/EFILogin
0x00000000014ba000 	/usr/lib/libutil.dylib
0x00000000014ba000 	/System/Library/PrivateFrameworks/FindMyDevice.framework/Versions/A/FindMyDevice
0x00000000014ba000 	/System/Library/Frameworks/LDAP.framework/Versions/A/LDAP
0x00000000014ba000 	/usr/lib/libsasl2.2.dylib
0x0000000127cee000 	cl_kernels
0x0000000127cf0000 	/System/Library/Frameworks/OpenCL.framework/Versions/A/Libraries/ImageFormats/unorm8_bgra.dylib
0x0000000127cdf000 	cl_kernels
0x00000000014ba000 	/System/Library/PrivateFrameworks/FamilyControls.framework/Versions/A/FamilyControls
0x00000000014ba000 	/System/Library/PrivateFrameworks/CommerceKit.framework/Versions/A/Frameworks/CommerceCore.framework/Versions/A/CommerceCore
0x00000000014ba000 	/System/Library/PrivateFrameworks/SystemAdministration.framework/Versions/A/SystemAdministration
0x00000000014ba000 	/System/Library/PrivateFrameworks/AppContainer.framework/Versions/A/AppContainer
0x00000000014ba000 	/System/Library/PrivateFrameworks/SecCodeWrapper.framework/Versions/A/SecCodeWrapper
0x00000000014ba000 	/System/Library/Frameworks/DirectoryService.framework/Versions/A/DirectoryService
0x00000000014ba000 	/System/Library/PrivateFrameworks/LoginUIKit.framework/Versions/A/Frameworks/LoginUICore.framework/Versions/A/LoginUICore
0x00000000014ba000 	/usr/lib/libodfde.dylib
0x0000000128eb6000 	/Library/Java/JavaVirtualMachines/jdk1.8.0_05.jdk/Contents/Home/jre/lib/libfontmanager.dylib
0x0000000128f1c000 	/Users/CandyFace/Github-Projects/OOSE2015/native/macosx/liblwjgl.dylib
0x0000000127223000 	/Library/Java/JavaVirtualMachines/jdk1.8.0_05.jdk/Contents/Home/jre/lib/libjawt.dylib
0x00000000014ba000 	/System/Library/Frameworks/OpenGL.framework/Versions/A/Resources/GLEngine.bundle/GLEngine
0x00000000014ba000 	/System/Library/Frameworks/OpenGL.framework/Versions/A/Libraries/libGLProgrammability.dylib
0x0000000000000000 	/System/Library/Extensions/AppleIntelHD5000GraphicsGLDriver.bundle/Contents/MacOS/AppleIntelHD5000GraphicsGLDriver
0x00000000014ba000 	/System/Library/PrivateFrameworks/IOAccelerator.framework/Versions/A/IOAccelerator
0x00000000014ba000 	/System/Library/PrivateFrameworks/GPUSupport.framework/Versions/A/Libraries/libGPUSupportMercury.dylib
0x00000000014ba000 	/System/Library/Frameworks/OpenGL.framework/Versions/A/Resources/GLRendererFloat.bundle/GLRendererFloat
0x00000001296d8000 	/Users/CandyFace/Github-Projects/OOSE2015/native/macosx/libjinput-osx.dylib
0x00000001296dd000 	/System/Library/Extensions/IOHIDFamily.kext/Contents/PlugIns/IOHIDLib.plugin/Contents/MacOS/IOHIDLib
0x000000012970d000 	/Library/Java/JavaVirtualMachines/jdk1.8.0_05.jdk/Contents/Home/jre/lib/libnio.dylib
0x000000012971c000 	/Library/Java/JavaVirtualMachines/jdk1.8.0_05.jdk/Contents/Home/jre/lib/./libnet.dylib

VM Arguments:
jvm_args: -Djava.library.path=/Users/CandyFace/Github-Projects/OOSE2015/native/macosx -Dfile.encoding=UTF-8 
java_command: example.SimpleSlickGame
java_class_path (initial): /Users/CandyFace/Github-Projects/OOSE2015/bin:/Users/CandyFace/Github-Projects/OOSE2015/lib/ibxm.jar:/Users/CandyFace/Github-Projects/OOSE2015/lib/jinput.jar:/Users/CandyFace/Github-Projects/OOSE2015/lib/jogg-0.0.7.jar:/Users/CandyFace/Github-Projects/OOSE2015/lib/jorbis-0.0.15.jar:/Users/CandyFace/Github-Projects/OOSE2015/lib/lwjgl_util.jar:/Users/CandyFace/Github-Projects/OOSE2015/lib/lwjgl.jar:/Users/CandyFace/Github-Projects/OOSE2015/lib/slick-examples.jar:/Users/CandyFace/Github-Projects/OOSE2015/lib/slick.jar:/Users/CandyFace/Github-Projects/OOSE2015/lib/tinylinepp.jar
Launcher Type: SUN_STANDARD

Environment Variables:
PATH=/usr/bin:/bin:/usr/sbin:/sbin
SHELL=/bin/bash
DISPLAY=/private/tmp/com.apple.launchd.eBgY5QX1IF/org.macosforge.xquartz:0

Signal Handlers:
SIGSEGV: [libjvm.dylib+0x55f7df], sa_mask[0]=0xfffefeff, sa_flags=0x00000043
SIGBUS: [libjvm.dylib+0x55f7df], sa_mask[0]=0xfffefeff, sa_flags=0x00000042
SIGFPE: [libjvm.dylib+0x442cfa], sa_mask[0]=0xfffefeff, sa_flags=0x00000042
SIGPIPE: [libjvm.dylib+0x442cfa], sa_mask[0]=0xfffefeff, sa_flags=0x00000042
SIGXFSZ: [libjvm.dylib+0x442cfa], sa_mask[0]=0xfffefeff, sa_flags=0x00000042
SIGILL: [libjvm.dylib+0x442cfa], sa_mask[0]=0xfffefeff, sa_flags=0x00000042
SIGUSR1: SIG_DFL, sa_mask[0]=0x00000000, sa_flags=0x00000000
SIGUSR2: [libjvm.dylib+0x442818], sa_mask[0]=0x00000004, sa_flags=0x00000042
SIGHUP: [libjvm.dylib+0x440ba5], sa_mask[0]=0xfffefeff, sa_flags=0x00000042
SIGINT: [libjvm.dylib+0x440ba5], sa_mask[0]=0xfffefeff, sa_flags=0x00000042
SIGTERM: [libjvm.dylib+0x440ba5], sa_mask[0]=0xfffefeff, sa_flags=0x00000042
SIGQUIT: [libjvm.dylib+0x440ba5], sa_mask[0]=0xfffefeff, sa_flags=0x00000042


---------------  S Y S T E M  ---------------

OS:Bsduname:Darwin 14.1.0 Darwin Kernel Version 14.1.0: Mon Dec 22 23:10:38 PST 2014; root:xnu-2782.10.72~2/RELEASE_X86_64 x86_64
rlimit: STACK 8192k, CORE 0k, NPROC 709, NOFILE 10240, AS infinity
load average:1.63 1.73 1.85

CPU:total 4 (2 cores per cpu, 2 threads per core) family 6 model 69 stepping 1, cmov, cx8, fxsr, mmx, sse, sse2, sse3, ssse3, sse4.1, sse4.2, popcnt, avx, avx2, aes, clmul, erms, ht, tsc, tscinvbit

Memory: 4k page, physical 8388608k(65036k free)

/proc/meminfo:


vm_info: Java HotSpot(TM) 64-Bit Server VM (25.5-b02) for bsd-amd64 JRE (1.8.0_05-b13), built on Mar 18 2014 00:36:13 by "java_re" with gcc 4.2.1 (Based on Apple Inc. build 5658) (LLVM build 2336.11.00)

time: Thu Mar 12 10:44:11 2015
elapsed time: 7 seconds

