#
# A fatal error has been detected by the Java Runtime Environment:
#
#  SIGSEGV (0xb) at pc=0x00007fff8d8510dd, pid=8372, tid=1811
#
# JRE version: Java(TM) SE Runtime Environment (8.0_05-b13) (build 1.8.0_05-b13)
# Java VM: Java HotSpot(TM) 64-Bit Server VM (25.5-b02 mixed mode bsd-amd64 compressed oops)
# Problematic frame:
# C  [libobjc.A.dylib+0x10dd]  objc_msgSend+0x1d
#
# Failed to write core dump. Core dumps have been disabled. To enable core dumping, try "ulimit -c unlimited" before starting Java again
#
# If you would like to submit a bug report, please visit:
#   http://bugreport.sun.com/bugreport/crash.jsp
# The crash happened outside the Java Virtual Machine in native code.
# See problematic frame for where to report the bug.
#

---------------  T H R E A D  ---------------

Current thread (0x00007ff5f90cb000):  JavaThread "AppKit Thread" daemon [_thread_in_native, id=1811, stack(0x00007fff55d75000,0x00007fff56575000)]

siginfo:si_signo=SIGSEGV: si_errno=0, si_code=1 (SEGV_MAPERR), si_addr=0x000007ff5f853fd8

Registers:
RAX=0x00007ff5f855f700, RBX=0x00007fff565706c8, RCX=0x0000000000000000, RDX=0x00007ff5f86df6a0
RSP=0x00007fff565704e8, RBP=0x00007fff565704f0, RSI=0x00007fff8fe6f2b4, RDI=0x00007ff5f855f700
R8 =0x00007fff565704d0, R9 =0x0000000000000062, R10=0x00007fff8fe6f2b4, R11=0x000007ff5f853fc0
R12=0x00007ff5f8618e60, R13=0x00000000000f42fd, R14=0x00007ff5f866e6b0, R15=0x00007fff56570628
RIP=0x00007fff8d8510dd, EFLAGS=0x0000000000010206, ERR=0x0000000000000004
  TRAPNO=0x000000000000000e

Top of Stack: (sp=0x00007fff565704e8)
0x00007fff565704e8:   00007fff9431ccdc 00007fff56570850
0x00007fff565704f8:   00007fff9420e244 00007fff5657057c
0x00007fff56570508:   00007fff56570580 00007fff56570584
0x00007fff56570518:   00007fff78ba3c88 ffffffffffffffff
0x00007fff56570528:   0000000000000930 00007fff78ba3ca0
0x00007fff56570538:   00007ff5f866e6b0 0000000000000000
0x00007fff56570548:   00007fff56570620 0000000000000000
0x00007fff56570558:   00007ff5f874dbb0 00007fff565706a0
0x00007fff56570568:   0000000000000062 00000000000f42ff
0x00007fff56570578:   00007ff5f86df6a0 00007ff5f874d5e0
0x00007fff56570588:   00007ff5f8618e60 0000000000000001
0x00007fff56570598:   00000000000f42fd 00007ff5f8618e50
0x00007fff565705a8:   00007fff917937ba 00000001f85430a0
0x00007fff565705b8:   00007fff792880d0 0000000042000000
0x00007fff565705c8:   00007fff9179be13 00007fff78b6e1d0
0x00007fff565705d8:   00007fff565706a8 0000000000000000
0x00007fff565705e8:   00007fff782a88c8 0000000000000000
0x00007fff565705f8:   0000000000000019 0005490300000001
0x00007fff56570608:   00007ff5f8618e84 0000000000000000
0x00007fff56570618:   000000000041d801 00007ff5f874dc30
0x00007fff56570628:   00007ff5f866e6b0 0000000000000000
0x00007fff56570638:   00007fff8fea734c 00007fff565706e0
0x00007fff56570648:   00007fff8a378513 00007fff565706c4
0x00007fff56570658:   000000000041d901 00000000ffffffff
0x00007fff56570668:   00007fff782a88c8 000000000041d900
0x00007fff56570678:   00007fff00000000 00007fff56570770
0x00007fff56570688:   00007fff92142edc 00007fff782a88e8
0x00007fff56570698:   00007fff8fea734c 0000000000000051
0x00007fff565706a8:   0000000000000000 00000000000f42e1
0x00007fff565706b8:   0000000000000053 0000000000000000
0x00007fff565706c8:   00000000000f42fd 00007fff56570744
0x00007fff565706d8:   000000000041e301 00000000ffffffff 

Instructions: (pc=0x00007fff8d8510dd)
0x00007fff8d8510bd:   00 00 00 48 85 ff 2e 74 7a 40 f6 c7 01 2e 75 7e
0x00007fff8d8510cd:   49 bb f8 ff ff ff ff 7f 00 00 4c 23 1f 49 89 f2
0x00007fff8d8510dd:   45 23 53 18 49 c1 e2 04 4d 03 53 10 49 3b 32 75
0x00007fff8d8510ed:   04 41 ff 62 08 49 83 3a 00 74 6a 4d 3b 53 10 74 

Register to memory mapping:

RAX=0x00007ff5f855f700 is an unknown value
RBX=0x00007fff565706c8 is pointing into the stack for thread: 0x00007ff5f90cb000
RCX=0x0000000000000000 is an unknown value
RDX=0x00007ff5f86df6a0 is an unknown value
RSP=0x00007fff565704e8 is pointing into the stack for thread: 0x00007ff5f90cb000
RBP=0x00007fff565704f0 is pointing into the stack for thread: 0x00007ff5f90cb000
RSI=0x00007fff8fe6f2b4: -[NSTitlebarContainerView shouldRoundCorners]+0x5ced6 in /System/Library/Frameworks/AppKit.framework/Versions/C/AppKit at 0x00007fff8f49e000
RDI=0x00007ff5f855f700 is an unknown value
R8 =0x00007fff565704d0 is pointing into the stack for thread: 0x00007ff5f90cb000
R9 =0x0000000000000062 is an unknown value
R10=0x00007fff8fe6f2b4: -[NSTitlebarContainerView shouldRoundCorners]+0x5ced6 in /System/Library/Frameworks/AppKit.framework/Versions/C/AppKit at 0x00007fff8f49e000
R11=0x000007ff5f853fc0 is an unknown value
R12=0x00007ff5f8618e60 is an unknown value
R13=0x00000000000f42fd is an unknown value
R14=0x00007ff5f866e6b0 is an unknown value
R15=0x00007fff56570628 is pointing into the stack for thread: 0x00007ff5f90cb000


Stack: [0x00007fff55d75000,0x00007fff56575000],  sp=0x00007fff565704e8,  free space=8173k
Native frames: (J=compiled Java code, j=interpreted, Vv=VM code, C=native code)
C  [libobjc.A.dylib+0x10dd]  objc_msgSend+0x1d
C  [CoreFoundation+0x10244]  _CFXNotificationPost+0xc44
C  [Foundation+0x2c31]  -[NSNotificationCenter postNotificationName:object:userInfo:]+0x42
C  [AppKit+0xdd776]  -[NSSurface _disposeSurface]+0x98
C  [AppKit+0xdd1da]  -[NSSurface setWindow:]+0x42
C  [AppKit+0x3b9ef]  -[NSView _setWindow:]+0xa22
C  [AppKit+0x3cc22]  -[NSView removeFromSuperview]+0x1c5
C  [AppKit+0x9140a]  -[NSView removeFromSuperviewWithoutNeedingDisplay]+0x26
C  [liblwjgl.dylib+0xa205]  +[MacOSXKeyableWindow destroyWindow]+0xb5
C  [Foundation+0x65cdc]  __NSThreadPerformPerform+0x125
C  [CoreFoundation+0x80681]  __CFRUNLOOP_IS_CALLING_OUT_TO_A_SOURCE0_PERFORM_FUNCTION__+0x11
C  [CoreFoundation+0x7280d]  __CFRunLoopDoSources0+0x10d
C  [CoreFoundation+0x71e3f]  __CFRunLoopRun+0x39f
C  [CoreFoundation+0x71858]  CFRunLoopRunSpecific+0x128
C  [HIToolbox+0x2eaef]  RunCurrentEventLoopInMode+0xeb
C  [HIToolbox+0x2e76e]  ReceiveNextEventCommon+0xb3
C  [HIToolbox+0x2e6ab]  _BlockUntilNextEventMatchingListInModeWithFilter+0x47
C  [AppKit+0x23f81]  _DPSNextEvent+0x3c4
C  [AppKit+0x23730]  -[NSApplication nextEventMatchingMask:untilDate:inMode:dequeue:]+0xc2
C  [libosxapp.dylib+0x242a]  -[NSApplicationAWT nextEventMatchingMask:untilDate:inMode:dequeue:]+0x7c
C  [AppKit+0x17593]  -[NSApplication run]+0x252
C  [libosxapp.dylib+0x223e]  +[NSApplicationAWT runAWTLoopWithApp:]+0x9c
C  [libawt_lwawt.dylib+0x439cf]  -[AWTStarter starter:]+0x389
C  [Foundation+0x65cdc]  __NSThreadPerformPerform+0x125
C  [CoreFoundation+0x80681]  __CFRUNLOOP_IS_CALLING_OUT_TO_A_SOURCE0_PERFORM_FUNCTION__+0x11
C  [CoreFoundation+0x7280d]  __CFRunLoopDoSources0+0x10d
C  [CoreFoundation+0x71e3f]  __CFRunLoopRun+0x39f
C  [CoreFoundation+0x71858]  CFRunLoopRunSpecific+0x128
C  [java+0x56cb]  CreateExecutionEnvironment+0x367
C  [java+0x166c]  JLI_Launch+0x7a0
C  [java+0x7689]  main+0x65
C  [java+0xec4]  start+0x34


---------------  P R O C E S S  ---------------

Java Threads: ( => current thread )
  0x00007ff5fa08a000 JavaThread "AWT-Shutdown" [_thread_blocked, id=29535, stack(0x0000000123229000,0x0000000123329000)]
  0x00007ff5fa250800 JavaThread "Java2D Queue Flusher" daemon [_thread_blocked, id=53255, stack(0x00000001283df000,0x00000001284df000)]
  0x00007ff5f91a9800 JavaThread "Java2D Disposer" daemon [_thread_blocked, id=52299, stack(0x00000001282dc000,0x00000001283dc000)]
=>0x00007ff5f90cb000 JavaThread "AppKit Thread" daemon [_thread_in_native, id=1811, stack(0x00007fff55d75000,0x00007fff56575000)]
  0x00007ff5f905c000 JavaThread "Service Thread" daemon [_thread_blocked, id=18179, stack(0x0000000122c84000,0x0000000122d84000)]
  0x00007ff5f9812000 JavaThread "C1 CompilerThread2" daemon [_thread_blocked, id=17667, stack(0x0000000122b81000,0x0000000122c81000)]
  0x00007ff5f9053800 JavaThread "C2 CompilerThread1" daemon [_thread_blocked, id=17155, stack(0x0000000122a7e000,0x0000000122b7e000)]
  0x00007ff5fa002000 JavaThread "C2 CompilerThread0" daemon [_thread_blocked, id=16643, stack(0x000000012297b000,0x0000000122a7b000)]
  0x00007ff5f9036000 JavaThread "Signal Dispatcher" daemon [_thread_blocked, id=15895, stack(0x0000000122878000,0x0000000122978000)]
  0x00007ff5f904d000 JavaThread "Finalizer" daemon [_thread_blocked, id=11523, stack(0x0000000120f4a000,0x000000012104a000)]
  0x00007ff5f9001000 JavaThread "Reference Handler" daemon [_thread_blocked, id=11011, stack(0x0000000120e47000,0x0000000120f47000)]
  0x00007ff5f9002800 JavaThread "main" [_thread_in_native, id=3331, stack(0x000000010a64a000,0x000000010a74a000)]

Other Threads:
  0x00007ff5f8824000 VMThread [stack: 0x0000000120d44000,0x0000000120e44000] [id=10499]
  0x00007ff5f981b800 WatcherThread [stack: 0x0000000122d87000,0x0000000122e87000] [id=18691]

VM state:not at safepoint (normal execution)

VM Mutex/Monitor currently owned by a thread: None

Heap:
 PSYoungGen      total 14336K, used 12494K [0x0000000795580000, 0x0000000796980000, 0x00000007c0000000)
  eden space 9728K, 87% used [0x0000000795580000,0x0000000795dc6e08,0x0000000795f00000)
  from space 4608K, 87% used [0x0000000796400000,0x00000007967ecac0,0x0000000796880000)
  to   space 5120K, 0% used [0x0000000795f00000,0x0000000795f00000,0x0000000796400000)
 ParOldGen       total 129536K, used 11661K [0x0000000740000000, 0x0000000747e80000, 0x0000000795580000)
  object space 129536K, 9% used [0x0000000740000000,0x0000000740b635f0,0x0000000747e80000)
 Metaspace       used 9234K, capacity 9413K, committed 9472K, reserved 1058816K
  class space    used 973K, capacity 1021K, committed 1024K, reserved 1048576K

Card table byte_map: [0x000000011a3c0000,0x000000011a7c1000] byte_map_base: 0x00000001169c0000

Marking Bits: (ParMarkBitMap*) 0x0000000109fef0a0
 Begin Bits: [0x000000011ae78000, 0x000000011ce78000)
 End Bits:   [0x000000011ce78000, 0x000000011ee78000)

Polling page: 0x000000010a7a5000

CodeCache: size=245760Kb used=3889Kb max_used=3900Kb free=241871Kb
 bounds [0x000000010b000000, 0x000000010b3e0000, 0x000000011a000000]
 total_blobs=1513 nmethods=1010 adapters=419
 compilation: enabled

Compilation events (10 events):
Event: 93.243 Thread 0x00007ff5fa002000 1006       4       example.SimpleSlickGame::update (15 bytes)
Event: 93.244 Thread 0x00007ff5fa002000 nmethod 1006 0x000000010b3b3bd0 code [0x000000010b3b3d20, 0x000000010b3b3e08]
Event: 95.359 Thread 0x00007ff5f9053800 1007       4       org.newdawn.slick.AppGameContainer::hasFocus (4 bytes)
Event: 95.359 Thread 0x00007ff5fa002000 1008       4       example.SimpleSlickGame::render (35 bytes)
Event: 95.361 Thread 0x00007ff5f9053800 nmethod 1007 0x000000010b3c29d0 code [0x000000010b3c2b40, 0x000000010b3c2f38]
Event: 95.361 Thread 0x00007ff5f9053800 1009       4       example.Asteroids::render (37 bytes)
Event: 95.365 Thread 0x00007ff5f9053800 nmethod 1009 0x000000010b3c3b10 code [0x000000010b3c3ca0, 0x000000010b3c3f28]
Event: 95.366 Thread 0x00007ff5fa002000 nmethod 1008 0x000000010b3bced0 code [0x000000010b3bd0e0, 0x000000010b3bd770]
Event: 100.064 Thread 0x00007ff5f9053800 1010       4       java.lang.ThreadLocal$ThreadLocalMap::access$000 (6 bytes)
Event: 100.066 Thread 0x00007ff5f9053800 nmethod 1010 0x000000010b3bca90 code [0x000000010b3bcbe0, 0x000000010b3bcd08]

GC Heap History (10 events):
Event: 0.607 GC heap before
{Heap before GC invocations=6 (full 0):
 PSYoungGen      total 2560K, used 2544K [0x0000000795580000, 0x0000000795c80000, 0x00000007c0000000)
  eden space 2048K, 100% used [0x0000000795580000,0x0000000795780000,0x0000000795780000)
  from space 512K, 96% used [0x0000000795780000,0x00000007957fc010,0x0000000795800000)
  to   space 1536K, 0% used [0x0000000795b00000,0x0000000795b00000,0x0000000795c80000)
 ParOldGen       total 129536K, used 1154K [0x0000000740000000, 0x0000000747e80000, 0x0000000795580000)
  object space 129536K, 0% used [0x0000000740000000,0x00000007401209d8,0x0000000747e80000)
 Metaspace       used 6285K, capacity 6423K, committed 6656K, reserved 1056768K
  class space    used 638K, capacity 690K, committed 768K, reserved 1048576K
Event: 0.609 GC heap after
Heap after GC invocations=6 (full 0):
 PSYoungGen      total 5632K, used 1127K [0x0000000795580000, 0x0000000795c80000, 0x00000007c0000000)
  eden space 4096K, 0% used [0x0000000795580000,0x0000000795580000,0x0000000795980000)
  from space 1536K, 73% used [0x0000000795b00000,0x0000000795c19f80,0x0000000795c80000)
  to   space 1536K, 0% used [0x0000000795980000,0x0000000795980000,0x0000000795b00000)
 ParOldGen       total 129536K, used 1162K [0x0000000740000000, 0x0000000747e80000, 0x0000000795580000)
  object space 129536K, 0% used [0x0000000740000000,0x00000007401229d8,0x0000000747e80000)
 Metaspace       used 6285K, capacity 6423K, committed 6656K, reserved 1056768K
  class space    used 638K, capacity 690K, committed 768K, reserved 1048576K
}
Event: 1.138 GC heap before
{Heap before GC invocations=7 (full 0):
 PSYoungGen      total 5632K, used 5223K [0x0000000795580000, 0x0000000795c80000, 0x00000007c0000000)
  eden space 4096K, 100% used [0x0000000795580000,0x0000000795980000,0x0000000795980000)
  from space 1536K, 73% used [0x0000000795b00000,0x0000000795c19f80,0x0000000795c80000)
  to   space 1536K, 0% used [0x0000000795980000,0x0000000795980000,0x0000000795b00000)
 ParOldGen       total 129536K, used 1162K [0x0000000740000000, 0x0000000747e80000, 0x0000000795580000)
  object space 129536K, 0% used [0x0000000740000000,0x00000007401229d8,0x0000000747e80000)
 Metaspace       used 6593K, capacity 6723K, committed 6912K, reserved 1056768K
  class space    used 674K, capacity 724K, committed 768K, reserved 1048576K
Event: 1.144 GC heap after
Heap after GC invocations=7 (full 0):
 PSYoungGen      total 5632K, used 1526K [0x0000000795580000, 0x0000000796280000, 0x00000007c0000000)
  eden space 4096K, 0% used [0x0000000795580000,0x0000000795580000,0x0000000795980000)
  from space 1536K, 99% used [0x0000000795980000,0x0000000795afd858,0x0000000795b00000)
  to   space 2560K, 0% used [0x0000000796000000,0x0000000796000000,0x0000000796280000)
 ParOldGen       total 129536K, used 2943K [0x0000000740000000, 0x0000000747e80000, 0x0000000795580000)
  object space 129536K, 2% used [0x0000000740000000,0x00000007402dfe30,0x0000000747e80000)
 Metaspace       used 6593K, capacity 6723K, committed 6912K, reserved 1056768K
  class space    used 674K, capacity 724K, committed 768K, reserved 1048576K
}
Event: 1.351 GC heap before
{Heap before GC invocations=8 (full 0):
 PSYoungGen      total 5632K, used 5622K [0x0000000795580000, 0x0000000796280000, 0x00000007c0000000)
  eden space 4096K, 100% used [0x0000000795580000,0x0000000795980000,0x0000000795980000)
  from space 1536K, 99% used [0x0000000795980000,0x0000000795afd858,0x0000000795b00000)
  to   space 2560K, 0% used [0x0000000796000000,0x0000000796000000,0x0000000796280000)
 ParOldGen       total 129536K, used 2943K [0x0000000740000000, 0x0000000747e80000, 0x0000000795580000)
  object space 129536K, 2% used [0x0000000740000000,0x00000007402dfe30,0x0000000747e80000)
 Metaspace       used 9029K, capacity 9285K, committed 9472K, reserved 1058816K
  class space    used 966K, capacity 1021K, committed 1024K, reserved 1048576K
Event: 1.356 GC heap after
Heap after GC invocations=8 (full 0):
 PSYoungGen      total 8704K, used 2548K [0x0000000795580000, 0x0000000796680000, 0x00000007c0000000)
  eden space 6144K, 0% used [0x0000000795580000,0x0000000795580000,0x0000000795b80000)
  from space 2560K, 99% used [0x0000000796000000,0x000000079627d308,0x0000000796280000)
  to   space 4608K, 0% used [0x0000000795b80000,0x0000000795b80000,0x0000000796000000)
 ParOldGen       total 129536K, used 6066K [0x0000000740000000, 0x0000000747e80000, 0x0000000795580000)
  object space 129536K, 4% used [0x0000000740000000,0x00000007405ec948,0x0000000747e80000)
 Metaspace       used 9029K, capacity 9285K, committed 9472K, reserved 1058816K
  class space    used 966K, capacity 1021K, committed 1024K, reserved 1048576K
}
Event: 1.407 GC heap before
{Heap before GC invocations=9 (full 0):
 PSYoungGen      total 8704K, used 8692K [0x0000000795580000, 0x0000000796680000, 0x00000007c0000000)
  eden space 6144K, 100% used [0x0000000795580000,0x0000000795b80000,0x0000000795b80000)
  from space 2560K, 99% used [0x0000000796000000,0x000000079627d308,0x0000000796280000)
  to   space 4608K, 0% used [0x0000000795b80000,0x0000000795b80000,0x0000000796000000)
 ParOldGen       total 129536K, used 6066K [0x0000000740000000, 0x0000000747e80000, 0x0000000795580000)
  object space 129536K, 4% used [0x0000000740000000,0x00000007405ec948,0x0000000747e80000)
 Metaspace       used 9042K, capacity 9285K, committed 9472K, reserved 1058816K
  class space    used 966K, capacity 1021K, committed 1024K, reserved 1048576K
Event: 1.410 GC heap after
Heap after GC invocations=9 (full 0):
 PSYoungGen      total 10752K, used 2228K [0x0000000795580000, 0x0000000796880000, 0x00000007c0000000)
  eden space 6144K, 0% used [0x0000000795580000,0x0000000795580000,0x0000000795b80000)
  from space 4608K, 48% used [0x0000000795b80000,0x0000000795dad308,0x0000000796000000)
  to   space 4608K, 0% used [0x0000000796400000,0x0000000796400000,0x0000000796880000)
 ParOldGen       total 129536K, used 6435K [0x0000000740000000, 0x0000000747e80000, 0x0000000795580000)
  object space 129536K, 4% used [0x0000000740000000,0x0000000740648fd0,0x0000000747e80000)
 Metaspace       used 9042K, capacity 9285K, committed 9472K, reserved 1058816K
  class space    used 966K, capacity 1021K, committed 1024K, reserved 1048576K
}
Event: 1.458 GC heap before
{Heap before GC invocations=10 (full 0):
 PSYoungGen      total 10752K, used 8372K [0x0000000795580000, 0x0000000796880000, 0x00000007c0000000)
  eden space 6144K, 100% used [0x0000000795580000,0x0000000795b80000,0x0000000795b80000)
  from space 4608K, 48% used [0x0000000795b80000,0x0000000795dad308,0x0000000796000000)
  to   space 4608K, 0% used [0x0000000796400000,0x0000000796400000,0x0000000796880000)
 ParOldGen       total 129536K, used 6435K [0x0000000740000000, 0x0000000747e80000, 0x0000000795580000)
  object space 129536K, 4% used [0x0000000740000000,0x0000000740648fd0,0x0000000747e80000)
 Metaspace       used 9055K, capacity 9285K, committed 9472K, reserved 1058816K
  class space    used 967K, capacity 1021K, committed 1024K, reserved 1048576K
Event: 1.467 GC heap after
Heap after GC invocations=10 (full 0):
 PSYoungGen      total 14336K, used 4018K [0x0000000795580000, 0x0000000796980000, 0x00000007c0000000)
  eden space 9728K, 0% used [0x0000000795580000,0x0000000795580000,0x0000000795f00000)
  from space 4608K, 87% used [0x0000000796400000,0x00000007967ecac0,0x0000000796880000)
  to   space 5120K, 0% used [0x0000000795f00000,0x0000000795f00000,0x0000000796400000)
 ParOldGen       total 129536K, used 11661K [0x0000000740000000, 0x0000000747e80000, 0x0000000795580000)
  object space 129536K, 9% used [0x0000000740000000,0x0000000740b635f0,0x0000000747e80000)
 Metaspace       used 9055K, capacity 9285K, committed 9472K, reserved 1058816K
  class space    used 967K, capacity 1021K, committed 1024K, reserved 1048576K
}

Deoptimization events (5 events):
Event: 1.237 Thread 0x00007ff5f9002800 Uncommon trap: reason=class_check action=maybe_recompile pc=0x000000010b216118 method=java.util.HashMap.putVal(ILjava/lang/Object;Ljava/lang/Object;ZZ)Ljava/lang/Object; @ 253
Event: 1.237 Thread 0x00007ff5f9002800 Uncommon trap: reason=class_check action=maybe_recompile pc=0x000000010b216118 method=java.util.HashMap.putVal(ILjava/lang/Object;Ljava/lang/Object;ZZ)Ljava/lang/Object; @ 253
Event: 1.238 Thread 0x00007ff5f9002800 Uncommon trap: reason=class_check action=maybe_recompile pc=0x000000010b216118 method=java.util.HashMap.putVal(ILjava/lang/Object;Ljava/lang/Object;ZZ)Ljava/lang/Object; @ 253
Event: 1.238 Thread 0x00007ff5f9002800 Uncommon trap: reason=class_check action=maybe_recompile pc=0x000000010b216118 method=java.util.HashMap.putVal(ILjava/lang/Object;Ljava/lang/Object;ZZ)Ljava/lang/Object; @ 253
Event: 48.274 Thread 0x00007ff5f9002800 Uncommon trap: reason=null_check action=make_not_entrant pc=0x000000010b39d504 method=org.newdawn.slick.AngelCodeFont.drawString(FFLjava/lang/String;Lorg/newdawn/slick/Color;II)V @ 54

Internal exceptions (10 events):
Event: 0.719 Thread 0x00007ff5f9002800 Exception <a 'java/security/PrivilegedActionException'> (0x00000007957e06e8) thrown at [/HUDSON/workspace/8-2-build-macosx-x86_64/jdk8u5/2488/hotspot/src/share/vm/prims/jvm.cpp, line 1248]
Event: 1.173 Thread 0x00007ff5f9002800 Exception <a 'java/security/PrivilegedActionException'> (0x000000079569e448) thrown at [/HUDSON/workspace/8-2-build-macosx-x86_64/jdk8u5/2488/hotspot/src/share/vm/prims/jvm.cpp, line 1248]
Event: 1.174 Thread 0x00007ff5f9002800 Exception <a 'java/security/PrivilegedActionException'> (0x00000007956a2dc0) thrown at [/HUDSON/workspace/8-2-build-macosx-x86_64/jdk8u5/2488/hotspot/src/share/vm/prims/jvm.cpp, line 1248]
Event: 1.174 Thread 0x00007ff5f9002800 Exception <a 'java/security/PrivilegedActionException'> (0x00000007956a59a0) thrown at [/HUDSON/workspace/8-2-build-macosx-x86_64/jdk8u5/2488/hotspot/src/share/vm/prims/jvm.cpp, line 1248]
Event: 1.497 Thread 0x00007ff5f9002800 Exception <a 'java/security/PrivilegedActionException'> (0x0000000795ac3dc0) thrown at [/HUDSON/workspace/8-2-build-macosx-x86_64/jdk8u5/2488/hotspot/src/share/vm/prims/jvm.cpp, line 1248]
Event: 1.499 Thread 0x00007ff5f9002800 Exception <a 'java/security/PrivilegedActionException'> (0x0000000795acc2b8) thrown at [/HUDSON/workspace/8-2-build-macosx-x86_64/jdk8u5/2488/hotspot/src/share/vm/prims/jvm.cpp, line 1248]
Event: 1.503 Thread 0x00007ff5f9002800 Exception <a 'java/security/PrivilegedActionException'> (0x0000000795ad1300) thrown at [/HUDSON/workspace/8-2-build-macosx-x86_64/jdk8u5/2488/hotspot/src/share/vm/prims/jvm.cpp, line 1248]
Event: 1.504 Thread 0x00007ff5f9002800 Exception <a 'java/security/PrivilegedActionException'> (0x0000000795ad6040) thrown at [/HUDSON/workspace/8-2-build-macosx-x86_64/jdk8u5/2488/hotspot/src/share/vm/prims/jvm.cpp, line 1248]
Event: 48.274 Thread 0x00007ff5f9002800 Implicit null exception at 0x000000010b39cf53 to 0x000000010b39d4f5
Event: 100.064 Thread 0x00007ff5f9002800 Exception <a 'java/security/PrivilegedActionException'> (0x0000000795da6778) thrown at [/HUDSON/workspace/8-2-build-macosx-x86_64/jdk8u5/2488/hotspot/src/share/vm/prims/jvm.cpp, line 1248]

Events (10 events):
Event: 82.329 Executing VM operation: RevokeBias
Event: 82.329 Executing VM operation: RevokeBias done
Event: 82.329 Thread 0x00007ff5fa284000 Thread exited: 0x00007ff5fa284000
Event: 84.637 Thread 0x00007ff5f9339800 Thread added: 0x00007ff5f9339800
Event: 85.641 Executing VM operation: RevokeBias
Event: 85.641 Executing VM operation: RevokeBias done
Event: 85.641 Thread 0x00007ff5f9339800 Thread exited: 0x00007ff5f9339800
Event: 98.777 Thread 0x00007ff5fa08a000 Thread added: 0x00007ff5fa08a000
Event: 100.064 loading class org/lwjgl/opengl/CallbackUtil
Event: 100.064 loading class org/lwjgl/opengl/CallbackUtil done


Dynamic libraries:
0x0000000006f41000 	/System/Library/Frameworks/Cocoa.framework/Versions/A/Cocoa
0x0000000006f41000 	/System/Library/Frameworks/Security.framework/Versions/A/Security
0x0000000006f41000 	/System/Library/Frameworks/ApplicationServices.framework/Versions/A/ApplicationServices
0x0000000006f41000 	/usr/lib/libz.1.dylib
0x0000000006f41000 	/usr/lib/libSystem.B.dylib
0x0000000006f41000 	/usr/lib/libobjc.A.dylib
0x0000000006f41000 	/System/Library/Frameworks/CoreFoundation.framework/Versions/A/CoreFoundation
0x0000000006f41000 	/System/Library/Frameworks/Foundation.framework/Versions/C/Foundation
0x0000000006f41000 	/System/Library/Frameworks/AppKit.framework/Versions/C/AppKit
0x0000000006f41000 	/System/Library/Frameworks/CoreData.framework/Versions/A/CoreData
0x0000000006f41000 	/System/Library/PrivateFrameworks/RemoteViewServices.framework/Versions/A/RemoteViewServices
0x0000000006f41000 	/System/Library/PrivateFrameworks/UIFoundation.framework/Versions/A/UIFoundation
0x0000000006f41000 	/System/Library/Frameworks/IOSurface.framework/Versions/A/IOSurface
0x0000000006f41000 	/System/Library/Frameworks/AudioToolbox.framework/Versions/A/AudioToolbox
0x0000000006f41000 	/System/Library/Frameworks/AudioUnit.framework/Versions/A/AudioUnit
0x0000000006f41000 	/System/Library/PrivateFrameworks/DataDetectorsCore.framework/Versions/A/DataDetectorsCore
0x0000000006f41000 	/System/Library/PrivateFrameworks/DesktopServicesPriv.framework/Versions/A/DesktopServicesPriv
0x0000000006f41000 	/System/Library/Frameworks/Carbon.framework/Versions/A/Frameworks/HIToolbox.framework/Versions/A/HIToolbox
0x0000000006f41000 	/System/Library/Frameworks/QuartzCore.framework/Versions/A/QuartzCore
0x0000000006f41000 	/System/Library/Frameworks/Carbon.framework/Versions/A/Frameworks/SpeechRecognition.framework/Versions/A/SpeechRecognition
0x0000000006f41000 	/usr/lib/libauto.dylib
0x0000000006f41000 	/usr/lib/libicucore.A.dylib
0x0000000006f41000 	/usr/lib/libxml2.2.dylib
0x0000000006f41000 	/System/Library/PrivateFrameworks/CoreUI.framework/Versions/A/CoreUI
0x0000000006f41000 	/System/Library/Frameworks/CoreAudio.framework/Versions/A/CoreAudio
0x0000000006f41000 	/System/Library/Frameworks/DiskArbitration.framework/Versions/A/DiskArbitration
0x0000000006f41000 	/usr/lib/liblangid.dylib
0x0000000006f41000 	/System/Library/PrivateFrameworks/MultitouchSupport.framework/Versions/A/MultitouchSupport
0x0000000006f41000 	/System/Library/Frameworks/IOKit.framework/Versions/A/IOKit
0x0000000006f41000 	/usr/lib/libDiagnosticMessagesClient.dylib
0x0000000006f41000 	/System/Library/Frameworks/CoreServices.framework/Versions/A/CoreServices
0x0000000006f41000 	/System/Library/PrivateFrameworks/PerformanceAnalysis.framework/Versions/A/PerformanceAnalysis
0x0000000006f41000 	/System/Library/PrivateFrameworks/GenerationalStorage.framework/Versions/A/GenerationalStorage
0x0000000006f41000 	/System/Library/Frameworks/OpenGL.framework/Versions/A/OpenGL
0x0000000006f41000 	/System/Library/PrivateFrameworks/Sharing.framework/Versions/A/Sharing
0x0000000006f41000 	/System/Library/Frameworks/CoreGraphics.framework/Versions/A/CoreGraphics
0x0000000006f41000 	/System/Library/Frameworks/CoreText.framework/Versions/A/CoreText
0x0000000006f41000 	/System/Library/Frameworks/ImageIO.framework/Versions/A/ImageIO
0x0000000006f41000 	/usr/lib/libextension.dylib
0x0000000006f41000 	/System/Library/PrivateFrameworks/Backup.framework/Versions/A/Backup
0x0000000006f41000 	/usr/lib/libarchive.2.dylib
0x0000000006f41000 	/System/Library/Frameworks/CFNetwork.framework/Versions/A/CFNetwork
0x0000000006f41000 	/System/Library/Frameworks/SystemConfiguration.framework/Versions/A/SystemConfiguration
0x0000000006f41000 	/usr/lib/libCRFSuite.dylib
0x0000000006f41000 	/usr/lib/libc++.1.dylib
0x0000000006f41000 	/usr/lib/libc++abi.dylib
0x0000000006f41000 	/usr/lib/system/libcache.dylib
0x0000000006f41000 	/usr/lib/system/libcommonCrypto.dylib
0x0000000006f41000 	/usr/lib/system/libcompiler_rt.dylib
0x0000000006f41000 	/usr/lib/system/libcopyfile.dylib
0x0000000006f41000 	/usr/lib/system/libcorecrypto.dylib
0x0000000006f41000 	/usr/lib/system/libdispatch.dylib
0x0000000006f41000 	/usr/lib/system/libdyld.dylib
0x0000000006f41000 	/usr/lib/system/libkeymgr.dylib
0x0000000006f41000 	/usr/lib/system/liblaunch.dylib
0x0000000006f41000 	/usr/lib/system/libmacho.dylib
0x0000000006f41000 	/usr/lib/system/libquarantine.dylib
0x0000000006f41000 	/usr/lib/system/libremovefile.dylib
0x0000000006f41000 	/usr/lib/system/libsystem_asl.dylib
0x0000000006f41000 	/usr/lib/system/libsystem_blocks.dylib
0x0000000006f41000 	/usr/lib/system/libsystem_c.dylib
0x0000000006f41000 	/usr/lib/system/libsystem_configuration.dylib
0x0000000006f41000 	/usr/lib/system/libsystem_coreservices.dylib
0x0000000006f41000 	/usr/lib/system/libsystem_coretls.dylib
0x0000000006f41000 	/usr/lib/system/libsystem_dnssd.dylib
0x0000000006f41000 	/usr/lib/system/libsystem_info.dylib
0x0000000006f41000 	/usr/lib/system/libsystem_kernel.dylib
0x0000000006f41000 	/usr/lib/system/libsystem_m.dylib
0x0000000006f41000 	/usr/lib/system/libsystem_malloc.dylib
0x0000000006f41000 	/usr/lib/system/libsystem_network.dylib
0x0000000006f41000 	/usr/lib/system/libsystem_networkextension.dylib
0x0000000006f41000 	/usr/lib/system/libsystem_notify.dylib
0x0000000006f41000 	/usr/lib/system/libsystem_platform.dylib
0x0000000006f41000 	/usr/lib/system/libsystem_pthread.dylib
0x0000000006f41000 	/usr/lib/system/libsystem_sandbox.dylib
0x0000000006f41000 	/usr/lib/system/libsystem_secinit.dylib
0x0000000006f41000 	/usr/lib/system/libsystem_stats.dylib
0x0000000006f41000 	/usr/lib/system/libsystem_trace.dylib
0x0000000006f41000 	/usr/lib/system/libunc.dylib
0x0000000006f41000 	/usr/lib/system/libunwind.dylib
0x0000000006f41000 	/usr/lib/system/libxpc.dylib
0x0000000006f41000 	/usr/lib/libbz2.1.0.dylib
0x0000000006f41000 	/usr/lib/liblzma.5.dylib
0x0000000006f41000 	/usr/lib/libbsm.0.dylib
0x0000000006f41000 	/usr/lib/libsqlite3.dylib
0x0000000006f41000 	/usr/lib/system/libkxld.dylib
0x0000000006f41000 	/usr/lib/libxar.1.dylib
0x0000000006f41000 	/usr/lib/libpam.2.dylib
0x0000000006f41000 	/usr/lib/libOpenScriptingUtil.dylib
0x0000000006f41000 	/System/Library/Frameworks/CoreServices.framework/Versions/A/Frameworks/FSEvents.framework/Versions/A/FSEvents
0x0000000006f41000 	/System/Library/Frameworks/CoreServices.framework/Versions/A/Frameworks/CarbonCore.framework/Versions/A/CarbonCore
0x0000000006f41000 	/System/Library/Frameworks/CoreServices.framework/Versions/A/Frameworks/Metadata.framework/Versions/A/Metadata
0x0000000006f41000 	/System/Library/Frameworks/CoreServices.framework/Versions/A/Frameworks/OSServices.framework/Versions/A/OSServices
0x0000000006f41000 	/System/Library/Frameworks/CoreServices.framework/Versions/A/Frameworks/SearchKit.framework/Versions/A/SearchKit
0x0000000006f41000 	/System/Library/Frameworks/CoreServices.framework/Versions/A/Frameworks/AE.framework/Versions/A/AE
0x0000000006f41000 	/System/Library/Frameworks/CoreServices.framework/Versions/A/Frameworks/LaunchServices.framework/Versions/A/LaunchServices
0x0000000006f41000 	/System/Library/Frameworks/CoreServices.framework/Versions/A/Frameworks/DictionaryServices.framework/Versions/A/DictionaryServices
0x0000000006f41000 	/System/Library/Frameworks/NetFS.framework/Versions/A/NetFS
0x0000000006f41000 	/System/Library/PrivateFrameworks/NetAuth.framework/Versions/A/NetAuth
0x0000000006f41000 	/System/Library/PrivateFrameworks/login.framework/Versions/A/Frameworks/loginsupport.framework/Versions/A/loginsupport
0x0000000006f41000 	/System/Library/PrivateFrameworks/TCC.framework/Versions/A/TCC
0x0000000006f41000 	/usr/lib/libmecabra.dylib
0x0000000006f41000 	/System/Library/Frameworks/ApplicationServices.framework/Versions/A/Frameworks/ATS.framework/Versions/A/ATS
0x0000000006f41000 	/System/Library/Frameworks/ApplicationServices.framework/Versions/A/Frameworks/ColorSync.framework/Versions/A/ColorSync
0x0000000006f41000 	/System/Library/Frameworks/ApplicationServices.framework/Versions/A/Frameworks/HIServices.framework/Versions/A/HIServices
0x0000000006f41000 	/System/Library/Frameworks/ApplicationServices.framework/Versions/A/Frameworks/LangAnalysis.framework/Versions/A/LangAnalysis
0x0000000006f41000 	/System/Library/Frameworks/ApplicationServices.framework/Versions/A/Frameworks/PrintCore.framework/Versions/A/PrintCore
0x0000000006f41000 	/System/Library/Frameworks/ApplicationServices.framework/Versions/A/Frameworks/QD.framework/Versions/A/QD
0x0000000006f41000 	/System/Library/Frameworks/ApplicationServices.framework/Versions/A/Frameworks/SpeechSynthesis.framework/Versions/A/SpeechSynthesis
0x0000000006f41000 	/System/Library/Frameworks/Accelerate.framework/Versions/A/Accelerate
0x0000000006f41000 	/System/Library/Frameworks/Accelerate.framework/Versions/A/Frameworks/vImage.framework/Versions/A/vImage
0x0000000006f41000 	/System/Library/Frameworks/Accelerate.framework/Versions/A/Frameworks/vecLib.framework/Versions/A/vecLib
0x0000000006f41000 	/System/Library/Frameworks/Accelerate.framework/Versions/A/Frameworks/vecLib.framework/Versions/A/libvDSP.dylib
0x0000000006f41000 	/System/Library/Frameworks/Accelerate.framework/Versions/A/Frameworks/vecLib.framework/Versions/A/libvMisc.dylib
0x0000000006f41000 	/System/Library/Frameworks/Accelerate.framework/Versions/A/Frameworks/vecLib.framework/Versions/A/libLAPACK.dylib
0x0000000006f41000 	/System/Library/Frameworks/Accelerate.framework/Versions/A/Frameworks/vecLib.framework/Versions/A/libBLAS.dylib
0x0000000006f41000 	/System/Library/Frameworks/Accelerate.framework/Versions/A/Frameworks/vecLib.framework/Versions/A/libLinearAlgebra.dylib
0x0000000006f41000 	/System/Library/Frameworks/ApplicationServices.framework/Versions/A/Frameworks/ATS.framework/Versions/A/Resources/libFontParser.dylib
0x0000000006f41000 	/System/Library/Frameworks/ApplicationServices.framework/Versions/A/Frameworks/ATS.framework/Versions/A/Resources/libFontRegistry.dylib
0x0000000006f41000 	/System/Library/PrivateFrameworks/AppleVPA.framework/Versions/A/AppleVPA
0x0000000006f41000 	/System/Library/PrivateFrameworks/AppleJPEG.framework/Versions/A/AppleJPEG
0x0000000006f41000 	/System/Library/Frameworks/ImageIO.framework/Versions/A/Resources/libJPEG.dylib
0x0000000006f41000 	/System/Library/Frameworks/ImageIO.framework/Versions/A/Resources/libTIFF.dylib
0x0000000006f41000 	/System/Library/Frameworks/ImageIO.framework/Versions/A/Resources/libPng.dylib
0x0000000006f41000 	/System/Library/Frameworks/ImageIO.framework/Versions/A/Resources/libGIF.dylib
0x0000000006f41000 	/System/Library/Frameworks/ImageIO.framework/Versions/A/Resources/libJP2.dylib
0x0000000006f41000 	/System/Library/Frameworks/ImageIO.framework/Versions/A/Resources/libRadiance.dylib
0x0000000006f41000 	/System/Library/Frameworks/CoreVideo.framework/Versions/A/CoreVideo
0x0000000006f41000 	/System/Library/Frameworks/OpenGL.framework/Versions/A/Libraries/libGLU.dylib
0x0000000006f41000 	/System/Library/Frameworks/OpenGL.framework/Versions/A/Libraries/libGFXShared.dylib
0x0000000006f41000 	/System/Library/Frameworks/OpenGL.framework/Versions/A/Libraries/libGL.dylib
0x0000000006f41000 	/System/Library/Frameworks/OpenGL.framework/Versions/A/Libraries/libGLImage.dylib
0x0000000006f41000 	/System/Library/Frameworks/OpenGL.framework/Versions/A/Libraries/libCVMSPluginSupport.dylib
0x0000000006f41000 	/System/Library/Frameworks/OpenGL.framework/Versions/A/Libraries/libCoreVMClient.dylib
0x0000000006f41000 	/usr/lib/libcups.2.dylib
0x0000000006f41000 	/System/Library/Frameworks/Kerberos.framework/Versions/A/Kerberos
0x0000000006f41000 	/System/Library/Frameworks/GSS.framework/Versions/A/GSS
0x0000000006f41000 	/usr/lib/libresolv.9.dylib
0x0000000006f41000 	/usr/lib/libiconv.2.dylib
0x0000000006f41000 	/System/Library/PrivateFrameworks/Heimdal.framework/Versions/A/Heimdal
0x0000000006f41000 	/usr/lib/libheimdal-asn1.dylib
0x0000000006f41000 	/System/Library/Frameworks/OpenDirectory.framework/Versions/A/OpenDirectory
0x0000000006f41000 	/System/Library/PrivateFrameworks/CommonAuth.framework/Versions/A/CommonAuth
0x0000000006f41000 	/System/Library/Frameworks/OpenDirectory.framework/Versions/A/Frameworks/CFOpenDirectory.framework/Versions/A/CFOpenDirectory
0x0000000006f41000 	/System/Library/Frameworks/SecurityFoundation.framework/Versions/A/SecurityFoundation
0x0000000006f41000 	/System/Library/PrivateFrameworks/LanguageModeling.framework/Versions/A/LanguageModeling
0x0000000006f41000 	/usr/lib/libcmph.dylib
0x0000000006f41000 	/System/Library/Frameworks/ServiceManagement.framework/Versions/A/ServiceManagement
0x0000000006f41000 	/usr/lib/libxslt.1.dylib
0x0000000006f41000 	/System/Library/Frameworks/Carbon.framework/Versions/A/Frameworks/Ink.framework/Versions/A/Ink
0x0000000006f41000 	/System/Library/Frameworks/QuartzCore.framework/Versions/A/Frameworks/CoreImage.framework/Versions/A/CoreImage
0x0000000006f41000 	/System/Library/PrivateFrameworks/CrashReporterSupport.framework/Versions/A/CrashReporterSupport
0x0000000006f41000 	/System/Library/Frameworks/OpenCL.framework/Versions/A/OpenCL
0x0000000006f41000 	/System/Library/PrivateFrameworks/FaceCore.framework/Versions/A/FaceCore
0x0000000006f41000 	/System/Library/PrivateFrameworks/Ubiquity.framework/Versions/A/Ubiquity
0x0000000006f41000 	/System/Library/PrivateFrameworks/IconServices.framework/Versions/A/IconServices
0x0000000006f41000 	/System/Library/PrivateFrameworks/ChunkingLibrary.framework/Versions/A/ChunkingLibrary
0x0000000006f41000 	/System/Library/PrivateFrameworks/Apple80211.framework/Versions/A/Apple80211
0x0000000006f41000 	/System/Library/Frameworks/CoreWLAN.framework/Versions/A/CoreWLAN
0x0000000006f41000 	/System/Library/Frameworks/IOBluetooth.framework/Versions/A/IOBluetooth
0x0000000006f41000 	/System/Library/PrivateFrameworks/CoreWiFi.framework/Versions/A/CoreWiFi
0x0000000006f41000 	/System/Library/Frameworks/CoreBluetooth.framework/Versions/A/CoreBluetooth
0x0000000006f41000 	/System/Library/PrivateFrameworks/DebugSymbols.framework/Versions/A/DebugSymbols
0x0000000006f41000 	/System/Library/PrivateFrameworks/CoreSymbolication.framework/Versions/A/CoreSymbolication
0x0000000006f41000 	/System/Library/PrivateFrameworks/Symbolication.framework/Versions/A/Symbolication
0x0000000006f41000 	/System/Library/PrivateFrameworks/SpeechRecognitionCore.framework/Versions/A/SpeechRecognitionCore
0x0000000109789000 	/Library/Java/JavaVirtualMachines/jdk1.8.0_05.jdk/Contents/Home/jre/lib/server/libjvm.dylib
0x0000000006f41000 	/usr/lib/libstdc++.6.dylib
0x000000010a763000 	/Library/Java/JavaVirtualMachines/jdk1.8.0_05.jdk/Contents/Home/jre/lib/libverify.dylib
0x000000010a771000 	/Library/Java/JavaVirtualMachines/jdk1.8.0_05.jdk/Contents/Home/jre/lib/libjava.dylib
0x000000010a7af000 	/Library/Java/JavaVirtualMachines/jdk1.8.0_05.jdk/Contents/Home/jre/lib/libzip.dylib
0x000000010a7e1000 	/System/Library/Frameworks/JavaVM.framework/Frameworks/JavaRuntimeSupport.framework/JavaRuntimeSupport
0x000000012104c000 	/System/Library/Frameworks/JavaVM.framework/Versions/A/Frameworks/JavaNativeFoundation.framework/Versions/A/JavaNativeFoundation
0x0000000121061000 	/System/Library/Frameworks/JavaVM.framework/Versions/A/JavaVM
0x0000000006f41000 	/System/Library/Frameworks/Carbon.framework/Versions/A/Carbon
0x000000012106e000 	/System/Library/PrivateFrameworks/JavaLaunching.framework/Versions/A/JavaLaunching
0x0000000006f41000 	/System/Library/Frameworks/Carbon.framework/Versions/A/Frameworks/CommonPanels.framework/Versions/A/CommonPanels
0x0000000006f41000 	/System/Library/Frameworks/Carbon.framework/Versions/A/Frameworks/Help.framework/Versions/A/Help
0x0000000006f41000 	/System/Library/Frameworks/Carbon.framework/Versions/A/Frameworks/ImageCapture.framework/Versions/A/ImageCapture
0x0000000006f41000 	/System/Library/Frameworks/Carbon.framework/Versions/A/Frameworks/OpenScripting.framework/Versions/A/OpenScripting
0x0000000006f41000 	/System/Library/Frameworks/Carbon.framework/Versions/A/Frameworks/Print.framework/Versions/A/Print
0x0000000006f41000 	/System/Library/Frameworks/Carbon.framework/Versions/A/Frameworks/SecurityHI.framework/Versions/A/SecurityHI
0x0000000122eea000 	/Library/Java/JavaVirtualMachines/jdk1.8.0_05.jdk/Contents/Home/jre/lib/libawt.dylib
0x0000000122f99000 	/Library/Java/JavaVirtualMachines/jdk1.8.0_05.jdk/Contents/Home/jre/lib/./libmlib_image.dylib
0x0000000123065000 	/Library/Java/JavaVirtualMachines/jdk1.8.0_05.jdk/Contents/Home/jre/lib/libawt_lwawt.dylib
0x0000000123117000 	/Library/Java/JavaVirtualMachines/jdk1.8.0_05.jdk/Contents/Home/jre/lib/./libosxapp.dylib
0x0000000006f41000 	/System/Library/Frameworks/ExceptionHandling.framework/Versions/A/ExceptionHandling
0x0000000006f41000 	/System/Library/PrivateFrameworks/CoreServicesInternal.framework/Versions/A/CoreServicesInternal
0x0000000006f41000 	/System/Library/PrivateFrameworks/CloudDocs.framework/Versions/A/CloudDocs
0x0000000006f41000 	/System/Library/PrivateFrameworks/CoreDuet.framework/Versions/A/CoreDuet
0x0000000006f41000 	/System/Library/Frameworks/CloudKit.framework/Versions/A/CloudKit
0x0000000006f41000 	/System/Library/PrivateFrameworks/ProtocolBuffer.framework/Versions/A/ProtocolBuffer
0x0000000006f41000 	/System/Library/PrivateFrameworks/CoreDuetDaemonProtocol.framework/Versions/A/CoreDuetDaemonProtocol
0x0000000006f41000 	/System/Library/PrivateFrameworks/CoreDuetDebugLogging.framework/Versions/A/CoreDuetDebugLogging
0x0000000006f41000 	/System/Library/Frameworks/CoreLocation.framework/Versions/A/CoreLocation
0x0000000006f41000 	/System/Library/Frameworks/Accounts.framework/Versions/A/Accounts
0x0000000006f41000 	/System/Library/PrivateFrameworks/ApplePushService.framework/Versions/A/ApplePushService
0x0000000006f41000 	/System/Library/PrivateFrameworks/GeoServices.framework/Versions/A/GeoServices
0x0000000006f41000 	/System/Library/PrivateFrameworks/OAuth.framework/Versions/A/OAuth
0x0000000006f41000 	/System/Library/PrivateFrameworks/CoreDaemon.framework/Versions/B/CoreDaemon
0x0000000006f41000 	/usr/lib/libcrypto.0.9.8.dylib
0x0000000006f41000 	/System/Library/PrivateFrameworks/AppleSRP.framework/Versions/A/AppleSRP
0x0000000006f41000 	/System/Library/PrivateFrameworks/TrustEvaluationAgent.framework/Versions/A/TrustEvaluationAgent
0x0000000006f41000 	/System/Library/Frameworks/CoreGraphics.framework/Versions/A/Resources/libCGCMS.A.dylib
0x0000000006f41000 	/System/Library/Frameworks/CoreGraphics.framework/Versions/A/Resources/libRIP.A.dylib
0x0000000006f41000 	/System/Library/Frameworks/CoreGraphics.framework/Versions/A/Resources/libCGXType.A.dylib
0x0000000006f41000 	/System/Library/Frameworks/OpenCL.framework/Versions/A/Libraries/libcldcpuengine.dylib
0x0000000006f41000 	/System/Library/PrivateFrameworks/DiskImages.framework/Versions/A/DiskImages
0x0000000006f41000 	/System/Library/Frameworks/DiscRecording.framework/Versions/A/DiscRecording
0x0000000006f41000 	/usr/lib/libcsfde.dylib
0x0000000006f41000 	/usr/lib/libcurl.4.dylib
0x0000000006f41000 	/System/Library/PrivateFrameworks/MediaKit.framework/Versions/A/MediaKit
0x0000000006f41000 	/System/Library/PrivateFrameworks/ProtectedCloudStorage.framework/Versions/A/ProtectedCloudStorage
0x0000000006f41000 	/usr/lib/libCoreStorage.dylib
0x0000000006f41000 	/System/Library/PrivateFrameworks/EFILogin.framework/Versions/A/EFILogin
0x0000000006f41000 	/usr/lib/libutil.dylib
0x0000000006f41000 	/System/Library/PrivateFrameworks/FindMyDevice.framework/Versions/A/FindMyDevice
0x0000000006f41000 	/System/Library/Frameworks/LDAP.framework/Versions/A/LDAP
0x0000000006f41000 	/usr/lib/libsasl2.2.dylib
0x0000000126028000 	cl_kernels
0x000000012602a000 	/System/Library/Frameworks/OpenCL.framework/Versions/A/Libraries/ImageFormats/unorm8_bgra.dylib
0x0000000126019000 	cl_kernels
0x0000000006f41000 	/System/Library/PrivateFrameworks/FamilyControls.framework/Versions/A/FamilyControls
0x0000000006f41000 	/System/Library/PrivateFrameworks/CommerceKit.framework/Versions/A/Frameworks/CommerceCore.framework/Versions/A/CommerceCore
0x0000000006f41000 	/System/Library/PrivateFrameworks/SystemAdministration.framework/Versions/A/SystemAdministration
0x0000000006f41000 	/System/Library/PrivateFrameworks/AppContainer.framework/Versions/A/AppContainer
0x0000000006f41000 	/System/Library/PrivateFrameworks/SecCodeWrapper.framework/Versions/A/SecCodeWrapper
0x0000000006f41000 	/System/Library/Frameworks/DirectoryService.framework/Versions/A/DirectoryService
0x0000000006f41000 	/System/Library/PrivateFrameworks/LoginUIKit.framework/Versions/A/Frameworks/LoginUICore.framework/Versions/A/LoginUICore
0x0000000006f41000 	/usr/lib/libodfde.dylib
0x00000001271f0000 	/Library/Java/JavaVirtualMachines/jdk1.8.0_05.jdk/Contents/Home/jre/lib/libfontmanager.dylib
0x0000000127256000 	/Users/CandyFace/Github-Projects/OOSE2015/native/macosx/liblwjgl.dylib
0x000000012555d000 	/Library/Java/JavaVirtualMachines/jdk1.8.0_05.jdk/Contents/Home/jre/lib/libjawt.dylib
0x0000000006f41000 	/System/Library/Frameworks/OpenGL.framework/Versions/A/Resources/GLEngine.bundle/GLEngine
0x0000000006f41000 	/System/Library/Frameworks/OpenGL.framework/Versions/A/Libraries/libGLProgrammability.dylib
0x0000000000000000 	/System/Library/Extensions/AppleIntelHD5000GraphicsGLDriver.bundle/Contents/MacOS/AppleIntelHD5000GraphicsGLDriver
0x0000000006f41000 	/System/Library/PrivateFrameworks/IOAccelerator.framework/Versions/A/IOAccelerator
0x0000000006f41000 	/System/Library/PrivateFrameworks/GPUSupport.framework/Versions/A/Libraries/libGPUSupportMercury.dylib
0x0000000006f41000 	/System/Library/Frameworks/OpenGL.framework/Versions/A/Resources/GLRendererFloat.bundle/GLRendererFloat
0x0000000127a11000 	/Users/CandyFace/Github-Projects/OOSE2015/native/macosx/libjinput-osx.dylib
0x0000000127a16000 	/System/Library/Extensions/IOHIDFamily.kext/Contents/PlugIns/IOHIDLib.plugin/Contents/MacOS/IOHIDLib
0x00000001282b2000 	/Library/Java/JavaVirtualMachines/jdk1.8.0_05.jdk/Contents/Home/jre/lib/libnio.dylib
0x00000001282c1000 	/Library/Java/JavaVirtualMachines/jdk1.8.0_05.jdk/Contents/Home/jre/lib/./libnet.dylib

VM Arguments:
jvm_args: -Djava.library.path=/Users/CandyFace/Github-Projects/OOSE2015/native/macosx -Dfile.encoding=UTF-8 
java_command: example.SimpleSlickGame
java_class_path (initial): /Users/CandyFace/Github-Projects/OOSE2015/bin:/Users/CandyFace/Github-Projects/OOSE2015/lib/ibxm.jar:/Users/CandyFace/Github-Projects/OOSE2015/lib/jinput.jar:/Users/CandyFace/Github-Projects/OOSE2015/lib/jogg-0.0.7.jar:/Users/CandyFace/Github-Projects/OOSE2015/lib/jorbis-0.0.15.jar:/Users/CandyFace/Github-Projects/OOSE2015/lib/lwjgl_util.jar:/Users/CandyFace/Github-Projects/OOSE2015/lib/lwjgl.jar:/Users/CandyFace/Github-Projects/OOSE2015/lib/slick-examples.jar:/Users/CandyFace/Github-Projects/OOSE2015/lib/slick.jar:/Users/CandyFace/Github-Projects/OOSE2015/lib/tinylinepp.jar
Launcher Type: SUN_STANDARD

Environment Variables:
PATH=/usr/bin:/bin:/usr/sbin:/sbin
SHELL=/bin/bash
DISPLAY=/private/tmp/com.apple.launchd.JFlMGxtxj3/org.macosforge.xquartz:0

Signal Handlers:
SIGSEGV: [libjvm.dylib+0x55f7df], sa_mask[0]=0xfffefeff, sa_flags=0x00000043
SIGBUS: [libjvm.dylib+0x55f7df], sa_mask[0]=0xfffefeff, sa_flags=0x00000042
SIGFPE: [libjvm.dylib+0x442cfa], sa_mask[0]=0xfffefeff, sa_flags=0x00000042
SIGPIPE: [libjvm.dylib+0x442cfa], sa_mask[0]=0xfffefeff, sa_flags=0x00000042
SIGXFSZ: [libjvm.dylib+0x442cfa], sa_mask[0]=0xfffefeff, sa_flags=0x00000042
SIGILL: [libjvm.dylib+0x442cfa], sa_mask[0]=0xfffefeff, sa_flags=0x00000042
SIGUSR1: SIG_DFL, sa_mask[0]=0x00000000, sa_flags=0x00000000
SIGUSR2: [libjvm.dylib+0x442818], sa_mask[0]=0x00000004, sa_flags=0x00000042
SIGHUP: [libjvm.dylib+0x440ba5], sa_mask[0]=0xfffefeff, sa_flags=0x00000042
SIGINT: [libjvm.dylib+0x440ba5], sa_mask[0]=0xfffefeff, sa_flags=0x00000042
SIGTERM: [libjvm.dylib+0x440ba5], sa_mask[0]=0xfffefeff, sa_flags=0x00000042
SIGQUIT: [libjvm.dylib+0x440ba5], sa_mask[0]=0xfffefeff, sa_flags=0x00000042


---------------  S Y S T E M  ---------------

OS:Bsduname:Darwin 14.1.0 Darwin Kernel Version 14.1.0: Mon Dec 22 23:10:38 PST 2014; root:xnu-2782.10.72~2/RELEASE_X86_64 x86_64
rlimit: STACK 8192k, CORE 0k, NPROC 709, NOFILE 10240, AS infinity
load average:1.11 1.81 2.01

CPU:total 4 (2 cores per cpu, 2 threads per core) family 6 model 69 stepping 1, cmov, cx8, fxsr, mmx, sse, sse2, sse3, ssse3, sse4.1, sse4.2, popcnt, avx, avx2, aes, clmul, erms, ht, tsc, tscinvbit

Memory: 4k page, physical 8388608k(66524k free)

/proc/meminfo:


vm_info: Java HotSpot(TM) 64-Bit Server VM (25.5-b02) for bsd-amd64 JRE (1.8.0_05-b13), built on Mar 18 2014 00:36:13 by "java_re" with gcc 4.2.1 (Based on Apple Inc. build 5658) (LLVM build 2336.11.00)

time: Tue Mar 17 10:25:52 2015
elapsed time: 100 seconds

