#
# A fatal error has been detected by the Java Runtime Environment:
#
#  SIGILL (0x4) at pc=0x00007fff87ddb2ea, pid=33353, tid=1811
#
# JRE version: Java(TM) SE Runtime Environment (8.0_05-b13) (build 1.8.0_05-b13)
# Java VM: Java HotSpot(TM) 64-Bit Server VM (25.5-b02 mixed mode bsd-amd64 compressed oops)
# Problematic frame:
# C  [libobjc.A.dylib+0x122ea]  _ZL10_objc_trapv+0x0
#
# Failed to write core dump. Core dumps have been disabled. To enable core dumping, try "ulimit -c unlimited" before starting Java again
#
# If you would like to submit a bug report, please visit:
#   http://bugreport.sun.com/bugreport/crash.jsp
# The crash happened outside the Java Virtual Machine in native code.
# See problematic frame for where to report the bug.
#

---------------  T H R E A D  ---------------

Current thread (0x00007fe79c0ca000):  JavaThread "AppKit Thread" daemon [_thread_in_native, id=1811, stack(0x00007fff54044000,0x00007fff54844000)]

siginfo:si_signo=SIGILL: si_errno=0, si_code=1 (ILL_ILLOPC), si_addr=0x00007fff87ddb2ea

Registers:
RAX=0x0000000000000000, RBX=0x00007fe79b61c610, RCX=0x0000000000000000, RDX=0x00007fff728191e0
RSP=0x00007fff5483e7e8, RBP=0x00007fff5483e8d0, RSI=0x0000010000000100, RDI=0x0000000000000103
R8 =0x00007fff5483e790, R9 =0x00000000fffffffe, R10=0x0000000000000000, R11=0x0000000000000140
R12=0x00007fff72fb2070, R13=0x00007fff72822e80, R14=0x00007fff72822fa8, R15=0x00007fe79b48f680
RIP=0x00007fff87ddb2ea, EFLAGS=0x0000000000010202, ERR=0x0000000000000000
  TRAPNO=0x0000000000000006

Top of Stack: (sp=0x00007fff5483e7e8)
0x00007fff5483e7e8:   00007fff87ddb42a 0000000000000000
0x00007fff5483e7f8:   00007fe79b61c610 00007fff8a4d99bb
0x00007fff5483e808:   00007fff8a4d99bb 000000000000005f
0x00007fff5483e818:   00007fe79b61c610 00007fff5483e850
0x00007fff5483e828:   00007fff87deb225 00007fff5483e890
0x00007fff5483e838:   00007fff87ddeda1 00007fff72822f90
0x00007fff5483e848:   00007fff72fb2070 00007fff5483e8b0
0x00007fff5483e858:   00007fe79b48f680 00007fff5483e890
0x00007fff5483e868:   00007fff8a4d99bb 00007fff8a4d99bb
0x00007fff5483e878:   0000000000000000 00007fff72dc8850
0x00007fff5483e888:   00007fe79b48f680 00007fff5483e8d0
0x00007fff5483e898:   00007fff87de05ad 00007fe79b73ce10
0x00007fff5483e8a8:   00007fe79b73bc50 0000003000000018
0x00007fff5483e8b8:   00007fff5483e8e0 00007fff5483e7f0
0x00007fff5483e8c8:   00007fe79b48f680 00007fff5483e940
0x00007fff5483e8d8:   00007fff87dd2c87 0000000000000000
0x00007fff5483e8e8:   00007fe79b6725b0 00007fff72822e80
0x00007fff5483e8f8:   00007fe79b49a390 00007fff5483e960
0x00007fff5483e908:   00007fff87dd2b21 13006924dede6d74
0x00007fff5483e918:   00007fff72822e80 0000000000000000
0x00007fff5483e928:   00007fff72822e80 00007fe79b48f680
0x00007fff5483e938:   00007fff72822f80 00007fff5483e9a0
0x00007fff5483e948:   00007fff87dd2ac7 0000000000000002
0x00007fff5483e958:   00007fe79b61c610 0000000000000100
0x00007fff5483e968:   00007fe79b48f680 0000000000000002
0x00007fff5483e978:   00007fe79b48b660 0000000000000000
0x00007fff5483e988:   00007fe79b48cae0 00007fe79b4b04d0
0x00007fff5483e998:   00007fe79b61c610 00007fff5483e9e0
0x00007fff5483e9a8:   00007fff863662bc 00007fe79b48b660
0x00007fff5483e9b8:   0000000000000000 00007fe79b61c610
0x00007fff5483e9c8:   00007fff87dca0c0 00007fe79b48b660
0x00007fff5483e9d8:   00007fff72ddfc18 00007fff5483ea10 

Instructions: (pc=0x00007fff87ddb2ea)
0x00007fff87ddb2ca:   c0 44 89 f2 e8 1f 08 01 00 48 8b 7d e0 e8 30 cc
0x00007fff87ddb2da:   ff ff 48 8b 7d e0 e8 d3 15 ff ff e8 00 00 00 00
0x00007fff87ddb2ea:   0f 0b 55 48 89 e5 48 81 ec d0 00 00 00 84 c0 74
0x00007fff87ddb2fa:   26 0f 29 85 60 ff ff ff 0f 29 8d 70 ff ff ff 0f 

Register to memory mapping:

RAX=0x0000000000000000 is an unknown value
RBX=0x00007fe79b61c610 is an unknown value
RCX=0x0000000000000000 is an unknown value
RDX=0x00007fff728191e0: _ZZL14_objc_crashlogPKcE13crashlog_lock+0x20 in /usr/lib/libobjc.A.dylib at 0x00007fff87dc9000
RSP=0x00007fff5483e7e8 is pointing into the stack for thread: 0x00007fe79c0ca000
RBP=0x00007fff5483e8d0 is pointing into the stack for thread: 0x00007fe79c0ca000
RSI=0x0000010000000100 is an unknown value
RDI=0x0000000000000103 is an unknown value
R8 =0x00007fff5483e790 is pointing into the stack for thread: 0x00007fe79c0ca000
R9 =0x00000000fffffffe is an unknown value
R10=0x0000000000000000 is an unknown value
R11=0x0000000000000140 is an unknown value
R12=0x00007fff72fb2070: __stack_chk_guard+0 in /usr/lib/system/libsystem_c.dylib at 0x00007fff8b31a000
R13=0x00007fff72822e80: _ZN12_GLOBAL__N_19SideTable9table_bufE+0 in /usr/lib/libobjc.A.dylib at 0x00007fff87dc9000
R14=0x00007fff72822fa8: _ZN12_GLOBAL__N_19SideTable9table_bufE+0x128 in /usr/lib/libobjc.A.dylib at 0x00007fff87dc9000
R15=0x00007fe79b48f680 is an unknown value


Stack: [0x00007fff54044000,0x00007fff54844000],  sp=0x00007fff5483e7e8,  free space=8169k
Native frames: (J=compiled Java code, j=interpreted, Vv=VM code, C=native code)
C  [libobjc.A.dylib+0x122ea]  _ZL10_objc_trapv+0x0
C  [libobjc.A.dylib+0x9c87]  class_getMethodImplementation+0x0
C  [libobjc.A.dylib+0x9ac7]  objc_storeWeak+0xe9
C  [Foundation+0x1a2bc]  -[NSConcreteMapTable setObject:forKey:]+0x6e
C  [AppKit+0x57dcde]  -[NSView(NSOpenGLContextAssociation) _setOpenGLContext:]+0xf2
C  [AppKit+0x2c6673]  -[NSOpenGLContext setView:]+0x5b
C  [liblwjgl.dylib+0xa586]  -[MacOSXOpenGLView lockFocus]+0x76
C  [AppKit+0x14e3c5]  -[NSView _recursiveDisplayRectIfNeededIgnoringOpacity:isVisibleRect:rectIsVisibleRectForView:topView:]+0x740
C  [AppKit+0x14f420]  -[NSView _recursiveDisplayRectIfNeededIgnoringOpacity:isVisibleRect:rectIsVisibleRectForView:topView:]+0x179b
C  [AppKit+0x14d773]  -[NSThemeFrame _recursiveDisplayRectIfNeededIgnoringOpacity:isVisibleRect:rectIsVisibleRectForView:topView:]+0x14d
C  [AppKit+0x14a2cb]  -[NSView _displayRectIgnoringOpacity:isVisibleRect:rectIsVisibleRectForView:]+0xac9
C  [AppKit+0x128e2d]  -[NSView displayIfNeeded]+0x754
C  [AppKit+0x1461c5]  -[NSWindow displayIfNeeded]+0xe8
C  [AppKit+0x183322]  _handleWindowNeedsDisplayOrLayoutOrUpdateConstraints+0x3a8
C  [AppKit+0x74c0e1]  __83-[NSWindow _postWindowNeedsDisplayOrLayoutOrUpdateConstraintsUnlessPostingDisabled]_block_invoke1531+0x2e
C  [CoreFoundation+0x7fda7]  __CFRUNLOOP_IS_CALLING_OUT_TO_AN_OBSERVER_CALLBACK_FUNCTION__+0x17
C  [CoreFoundation+0x7fd00]  __CFRunLoopDoObservers+0x170
C  [CoreFoundation+0x71e08]  __CFRunLoopRun+0x368
C  [CoreFoundation+0x71858]  CFRunLoopRunSpecific+0x128
C  [HIToolbox+0x2eaef]  RunCurrentEventLoopInMode+0xeb
C  [HIToolbox+0x2e76e]  ReceiveNextEventCommon+0xb3
C  [HIToolbox+0x2e6ab]  _BlockUntilNextEventMatchingListInModeWithFilter+0x47
C  [AppKit+0x23f81]  _DPSNextEvent+0x3c4
C  [AppKit+0x23730]  -[NSApplication nextEventMatchingMask:untilDate:inMode:dequeue:]+0xc2
C  [libosxapp.dylib+0x242a]  -[NSApplicationAWT nextEventMatchingMask:untilDate:inMode:dequeue:]+0x7c
C  [AppKit+0x17593]  -[NSApplication run]+0x252
C  [libosxapp.dylib+0x223e]  +[NSApplicationAWT runAWTLoopWithApp:]+0x9c
C  [libawt_lwawt.dylib+0x439cf]  -[AWTStarter starter:]+0x389
C  [Foundation+0x65cdc]  __NSThreadPerformPerform+0x125
C  [CoreFoundation+0x80681]  __CFRUNLOOP_IS_CALLING_OUT_TO_A_SOURCE0_PERFORM_FUNCTION__+0x11
C  [CoreFoundation+0x7280d]  __CFRunLoopDoSources0+0x10d
C  [CoreFoundation+0x71e3f]  __CFRunLoopRun+0x39f
C  [CoreFoundation+0x71858]  CFRunLoopRunSpecific+0x128
C  [java+0x56cb]  CreateExecutionEnvironment+0x367
C  [java+0x166c]  JLI_Launch+0x7a0
C  [java+0x7689]  main+0x65
C  [java+0xec4]  start+0x34


---------------  P R O C E S S  ---------------

Java Threads: ( => current thread )
  0x00007fe79c9d4000 JavaThread "Java2D Queue Flusher" daemon [_thread_blocked, id=53511, stack(0x0000000129821000,0x0000000129921000)]
  0x00007fe79c9d3000 JavaThread "Java2D Disposer" daemon [_thread_blocked, id=49203, stack(0x000000012971e000,0x000000012981e000)]
  0x00007fe79c8dd800 JavaThread "AWT-Shutdown" [_thread_blocked, id=28679, stack(0x0000000126532000,0x0000000126632000)]
=>0x00007fe79c0ca000 JavaThread "AppKit Thread" daemon [_thread_in_native, id=1811, stack(0x00007fff54044000,0x00007fff54844000)]
  0x00007fe79c835800 JavaThread "Service Thread" daemon [_thread_blocked, id=18179, stack(0x00000001249b8000,0x0000000124ab8000)]
  0x00007fe79c81b000 JavaThread "C1 CompilerThread2" daemon [_thread_blocked, id=17667, stack(0x00000001248b5000,0x00000001249b5000)]
  0x00007fe79c81a000 JavaThread "C2 CompilerThread1" daemon [_thread_blocked, id=17155, stack(0x00000001247b2000,0x00000001248b2000)]
  0x00007fe79c03d000 JavaThread "C2 CompilerThread0" daemon [_thread_blocked, id=16643, stack(0x00000001246af000,0x00000001247af000)]
  0x00007fe79c80f800 JavaThread "Signal Dispatcher" daemon [_thread_blocked, id=16159, stack(0x00000001245ac000,0x00000001246ac000)]
  0x00007fe79d002000 JavaThread "Finalizer" daemon [_thread_blocked, id=11523, stack(0x0000000122c66000,0x0000000122d66000)]
  0x00007fe79c038000 JavaThread "Reference Handler" daemon [_thread_blocked, id=11011, stack(0x0000000122b63000,0x0000000122c63000)]
  0x00007fe79c001000 JavaThread "main" [_thread_in_native, id=4867, stack(0x000000010b4d2000,0x000000010b5d2000)]

Other Threads:
  0x00007fe79c033800 VMThread [stack: 0x0000000122a60000,0x0000000122b60000] [id=10499]
  0x00007fe79c801000 WatcherThread [stack: 0x0000000124abb000,0x0000000124bbb000] [id=18691]

VM state:not at safepoint (normal execution)

VM Mutex/Monitor currently owned by a thread: None

Heap:
 PSYoungGen      total 15360K, used 7011K [0x0000000795580000, 0x0000000796a00000, 0x00000007c0000000)
  eden space 11264K, 35% used [0x0000000795580000,0x000000079596f4f8,0x0000000796080000)
  from space 4096K, 72% used [0x0000000796500000,0x00000007967e9810,0x0000000796900000)
  to   space 4608K, 0% used [0x0000000796080000,0x0000000796080000,0x0000000796500000)
 ParOldGen       total 129536K, used 6599K [0x0000000740000000, 0x0000000747e80000, 0x0000000795580000)
  object space 129536K, 5% used [0x0000000740000000,0x0000000740671f80,0x0000000747e80000)
 Metaspace       used 9147K, capacity 9349K, committed 9472K, reserved 1058816K
  class space    used 970K, capacity 1021K, committed 1024K, reserved 1048576K

Card table byte_map: [0x000000011c0b4000,0x000000011c4b5000] byte_map_base: 0x00000001186b4000

Marking Bits: (ParMarkBitMap*) 0x000000010c6660a0
 Begin Bits: [0x000000011cb6c000, 0x000000011eb6c000)
 End Bits:   [0x000000011eb6c000, 0x0000000120b6c000)

Polling page: 0x000000010b5e2000

CodeCache: size=245760Kb used=3533Kb max_used=3548Kb free=242226Kb
 bounds [0x000000010ccf4000, 0x000000010d074000, 0x000000011bcf4000]
 total_blobs=1388 nmethods=885 adapters=419
 compilation: enabled

Compilation events (10 events):
Event: 6.198 Thread 0x00007fe79c81b000  882       3       java.nio.Buffer::nextGetIndex (38 bytes)
Event: 6.198 Thread 0x00007fe79c81b000 nmethod 882 0x000000010d0665d0 code [0x000000010d066740, 0x000000010d066948]
Event: 6.229 Thread 0x00007fe79c81a000  883       4       java.nio.DirectIntBufferU::put (18 bytes)
Event: 6.230 Thread 0x00007fe79c81a000 nmethod 883 0x000000010d061390 code [0x000000010d0614c0, 0x000000010d061558]
Event: 6.231 Thread 0x00007fe79c03d000  884   !   4       org.lwjgl.opengl.Display::isActive (38 bytes)
Event: 6.232 Thread 0x00007fe79c81a000  885       4       org.newdawn.slick.AngelCodeFont::drawString (222 bytes)
Event: 6.235 Thread 0x00007fe79c03d000 nmethod 884 0x000000010d064390 code [0x000000010d064500, 0x000000010d0648d8]
Event: 6.263 Thread 0x00007fe79c81a000 nmethod 885 0x000000010d06b750 code [0x000000010d06baa0, 0x000000010d06ce48]
Event: 6.341 Thread 0x00007fe79c81b000  886       1       java.nio.HeapByteBuffer::_get (7 bytes)
Event: 6.341 Thread 0x00007fe79c81b000 nmethod 886 0x000000010d066290 code [0x000000010d0663e0, 0x000000010d066510]

GC Heap History (10 events):
Event: 0.595 GC heap before
{Heap before GC invocations=6 (full 0):
 PSYoungGen      total 2560K, used 2560K [0x0000000795580000, 0x0000000795c80000, 0x00000007c0000000)
  eden space 2048K, 100% used [0x0000000795580000,0x0000000795780000,0x0000000795780000)
  from space 512K, 100% used [0x0000000795780000,0x0000000795800000,0x0000000795800000)
  to   space 1536K, 0% used [0x0000000795b00000,0x0000000795b00000,0x0000000795c80000)
 ParOldGen       total 129536K, used 1171K [0x0000000740000000, 0x0000000747e80000, 0x0000000795580000)
  object space 129536K, 0% used [0x0000000740000000,0x0000000740124d88,0x0000000747e80000)
 Metaspace       used 6272K, capacity 6359K, committed 6656K, reserved 1056768K
  class space    used 640K, capacity 690K, committed 768K, reserved 1048576K
Event: 0.597 GC heap after
Heap after GC invocations=6 (full 0):
 PSYoungGen      total 5632K, used 1146K [0x0000000795580000, 0x0000000795c80000, 0x00000007c0000000)
  eden space 4096K, 0% used [0x0000000795580000,0x0000000795580000,0x0000000795980000)
  from space 1536K, 74% used [0x0000000795b00000,0x0000000795c1e870,0x0000000795c80000)
  to   space 1536K, 0% used [0x0000000795980000,0x0000000795980000,0x0000000795b00000)
 ParOldGen       total 129536K, used 1179K [0x0000000740000000, 0x0000000747e80000, 0x0000000795580000)
  object space 129536K, 0% used [0x0000000740000000,0x0000000740126d88,0x0000000747e80000)
 Metaspace       used 6272K, capacity 6359K, committed 6656K, reserved 1056768K
  class space    used 640K, capacity 690K, committed 768K, reserved 1048576K
}
Event: 1.186 GC heap before
{Heap before GC invocations=7 (full 0):
 PSYoungGen      total 5632K, used 5242K [0x0000000795580000, 0x0000000795c80000, 0x00000007c0000000)
  eden space 4096K, 100% used [0x0000000795580000,0x0000000795980000,0x0000000795980000)
  from space 1536K, 74% used [0x0000000795b00000,0x0000000795c1e870,0x0000000795c80000)
  to   space 1536K, 0% used [0x0000000795980000,0x0000000795980000,0x0000000795b00000)
 ParOldGen       total 129536K, used 1179K [0x0000000740000000, 0x0000000747e80000, 0x0000000795580000)
  object space 129536K, 0% used [0x0000000740000000,0x0000000740126d88,0x0000000747e80000)
 Metaspace       used 6583K, capacity 6723K, committed 6912K, reserved 1056768K
  class space    used 676K, capacity 724K, committed 768K, reserved 1048576K
Event: 1.192 GC heap after
Heap after GC invocations=7 (full 0):
 PSYoungGen      total 5632K, used 1536K [0x0000000795580000, 0x0000000796280000, 0x00000007c0000000)
  eden space 4096K, 0% used [0x0000000795580000,0x0000000795580000,0x0000000795980000)
  from space 1536K, 100% used [0x0000000795980000,0x0000000795b00000,0x0000000795b00000)
  to   space 2560K, 0% used [0x0000000796000000,0x0000000796000000,0x0000000796280000)
 ParOldGen       total 129536K, used 2924K [0x0000000740000000, 0x0000000747e80000, 0x0000000795580000)
  object space 129536K, 2% used [0x0000000740000000,0x00000007402db3c8,0x0000000747e80000)
 Metaspace       used 6583K, capacity 6723K, committed 6912K, reserved 1056768K
  class space    used 676K, capacity 724K, committed 768K, reserved 1048576K
}
Event: 1.356 GC heap before
{Heap before GC invocations=8 (full 0):
 PSYoungGen      total 5632K, used 5632K [0x0000000795580000, 0x0000000796280000, 0x00000007c0000000)
  eden space 4096K, 100% used [0x0000000795580000,0x0000000795980000,0x0000000795980000)
  from space 1536K, 100% used [0x0000000795980000,0x0000000795b00000,0x0000000795b00000)
  to   space 2560K, 0% used [0x0000000796000000,0x0000000796000000,0x0000000796280000)
 ParOldGen       total 129536K, used 2924K [0x0000000740000000, 0x0000000747e80000, 0x0000000795580000)
  object space 129536K, 2% used [0x0000000740000000,0x00000007402db3c8,0x0000000747e80000)
 Metaspace       used 9011K, capacity 9221K, committed 9472K, reserved 1058816K
  class space    used 967K, capacity 1021K, committed 1024K, reserved 1048576K
Event: 1.362 GC heap after
Heap after GC invocations=8 (full 0):
 PSYoungGen      total 9728K, used 2558K [0x0000000795580000, 0x0000000796480000, 0x00000007c0000000)
  eden space 7168K, 0% used [0x0000000795580000,0x0000000795580000,0x0000000795c80000)
  from space 2560K, 99% used [0x0000000796000000,0x000000079627fab0,0x0000000796280000)
  to   space 3584K, 0% used [0x0000000795c80000,0x0000000795c80000,0x0000000796000000)
 ParOldGen       total 129536K, used 3999K [0x0000000740000000, 0x0000000747e80000, 0x0000000795580000)
  object space 129536K, 3% used [0x0000000740000000,0x00000007403e7eb0,0x0000000747e80000)
 Metaspace       used 9011K, capacity 9221K, committed 9472K, reserved 1058816K
  class space    used 967K, capacity 1021K, committed 1024K, reserved 1048576K
}
Event: 1.429 GC heap before
{Heap before GC invocations=9 (full 0):
 PSYoungGen      total 9728K, used 9726K [0x0000000795580000, 0x0000000796480000, 0x00000007c0000000)
  eden space 7168K, 100% used [0x0000000795580000,0x0000000795c80000,0x0000000795c80000)
  from space 2560K, 99% used [0x0000000796000000,0x000000079627fab0,0x0000000796280000)
  to   space 3584K, 0% used [0x0000000795c80000,0x0000000795c80000,0x0000000796000000)
 ParOldGen       total 129536K, used 3999K [0x0000000740000000, 0x0000000747e80000, 0x0000000795580000)
  object space 129536K, 3% used [0x0000000740000000,0x00000007403e7eb0,0x0000000747e80000)
 Metaspace       used 9022K, capacity 9221K, committed 9472K, reserved 1058816K
  class space    used 967K, capacity 1021K, committed 1024K, reserved 1048576K
Event: 1.436 GC heap after
Heap after GC invocations=9 (full 0):
 PSYoungGen      total 10752K, used 3188K [0x0000000795580000, 0x0000000796900000, 0x00000007c0000000)
  eden space 7168K, 0% used [0x0000000795580000,0x0000000795580000,0x0000000795c80000)
  from space 3584K, 88% used [0x0000000795c80000,0x0000000795f9d318,0x0000000796000000)
  to   space 4096K, 0% used [0x0000000796500000,0x0000000796500000,0x0000000796900000)
 ParOldGen       total 129536K, used 5480K [0x0000000740000000, 0x0000000747e80000, 0x0000000795580000)
  object space 129536K, 4% used [0x0000000740000000,0x000000074055a3f8,0x0000000747e80000)
 Metaspace       used 9022K, capacity 9221K, committed 9472K, reserved 1058816K
  class space    used 967K, capacity 1021K, committed 1024K, reserved 1048576K
}
Event: 1.480 GC heap before
{Heap before GC invocations=10 (full 0):
 PSYoungGen      total 10752K, used 10356K [0x0000000795580000, 0x0000000796900000, 0x00000007c0000000)
  eden space 7168K, 100% used [0x0000000795580000,0x0000000795c80000,0x0000000795c80000)
  from space 3584K, 88% used [0x0000000795c80000,0x0000000795f9d318,0x0000000796000000)
  to   space 4096K, 0% used [0x0000000796500000,0x0000000796500000,0x0000000796900000)
 ParOldGen       total 129536K, used 5480K [0x0000000740000000, 0x0000000747e80000, 0x0000000795580000)
  object space 129536K, 4% used [0x0000000740000000,0x000000074055a3f8,0x0000000747e80000)
 Metaspace       used 9036K, capacity 9221K, committed 9472K, reserved 1058816K
  class space    used 968K, capacity 1021K, committed 1024K, reserved 1048576K
Event: 1.486 GC heap after
Heap after GC invocations=10 (full 0):
 PSYoungGen      total 15360K, used 2982K [0x0000000795580000, 0x0000000796a00000, 0x00000007c0000000)
  eden space 11264K, 0% used [0x0000000795580000,0x0000000795580000,0x0000000796080000)
  from space 4096K, 72% used [0x0000000796500000,0x00000007967e9810,0x0000000796900000)
  to   space 4608K, 0% used [0x0000000796080000,0x0000000796080000,0x0000000796500000)
 ParOldGen       total 129536K, used 6599K [0x0000000740000000, 0x0000000747e80000, 0x0000000795580000)
  object space 129536K, 5% used [0x0000000740000000,0x0000000740671f80,0x0000000747e80000)
 Metaspace       used 9036K, capacity 9221K, committed 9472K, reserved 1058816K
  class space    used 968K, capacity 1021K, committed 1024K, reserved 1048576K
}

Deoptimization events (4 events):
Event: 1.244 Thread 0x00007fe79c001000 Uncommon trap: reason=class_check action=maybe_recompile pc=0x000000010cf0db58 method=java.util.HashMap.putVal(ILjava/lang/Object;Ljava/lang/Object;ZZ)Ljava/lang/Object; @ 253
Event: 1.244 Thread 0x00007fe79c001000 Uncommon trap: reason=class_check action=maybe_recompile pc=0x000000010cf0db58 method=java.util.HashMap.putVal(ILjava/lang/Object;Ljava/lang/Object;ZZ)Ljava/lang/Object; @ 253
Event: 1.244 Thread 0x00007fe79c001000 Uncommon trap: reason=class_check action=maybe_recompile pc=0x000000010cf0db58 method=java.util.HashMap.putVal(ILjava/lang/Object;Ljava/lang/Object;ZZ)Ljava/lang/Object; @ 253
Event: 1.244 Thread 0x00007fe79c001000 Uncommon trap: reason=class_check action=maybe_recompile pc=0x000000010cf0db58 method=java.util.HashMap.putVal(ILjava/lang/Object;Ljava/lang/Object;ZZ)Ljava/lang/Object; @ 253

Internal exceptions (10 events):
Event: 0.714 Thread 0x00007fe79c001000 Exception <a 'java/security/PrivilegedActionException'> (0x00000007957c4ae8) thrown at [/HUDSON/workspace/8-2-build-macosx-x86_64/jdk8u5/2488/hotspot/src/share/vm/prims/jvm.cpp, line 1248]
Event: 0.714 Thread 0x00007fe79c001000 Exception <a 'java/security/PrivilegedActionException'> (0x00000007957c9900) thrown at [/HUDSON/workspace/8-2-build-macosx-x86_64/jdk8u5/2488/hotspot/src/share/vm/prims/jvm.cpp, line 1248]
Event: 0.718 Thread 0x00007fe79c001000 Exception <a 'java/security/PrivilegedActionException'> (0x00000007957d2e18) thrown at [/HUDSON/workspace/8-2-build-macosx-x86_64/jdk8u5/2488/hotspot/src/share/vm/prims/jvm.cpp, line 1248]
Event: 0.718 Thread 0x00007fe79c001000 Exception <a 'java/security/PrivilegedActionException'> (0x00000007957d7138) thrown at [/HUDSON/workspace/8-2-build-macosx-x86_64/jdk8u5/2488/hotspot/src/share/vm/prims/jvm.cpp, line 1248]
Event: 0.718 Thread 0x00007fe79c001000 Exception <a 'java/security/PrivilegedActionException'> (0x00000007957da9b8) thrown at [/HUDSON/workspace/8-2-build-macosx-x86_64/jdk8u5/2488/hotspot/src/share/vm/prims/jvm.cpp, line 1248]
Event: 0.719 Thread 0x00007fe79c001000 Exception <a 'java/security/PrivilegedActionException'> (0x00000007957e09f8) thrown at [/HUDSON/workspace/8-2-build-macosx-x86_64/jdk8u5/2488/hotspot/src/share/vm/prims/jvm.cpp, line 1248]
Event: 1.218 Thread 0x00007fe79c001000 Exception <a 'java/security/PrivilegedActionException'> (0x000000079569f5f0) thrown at [/HUDSON/workspace/8-2-build-macosx-x86_64/jdk8u5/2488/hotspot/src/share/vm/prims/jvm.cpp, line 1248]
Event: 1.495 Thread 0x00007fe79c001000 Exception <a 'java/security/PrivilegedActionException'> (0x00000007958480a0) thrown at [/HUDSON/workspace/8-2-build-macosx-x86_64/jdk8u5/2488/hotspot/src/share/vm/prims/jvm.cpp, line 1248]
Event: 1.538 Thread 0x00007fe79c001000 Exception <a 'java/security/PrivilegedActionException'> (0x0000000795855678) thrown at [/HUDSON/workspace/8-2-build-macosx-x86_64/jdk8u5/2488/hotspot/src/share/vm/prims/jvm.cpp, line 1248]
Event: 1.539 Thread 0x00007fe79c001000 Exception <a 'java/security/PrivilegedActionException'> (0x000000079585db58) thrown at [/HUDSON/workspace/8-2-build-macosx-x86_64/jdk8u5/2488/hotspot/src/share/vm/prims/jvm.cpp, line 1248]

Events (10 events):
Event: 1.526 Thread 0x00007fe79c001000 DEOPT PACKING pc=0x000000010cee9b53 sp=0x000000010b5d0fe0
Event: 1.526 Thread 0x00007fe79c001000 DEOPT UNPACKING pc=0x000000010cd3b01a sp=0x000000010b5d0d10 mode 0
Event: 1.527 Thread 0x00007fe79c001000 DEOPT PACKING pc=0x000000010cee9b53 sp=0x000000010b5d0fe0
Event: 1.527 Thread 0x00007fe79c001000 DEOPT UNPACKING pc=0x000000010cd3b01a sp=0x000000010b5d0d10 mode 0
Event: 1.538 loading class org/newdawn/slick/Music
Event: 1.538 loading class org/newdawn/slick/Music done
Event: 1.539 loading class org/newdawn/slick/AngelCodeFont$DisplayList
Event: 1.539 loading class org/newdawn/slick/AngelCodeFont$DisplayList done
Event: 4.102 Executing VM operation: EnableBiasedLocking
Event: 4.102 Executing VM operation: EnableBiasedLocking done


Dynamic libraries:
0x00000000014ba000 	/System/Library/Frameworks/Cocoa.framework/Versions/A/Cocoa
0x00000000014ba000 	/System/Library/Frameworks/Security.framework/Versions/A/Security
0x00000000014ba000 	/System/Library/Frameworks/ApplicationServices.framework/Versions/A/ApplicationServices
0x00000000014ba000 	/usr/lib/libz.1.dylib
0x00000000014ba000 	/usr/lib/libSystem.B.dylib
0x00000000014ba000 	/usr/lib/libobjc.A.dylib
0x00000000014ba000 	/System/Library/Frameworks/CoreFoundation.framework/Versions/A/CoreFoundation
0x00000000014ba000 	/System/Library/Frameworks/Foundation.framework/Versions/C/Foundation
0x00000000014ba000 	/System/Library/Frameworks/AppKit.framework/Versions/C/AppKit
0x00000000014ba000 	/System/Library/Frameworks/CoreData.framework/Versions/A/CoreData
0x00000000014ba000 	/System/Library/PrivateFrameworks/RemoteViewServices.framework/Versions/A/RemoteViewServices
0x00000000014ba000 	/System/Library/PrivateFrameworks/UIFoundation.framework/Versions/A/UIFoundation
0x00000000014ba000 	/System/Library/Frameworks/IOSurface.framework/Versions/A/IOSurface
0x00000000014ba000 	/System/Library/Frameworks/AudioToolbox.framework/Versions/A/AudioToolbox
0x00000000014ba000 	/System/Library/Frameworks/AudioUnit.framework/Versions/A/AudioUnit
0x00000000014ba000 	/System/Library/PrivateFrameworks/DataDetectorsCore.framework/Versions/A/DataDetectorsCore
0x00000000014ba000 	/System/Library/PrivateFrameworks/DesktopServicesPriv.framework/Versions/A/DesktopServicesPriv
0x00000000014ba000 	/System/Library/Frameworks/Carbon.framework/Versions/A/Frameworks/HIToolbox.framework/Versions/A/HIToolbox
0x00000000014ba000 	/System/Library/Frameworks/QuartzCore.framework/Versions/A/QuartzCore
0x00000000014ba000 	/System/Library/Frameworks/Carbon.framework/Versions/A/Frameworks/SpeechRecognition.framework/Versions/A/SpeechRecognition
0x00000000014ba000 	/usr/lib/libauto.dylib
0x00000000014ba000 	/usr/lib/libicucore.A.dylib
0x00000000014ba000 	/usr/lib/libxml2.2.dylib
0x00000000014ba000 	/System/Library/PrivateFrameworks/CoreUI.framework/Versions/A/CoreUI
0x00000000014ba000 	/System/Library/Frameworks/CoreAudio.framework/Versions/A/CoreAudio
0x00000000014ba000 	/System/Library/Frameworks/DiskArbitration.framework/Versions/A/DiskArbitration
0x00000000014ba000 	/usr/lib/liblangid.dylib
0x00000000014ba000 	/System/Library/PrivateFrameworks/MultitouchSupport.framework/Versions/A/MultitouchSupport
0x00000000014ba000 	/System/Library/Frameworks/IOKit.framework/Versions/A/IOKit
0x00000000014ba000 	/usr/lib/libDiagnosticMessagesClient.dylib
0x00000000014ba000 	/System/Library/Frameworks/CoreServices.framework/Versions/A/CoreServices
0x00000000014ba000 	/System/Library/PrivateFrameworks/PerformanceAnalysis.framework/Versions/A/PerformanceAnalysis
0x00000000014ba000 	/System/Library/PrivateFrameworks/GenerationalStorage.framework/Versions/A/GenerationalStorage
0x00000000014ba000 	/System/Library/Frameworks/OpenGL.framework/Versions/A/OpenGL
0x00000000014ba000 	/System/Library/PrivateFrameworks/Sharing.framework/Versions/A/Sharing
0x00000000014ba000 	/System/Library/Frameworks/CoreGraphics.framework/Versions/A/CoreGraphics
0x00000000014ba000 	/System/Library/Frameworks/CoreText.framework/Versions/A/CoreText
0x00000000014ba000 	/System/Library/Frameworks/ImageIO.framework/Versions/A/ImageIO
0x00000000014ba000 	/usr/lib/libextension.dylib
0x00000000014ba000 	/System/Library/PrivateFrameworks/Backup.framework/Versions/A/Backup
0x00000000014ba000 	/usr/lib/libarchive.2.dylib
0x00000000014ba000 	/System/Library/Frameworks/CFNetwork.framework/Versions/A/CFNetwork
0x00000000014ba000 	/System/Library/Frameworks/SystemConfiguration.framework/Versions/A/SystemConfiguration
0x00000000014ba000 	/usr/lib/libCRFSuite.dylib
0x00000000014ba000 	/usr/lib/libc++.1.dylib
0x00000000014ba000 	/usr/lib/libc++abi.dylib
0x00000000014ba000 	/usr/lib/system/libcache.dylib
0x00000000014ba000 	/usr/lib/system/libcommonCrypto.dylib
0x00000000014ba000 	/usr/lib/system/libcompiler_rt.dylib
0x00000000014ba000 	/usr/lib/system/libcopyfile.dylib
0x00000000014ba000 	/usr/lib/system/libcorecrypto.dylib
0x00000000014ba000 	/usr/lib/system/libdispatch.dylib
0x00000000014ba000 	/usr/lib/system/libdyld.dylib
0x00000000014ba000 	/usr/lib/system/libkeymgr.dylib
0x00000000014ba000 	/usr/lib/system/liblaunch.dylib
0x00000000014ba000 	/usr/lib/system/libmacho.dylib
0x00000000014ba000 	/usr/lib/system/libquarantine.dylib
0x00000000014ba000 	/usr/lib/system/libremovefile.dylib
0x00000000014ba000 	/usr/lib/system/libsystem_asl.dylib
0x00000000014ba000 	/usr/lib/system/libsystem_blocks.dylib
0x00000000014ba000 	/usr/lib/system/libsystem_c.dylib
0x00000000014ba000 	/usr/lib/system/libsystem_configuration.dylib
0x00000000014ba000 	/usr/lib/system/libsystem_coreservices.dylib
0x00000000014ba000 	/usr/lib/system/libsystem_coretls.dylib
0x00000000014ba000 	/usr/lib/system/libsystem_dnssd.dylib
0x00000000014ba000 	/usr/lib/system/libsystem_info.dylib
0x00000000014ba000 	/usr/lib/system/libsystem_kernel.dylib
0x00000000014ba000 	/usr/lib/system/libsystem_m.dylib
0x00000000014ba000 	/usr/lib/system/libsystem_malloc.dylib
0x00000000014ba000 	/usr/lib/system/libsystem_network.dylib
0x00000000014ba000 	/usr/lib/system/libsystem_networkextension.dylib
0x00000000014ba000 	/usr/lib/system/libsystem_notify.dylib
0x00000000014ba000 	/usr/lib/system/libsystem_platform.dylib
0x00000000014ba000 	/usr/lib/system/libsystem_pthread.dylib
0x00000000014ba000 	/usr/lib/system/libsystem_sandbox.dylib
0x00000000014ba000 	/usr/lib/system/libsystem_secinit.dylib
0x00000000014ba000 	/usr/lib/system/libsystem_stats.dylib
0x00000000014ba000 	/usr/lib/system/libsystem_trace.dylib
0x00000000014ba000 	/usr/lib/system/libunc.dylib
0x00000000014ba000 	/usr/lib/system/libunwind.dylib
0x00000000014ba000 	/usr/lib/system/libxpc.dylib
0x00000000014ba000 	/usr/lib/libbz2.1.0.dylib
0x00000000014ba000 	/usr/lib/liblzma.5.dylib
0x00000000014ba000 	/usr/lib/libbsm.0.dylib
0x00000000014ba000 	/usr/lib/libsqlite3.dylib
0x00000000014ba000 	/usr/lib/system/libkxld.dylib
0x00000000014ba000 	/usr/lib/libxar.1.dylib
0x00000000014ba000 	/usr/lib/libpam.2.dylib
0x00000000014ba000 	/usr/lib/libOpenScriptingUtil.dylib
0x00000000014ba000 	/System/Library/Frameworks/CoreServices.framework/Versions/A/Frameworks/FSEvents.framework/Versions/A/FSEvents
0x00000000014ba000 	/System/Library/Frameworks/CoreServices.framework/Versions/A/Frameworks/CarbonCore.framework/Versions/A/CarbonCore
0x00000000014ba000 	/System/Library/Frameworks/CoreServices.framework/Versions/A/Frameworks/Metadata.framework/Versions/A/Metadata
0x00000000014ba000 	/System/Library/Frameworks/CoreServices.framework/Versions/A/Frameworks/OSServices.framework/Versions/A/OSServices
0x00000000014ba000 	/System/Library/Frameworks/CoreServices.framework/Versions/A/Frameworks/SearchKit.framework/Versions/A/SearchKit
0x00000000014ba000 	/System/Library/Frameworks/CoreServices.framework/Versions/A/Frameworks/AE.framework/Versions/A/AE
0x00000000014ba000 	/System/Library/Frameworks/CoreServices.framework/Versions/A/Frameworks/LaunchServices.framework/Versions/A/LaunchServices
0x00000000014ba000 	/System/Library/Frameworks/CoreServices.framework/Versions/A/Frameworks/DictionaryServices.framework/Versions/A/DictionaryServices
0x00000000014ba000 	/System/Library/Frameworks/NetFS.framework/Versions/A/NetFS
0x00000000014ba000 	/System/Library/PrivateFrameworks/NetAuth.framework/Versions/A/NetAuth
0x00000000014ba000 	/System/Library/PrivateFrameworks/login.framework/Versions/A/Frameworks/loginsupport.framework/Versions/A/loginsupport
0x00000000014ba000 	/System/Library/PrivateFrameworks/TCC.framework/Versions/A/TCC
0x00000000014ba000 	/usr/lib/libmecabra.dylib
0x00000000014ba000 	/System/Library/Frameworks/ApplicationServices.framework/Versions/A/Frameworks/ATS.framework/Versions/A/ATS
0x00000000014ba000 	/System/Library/Frameworks/ApplicationServices.framework/Versions/A/Frameworks/ColorSync.framework/Versions/A/ColorSync
0x00000000014ba000 	/System/Library/Frameworks/ApplicationServices.framework/Versions/A/Frameworks/HIServices.framework/Versions/A/HIServices
0x00000000014ba000 	/System/Library/Frameworks/ApplicationServices.framework/Versions/A/Frameworks/LangAnalysis.framework/Versions/A/LangAnalysis
0x00000000014ba000 	/System/Library/Frameworks/ApplicationServices.framework/Versions/A/Frameworks/PrintCore.framework/Versions/A/PrintCore
0x00000000014ba000 	/System/Library/Frameworks/ApplicationServices.framework/Versions/A/Frameworks/QD.framework/Versions/A/QD
0x00000000014ba000 	/System/Library/Frameworks/ApplicationServices.framework/Versions/A/Frameworks/SpeechSynthesis.framework/Versions/A/SpeechSynthesis
0x00000000014ba000 	/System/Library/Frameworks/Accelerate.framework/Versions/A/Accelerate
0x00000000014ba000 	/System/Library/Frameworks/Accelerate.framework/Versions/A/Frameworks/vImage.framework/Versions/A/vImage
0x00000000014ba000 	/System/Library/Frameworks/Accelerate.framework/Versions/A/Frameworks/vecLib.framework/Versions/A/vecLib
0x00000000014ba000 	/System/Library/Frameworks/Accelerate.framework/Versions/A/Frameworks/vecLib.framework/Versions/A/libvDSP.dylib
0x00000000014ba000 	/System/Library/Frameworks/Accelerate.framework/Versions/A/Frameworks/vecLib.framework/Versions/A/libvMisc.dylib
0x00000000014ba000 	/System/Library/Frameworks/Accelerate.framework/Versions/A/Frameworks/vecLib.framework/Versions/A/libLAPACK.dylib
0x00000000014ba000 	/System/Library/Frameworks/Accelerate.framework/Versions/A/Frameworks/vecLib.framework/Versions/A/libBLAS.dylib
0x00000000014ba000 	/System/Library/Frameworks/Accelerate.framework/Versions/A/Frameworks/vecLib.framework/Versions/A/libLinearAlgebra.dylib
0x00000000014ba000 	/System/Library/Frameworks/ApplicationServices.framework/Versions/A/Frameworks/ATS.framework/Versions/A/Resources/libFontParser.dylib
0x00000000014ba000 	/System/Library/Frameworks/ApplicationServices.framework/Versions/A/Frameworks/ATS.framework/Versions/A/Resources/libFontRegistry.dylib
0x00000000014ba000 	/System/Library/PrivateFrameworks/AppleVPA.framework/Versions/A/AppleVPA
0x00000000014ba000 	/System/Library/PrivateFrameworks/AppleJPEG.framework/Versions/A/AppleJPEG
0x00000000014ba000 	/System/Library/Frameworks/ImageIO.framework/Versions/A/Resources/libJPEG.dylib
0x00000000014ba000 	/System/Library/Frameworks/ImageIO.framework/Versions/A/Resources/libTIFF.dylib
0x00000000014ba000 	/System/Library/Frameworks/ImageIO.framework/Versions/A/Resources/libPng.dylib
0x00000000014ba000 	/System/Library/Frameworks/ImageIO.framework/Versions/A/Resources/libGIF.dylib
0x00000000014ba000 	/System/Library/Frameworks/ImageIO.framework/Versions/A/Resources/libJP2.dylib
0x00000000014ba000 	/System/Library/Frameworks/ImageIO.framework/Versions/A/Resources/libRadiance.dylib
0x00000000014ba000 	/System/Library/Frameworks/CoreVideo.framework/Versions/A/CoreVideo
0x00000000014ba000 	/System/Library/Frameworks/OpenGL.framework/Versions/A/Libraries/libGLU.dylib
0x00000000014ba000 	/System/Library/Frameworks/OpenGL.framework/Versions/A/Libraries/libGFXShared.dylib
0x00000000014ba000 	/System/Library/Frameworks/OpenGL.framework/Versions/A/Libraries/libGL.dylib
0x00000000014ba000 	/System/Library/Frameworks/OpenGL.framework/Versions/A/Libraries/libGLImage.dylib
0x00000000014ba000 	/System/Library/Frameworks/OpenGL.framework/Versions/A/Libraries/libCVMSPluginSupport.dylib
0x00000000014ba000 	/System/Library/Frameworks/OpenGL.framework/Versions/A/Libraries/libCoreVMClient.dylib
0x00000000014ba000 	/usr/lib/libcups.2.dylib
0x00000000014ba000 	/System/Library/Frameworks/Kerberos.framework/Versions/A/Kerberos
0x00000000014ba000 	/System/Library/Frameworks/GSS.framework/Versions/A/GSS
0x00000000014ba000 	/usr/lib/libresolv.9.dylib
0x00000000014ba000 	/usr/lib/libiconv.2.dylib
0x00000000014ba000 	/System/Library/PrivateFrameworks/Heimdal.framework/Versions/A/Heimdal
0x00000000014ba000 	/usr/lib/libheimdal-asn1.dylib
0x00000000014ba000 	/System/Library/Frameworks/OpenDirectory.framework/Versions/A/OpenDirectory
0x00000000014ba000 	/System/Library/PrivateFrameworks/CommonAuth.framework/Versions/A/CommonAuth
0x00000000014ba000 	/System/Library/Frameworks/OpenDirectory.framework/Versions/A/Frameworks/CFOpenDirectory.framework/Versions/A/CFOpenDirectory
0x00000000014ba000 	/System/Library/Frameworks/SecurityFoundation.framework/Versions/A/SecurityFoundation
0x00000000014ba000 	/System/Library/PrivateFrameworks/LanguageModeling.framework/Versions/A/LanguageModeling
0x00000000014ba000 	/usr/lib/libcmph.dylib
0x00000000014ba000 	/System/Library/Frameworks/ServiceManagement.framework/Versions/A/ServiceManagement
0x00000000014ba000 	/usr/lib/libxslt.1.dylib
0x00000000014ba000 	/System/Library/Frameworks/Carbon.framework/Versions/A/Frameworks/Ink.framework/Versions/A/Ink
0x00000000014ba000 	/System/Library/Frameworks/QuartzCore.framework/Versions/A/Frameworks/CoreImage.framework/Versions/A/CoreImage
0x00000000014ba000 	/System/Library/PrivateFrameworks/CrashReporterSupport.framework/Versions/A/CrashReporterSupport
0x00000000014ba000 	/System/Library/Frameworks/OpenCL.framework/Versions/A/OpenCL
0x00000000014ba000 	/System/Library/PrivateFrameworks/FaceCore.framework/Versions/A/FaceCore
0x00000000014ba000 	/System/Library/PrivateFrameworks/Ubiquity.framework/Versions/A/Ubiquity
0x00000000014ba000 	/System/Library/PrivateFrameworks/IconServices.framework/Versions/A/IconServices
0x00000000014ba000 	/System/Library/PrivateFrameworks/ChunkingLibrary.framework/Versions/A/ChunkingLibrary
0x00000000014ba000 	/System/Library/PrivateFrameworks/Apple80211.framework/Versions/A/Apple80211
0x00000000014ba000 	/System/Library/Frameworks/CoreWLAN.framework/Versions/A/CoreWLAN
0x00000000014ba000 	/System/Library/Frameworks/IOBluetooth.framework/Versions/A/IOBluetooth
0x00000000014ba000 	/System/Library/PrivateFrameworks/CoreWiFi.framework/Versions/A/CoreWiFi
0x00000000014ba000 	/System/Library/Frameworks/CoreBluetooth.framework/Versions/A/CoreBluetooth
0x00000000014ba000 	/System/Library/PrivateFrameworks/DebugSymbols.framework/Versions/A/DebugSymbols
0x00000000014ba000 	/System/Library/PrivateFrameworks/CoreSymbolication.framework/Versions/A/CoreSymbolication
0x00000000014ba000 	/System/Library/PrivateFrameworks/Symbolication.framework/Versions/A/Symbolication
0x00000000014ba000 	/System/Library/PrivateFrameworks/SpeechRecognitionCore.framework/Versions/A/SpeechRecognitionCore
0x000000010be00000 	/Library/Java/JavaVirtualMachines/jdk1.8.0_05.jdk/Contents/Home/jre/lib/server/libjvm.dylib
0x00000000014ba000 	/usr/lib/libstdc++.6.dylib
0x000000010b5d4000 	/Library/Java/JavaVirtualMachines/jdk1.8.0_05.jdk/Contents/Home/jre/lib/libverify.dylib
0x000000010ccc0000 	/Library/Java/JavaVirtualMachines/jdk1.8.0_05.jdk/Contents/Home/jre/lib/libjava.dylib
0x000000010b5ec000 	/Library/Java/JavaVirtualMachines/jdk1.8.0_05.jdk/Contents/Home/jre/lib/libzip.dylib
0x0000000122d68000 	/System/Library/Frameworks/JavaVM.framework/Frameworks/JavaRuntimeSupport.framework/JavaRuntimeSupport
0x0000000122d80000 	/System/Library/Frameworks/JavaVM.framework/Versions/A/Frameworks/JavaNativeFoundation.framework/Versions/A/JavaNativeFoundation
0x0000000122d95000 	/System/Library/Frameworks/JavaVM.framework/Versions/A/JavaVM
0x00000000014ba000 	/System/Library/Frameworks/Carbon.framework/Versions/A/Carbon
0x0000000122da2000 	/System/Library/PrivateFrameworks/JavaLaunching.framework/Versions/A/JavaLaunching
0x00000000014ba000 	/System/Library/Frameworks/Carbon.framework/Versions/A/Frameworks/CommonPanels.framework/Versions/A/CommonPanels
0x00000000014ba000 	/System/Library/Frameworks/Carbon.framework/Versions/A/Frameworks/Help.framework/Versions/A/Help
0x00000000014ba000 	/System/Library/Frameworks/Carbon.framework/Versions/A/Frameworks/ImageCapture.framework/Versions/A/ImageCapture
0x00000000014ba000 	/System/Library/Frameworks/Carbon.framework/Versions/A/Frameworks/OpenScripting.framework/Versions/A/OpenScripting
0x00000000014ba000 	/System/Library/Frameworks/Carbon.framework/Versions/A/Frameworks/Print.framework/Versions/A/Print
0x00000000014ba000 	/System/Library/Frameworks/Carbon.framework/Versions/A/Frameworks/SecurityHI.framework/Versions/A/SecurityHI
0x0000000124c1b000 	/Library/Java/JavaVirtualMachines/jdk1.8.0_05.jdk/Contents/Home/jre/lib/libawt.dylib
0x0000000124cca000 	/Library/Java/JavaVirtualMachines/jdk1.8.0_05.jdk/Contents/Home/jre/lib/./libmlib_image.dylib
0x0000000124d96000 	/Library/Java/JavaVirtualMachines/jdk1.8.0_05.jdk/Contents/Home/jre/lib/libawt_lwawt.dylib
0x0000000124e48000 	/Library/Java/JavaVirtualMachines/jdk1.8.0_05.jdk/Contents/Home/jre/lib/./libosxapp.dylib
0x00000000014ba000 	/System/Library/Frameworks/ExceptionHandling.framework/Versions/A/ExceptionHandling
0x00000000014ba000 	/System/Library/PrivateFrameworks/CoreServicesInternal.framework/Versions/A/CoreServicesInternal
0x00000000014ba000 	/System/Library/PrivateFrameworks/CloudDocs.framework/Versions/A/CloudDocs
0x00000000014ba000 	/System/Library/PrivateFrameworks/CoreDuet.framework/Versions/A/CoreDuet
0x00000000014ba000 	/System/Library/Frameworks/CloudKit.framework/Versions/A/CloudKit
0x00000000014ba000 	/System/Library/PrivateFrameworks/ProtocolBuffer.framework/Versions/A/ProtocolBuffer
0x00000000014ba000 	/System/Library/PrivateFrameworks/CoreDuetDaemonProtocol.framework/Versions/A/CoreDuetDaemonProtocol
0x00000000014ba000 	/System/Library/PrivateFrameworks/CoreDuetDebugLogging.framework/Versions/A/CoreDuetDebugLogging
0x00000000014ba000 	/System/Library/Frameworks/CoreLocation.framework/Versions/A/CoreLocation
0x00000000014ba000 	/System/Library/Frameworks/Accounts.framework/Versions/A/Accounts
0x00000000014ba000 	/System/Library/PrivateFrameworks/ApplePushService.framework/Versions/A/ApplePushService
0x00000000014ba000 	/System/Library/PrivateFrameworks/GeoServices.framework/Versions/A/GeoServices
0x00000000014ba000 	/System/Library/PrivateFrameworks/OAuth.framework/Versions/A/OAuth
0x00000000014ba000 	/System/Library/PrivateFrameworks/CoreDaemon.framework/Versions/B/CoreDaemon
0x00000000014ba000 	/usr/lib/libcrypto.0.9.8.dylib
0x00000000014ba000 	/System/Library/PrivateFrameworks/AppleSRP.framework/Versions/A/AppleSRP
0x00000000014ba000 	/System/Library/PrivateFrameworks/TrustEvaluationAgent.framework/Versions/A/TrustEvaluationAgent
0x00000000014ba000 	/System/Library/Frameworks/CoreGraphics.framework/Versions/A/Resources/libCGCMS.A.dylib
0x00000000014ba000 	/System/Library/Frameworks/CoreGraphics.framework/Versions/A/Resources/libRIP.A.dylib
0x00000000014ba000 	/System/Library/Frameworks/CoreGraphics.framework/Versions/A/Resources/libCGXType.A.dylib
0x00000000014ba000 	/System/Library/Frameworks/OpenCL.framework/Versions/A/Libraries/libcldcpuengine.dylib
0x00000000014ba000 	/System/Library/PrivateFrameworks/DiskImages.framework/Versions/A/DiskImages
0x00000000014ba000 	/System/Library/Frameworks/DiscRecording.framework/Versions/A/DiscRecording
0x00000000014ba000 	/usr/lib/libcsfde.dylib
0x00000000014ba000 	/usr/lib/libcurl.4.dylib
0x00000000014ba000 	/System/Library/PrivateFrameworks/MediaKit.framework/Versions/A/MediaKit
0x00000000014ba000 	/System/Library/PrivateFrameworks/ProtectedCloudStorage.framework/Versions/A/ProtectedCloudStorage
0x00000000014ba000 	/usr/lib/libCoreStorage.dylib
0x00000000014ba000 	/System/Library/PrivateFrameworks/EFILogin.framework/Versions/A/EFILogin
0x00000000014ba000 	/usr/lib/libutil.dylib
0x00000000014ba000 	/System/Library/PrivateFrameworks/FindMyDevice.framework/Versions/A/FindMyDevice
0x00000000014ba000 	/System/Library/Frameworks/LDAP.framework/Versions/A/LDAP
0x00000000014ba000 	/usr/lib/libsasl2.2.dylib
0x0000000127cd6000 	cl_kernels
0x0000000127cd8000 	/System/Library/Frameworks/OpenCL.framework/Versions/A/Libraries/ImageFormats/unorm8_bgra.dylib
0x0000000127cc7000 	cl_kernels
0x00000000014ba000 	/System/Library/PrivateFrameworks/FamilyControls.framework/Versions/A/FamilyControls
0x00000000014ba000 	/System/Library/PrivateFrameworks/CommerceKit.framework/Versions/A/Frameworks/CommerceCore.framework/Versions/A/CommerceCore
0x00000000014ba000 	/System/Library/PrivateFrameworks/SystemAdministration.framework/Versions/A/SystemAdministration
0x00000000014ba000 	/System/Library/PrivateFrameworks/AppContainer.framework/Versions/A/AppContainer
0x00000000014ba000 	/System/Library/PrivateFrameworks/SecCodeWrapper.framework/Versions/A/SecCodeWrapper
0x00000000014ba000 	/System/Library/Frameworks/DirectoryService.framework/Versions/A/DirectoryService
0x00000000014ba000 	/System/Library/PrivateFrameworks/LoginUIKit.framework/Versions/A/Frameworks/LoginUICore.framework/Versions/A/LoginUICore
0x00000000014ba000 	/usr/lib/libodfde.dylib
0x0000000128e9e000 	/Library/Java/JavaVirtualMachines/jdk1.8.0_05.jdk/Contents/Home/jre/lib/libfontmanager.dylib
0x0000000128f04000 	/Users/CandyFace/Github-Projects/OOSE2015/native/macosx/liblwjgl.dylib
0x000000012720b000 	/Library/Java/JavaVirtualMachines/jdk1.8.0_05.jdk/Contents/Home/jre/lib/libjawt.dylib
0x00000000014ba000 	/System/Library/Frameworks/OpenGL.framework/Versions/A/Resources/GLEngine.bundle/GLEngine
0x00000000014ba000 	/System/Library/Frameworks/OpenGL.framework/Versions/A/Libraries/libGLProgrammability.dylib
0x0000000000000000 	/System/Library/Extensions/AppleIntelHD5000GraphicsGLDriver.bundle/Contents/MacOS/AppleIntelHD5000GraphicsGLDriver
0x00000000014ba000 	/System/Library/PrivateFrameworks/IOAccelerator.framework/Versions/A/IOAccelerator
0x00000000014ba000 	/System/Library/PrivateFrameworks/GPUSupport.framework/Versions/A/Libraries/libGPUSupportMercury.dylib
0x00000000014ba000 	/System/Library/Frameworks/OpenGL.framework/Versions/A/Resources/GLRendererFloat.bundle/GLRendererFloat
0x00000001296bf000 	/Users/CandyFace/Github-Projects/OOSE2015/native/macosx/libjinput-osx.dylib
0x00000001296c4000 	/System/Library/Extensions/IOHIDFamily.kext/Contents/PlugIns/IOHIDLib.plugin/Contents/MacOS/IOHIDLib
0x00000001296f4000 	/Library/Java/JavaVirtualMachines/jdk1.8.0_05.jdk/Contents/Home/jre/lib/libnio.dylib
0x0000000129703000 	/Library/Java/JavaVirtualMachines/jdk1.8.0_05.jdk/Contents/Home/jre/lib/./libnet.dylib

VM Arguments:
jvm_args: -Djava.library.path=/Users/CandyFace/Github-Projects/OOSE2015/native/macosx -Dfile.encoding=UTF-8 
java_command: example.SimpleSlickGame
java_class_path (initial): /Users/CandyFace/Github-Projects/OOSE2015/bin:/Users/CandyFace/Github-Projects/OOSE2015/lib/ibxm.jar:/Users/CandyFace/Github-Projects/OOSE2015/lib/jinput.jar:/Users/CandyFace/Github-Projects/OOSE2015/lib/jogg-0.0.7.jar:/Users/CandyFace/Github-Projects/OOSE2015/lib/jorbis-0.0.15.jar:/Users/CandyFace/Github-Projects/OOSE2015/lib/lwjgl_util.jar:/Users/CandyFace/Github-Projects/OOSE2015/lib/lwjgl.jar:/Users/CandyFace/Github-Projects/OOSE2015/lib/slick-examples.jar:/Users/CandyFace/Github-Projects/OOSE2015/lib/slick.jar:/Users/CandyFace/Github-Projects/OOSE2015/lib/tinylinepp.jar
Launcher Type: SUN_STANDARD

Environment Variables:
PATH=/usr/bin:/bin:/usr/sbin:/sbin
SHELL=/bin/bash
DISPLAY=/private/tmp/com.apple.launchd.eBgY5QX1IF/org.macosforge.xquartz:0

Signal Handlers:
SIGSEGV: [libjvm.dylib+0x55f7df], sa_mask[0]=0xfffefeff, sa_flags=0x00000043
SIGBUS: [libjvm.dylib+0x55f7df], sa_mask[0]=0xfffefeff, sa_flags=0x00000042
SIGFPE: [libjvm.dylib+0x442cfa], sa_mask[0]=0xfffefeff, sa_flags=0x00000042
SIGPIPE: [libjvm.dylib+0x442cfa], sa_mask[0]=0xfffefeff, sa_flags=0x00000042
SIGXFSZ: [libjvm.dylib+0x442cfa], sa_mask[0]=0xfffefeff, sa_flags=0x00000042
SIGILL: [libjvm.dylib+0x442cfa], sa_mask[0]=0xfffefeff, sa_flags=0x00000042
SIGUSR1: SIG_DFL, sa_mask[0]=0x00000000, sa_flags=0x00000000
SIGUSR2: [libjvm.dylib+0x442818], sa_mask[0]=0x00000004, sa_flags=0x00000042
SIGHUP: [libjvm.dylib+0x440ba5], sa_mask[0]=0xfffefeff, sa_flags=0x00000042
SIGINT: [libjvm.dylib+0x440ba5], sa_mask[0]=0xfffefeff, sa_flags=0x00000042
SIGTERM: [libjvm.dylib+0x440ba5], sa_mask[0]=0xfffefeff, sa_flags=0x00000042
SIGQUIT: [libjvm.dylib+0x440ba5], sa_mask[0]=0xfffefeff, sa_flags=0x00000042


---------------  S Y S T E M  ---------------

OS:Bsduname:Darwin 14.1.0 Darwin Kernel Version 14.1.0: Mon Dec 22 23:10:38 PST 2014; root:xnu-2782.10.72~2/RELEASE_X86_64 x86_64
rlimit: STACK 8192k, CORE 0k, NPROC 709, NOFILE 10240, AS infinity
load average:1.77 1.76 1.85

CPU:total 4 (2 cores per cpu, 2 threads per core) family 6 model 69 stepping 1, cmov, cx8, fxsr, mmx, sse, sse2, sse3, ssse3, sse4.1, sse4.2, popcnt, avx, avx2, aes, clmul, erms, ht, tsc, tscinvbit

Memory: 4k page, physical 8388608k(50900k free)

/proc/meminfo:


vm_info: Java HotSpot(TM) 64-Bit Server VM (25.5-b02) for bsd-amd64 JRE (1.8.0_05-b13), built on Mar 18 2014 00:36:13 by "java_re" with gcc 4.2.1 (Based on Apple Inc. build 5658) (LLVM build 2336.11.00)

time: Thu Mar 12 10:44:29 2015
elapsed time: 6 seconds

