#
# A fatal error has been detected by the Java Runtime Environment:
#
#  SIGSEGV (0xb) at pc=0x00007fff87dca0dd, pid=34456, tid=1811
#
# JRE version: Java(TM) SE Runtime Environment (8.0_05-b13) (build 1.8.0_05-b13)
# Java VM: Java HotSpot(TM) 64-Bit Server VM (25.5-b02 mixed mode bsd-amd64 compressed oops)
# Problematic frame:
# C  [libobjc.A.dylib+0x10dd]  objc_msgSend+0x1d
#
# Failed to write core dump. Core dumps have been disabled. To enable core dumping, try "ulimit -c unlimited" before starting Java again
#
# If you would like to submit a bug report, please visit:
#   http://bugreport.sun.com/bugreport/crash.jsp
# The crash happened outside the Java Virtual Machine in native code.
# See problematic frame for where to report the bug.
#

---------------  T H R E A D  ---------------

Current thread (0x00007f8e8c972800):  JavaThread "AppKit Thread" daemon [_thread_in_native, id=1811, stack(0x00007fff5d65a000,0x00007fff5de5a000)]

siginfo:si_signo=SIGSEGV: si_errno=0, si_code=1 (SEGV_MAPERR), si_addr=0x000053d500010028

Registers:
RAX=0x00007f8e8bf68f00, RBX=0x00007fff5de55688, RCX=0x0000000000000000, RDX=0x00007f8e8bdad210
RSP=0x00007fff5de554a8, RBP=0x00007fff5de554b0, RSI=0x00007fff8a3e82b4, RDI=0x00007f8e8bf68f00
R8 =0x00007fff5de55490, R9 =0x0000000000000062, R10=0x00007fff8a3e82b4, R11=0x000053d500010010
R12=0x00007f8e8be067c0, R13=0x00000000000f42fd, R14=0x00007f8e8bf93260, R15=0x00007fff5de555e8
RIP=0x00007fff87dca0dd, EFLAGS=0x0000000000010202, ERR=0x0000000000000004
  TRAPNO=0x000000000000000e

Top of Stack: (sp=0x00007fff5de554a8)
0x00007fff5de554a8:   00007fff8e895cdc 00007fff5de55810
0x00007fff5de554b8:   00007fff8e787244 00007fff5de5553c
0x00007fff5de554c8:   00007fff5de55540 00007fff5de55544
0x00007fff5de554d8:   00007fff7311cc88 ffffffffffffffff
0x00007fff5de554e8:   0000000000000930 00007fff7311cca0
0x00007fff5de554f8:   00007f8e8bf93260 0000000000000000
0x00007fff5de55508:   00007fff5de555e0 0000000000000000
0x00007fff5de55518:   00007f8e8bd858b0 00007fff5de55660
0x00007fff5de55528:   0000000000000062 00000000000f42ff
0x00007fff5de55538:   00007f8e8bdad210 00007f8e8bd6b220
0x00007fff5de55548:   00007f8e8be067c0 0000000000000001
0x00007fff5de55558:   00000000000f42fd 00007f8e8be067b0
0x00007fff5de55568:   00007fff8bd0c7ba 000000018bf55cc0
0x00007fff5de55578:   00007fff738010d0 0000000042000000
0x00007fff5de55588:   00007fff8bd14e13 00007fff730e71d0
0x00007fff5de55598:   00007fff5de55668 0000000000000000
0x00007fff5de555a8:   00007fff728218c8 0000000000000000
0x00007fff5de555b8:   0000000000000007 0002e20300000001
0x00007fff5de555c8:   00007f8e8be067e4 0000000000000000
0x00007fff5de555d8:   0000000000402301 00007f8e8bd85930
0x00007fff5de555e8:   00007f8e8bf93260 0000000000000000
0x00007fff5de555f8:   00007fff8a42034c 00007fff5de556a0
0x00007fff5de55608:   00007fff848f1513 00007fff5de55684
0x00007fff5de55618:   0000000000402401 00000000ffffffff
0x00007fff5de55628:   00007fff728218c8 0000000000402400
0x00007fff5de55638:   00007fff00000000 00007fff5de55730
0x00007fff5de55648:   00007fff8c6bbedc 00007fff728218e8
0x00007fff5de55658:   00007fff8a42034c 0000000000000051
0x00007fff5de55668:   0000000000000000 00000000000f42e1
0x00007fff5de55678:   0000000000000053 0000000000000000
0x00007fff5de55688:   00000000000f42fd 00007fff5de55704
0x00007fff5de55698:   0000000000402f01 00000000ffffffff 

Instructions: (pc=0x00007fff87dca0dd)
0x00007fff87dca0bd:   00 00 00 48 85 ff 2e 74 7a 40 f6 c7 01 2e 75 7e
0x00007fff87dca0cd:   49 bb f8 ff ff ff ff 7f 00 00 4c 23 1f 49 89 f2
0x00007fff87dca0dd:   45 23 53 18 49 c1 e2 04 4d 03 53 10 49 3b 32 75
0x00007fff87dca0ed:   04 41 ff 62 08 49 83 3a 00 74 6a 4d 3b 53 10 74 

Register to memory mapping:

RAX=0x00007f8e8bf68f00 is an unknown value
RBX=0x00007fff5de55688 is pointing into the stack for thread: 0x00007f8e8c972800
RCX=0x0000000000000000 is an unknown value
RDX=0x00007f8e8bdad210 is an unknown value
RSP=0x00007fff5de554a8 is pointing into the stack for thread: 0x00007f8e8c972800
RBP=0x00007fff5de554b0 is pointing into the stack for thread: 0x00007f8e8c972800
RSI=0x00007fff8a3e82b4: -[NSTitlebarContainerView shouldRoundCorners]+0x5ced6 in /System/Library/Frameworks/AppKit.framework/Versions/C/AppKit at 0x00007fff89a17000
RDI=0x00007f8e8bf68f00 is an unknown value
R8 =0x00007fff5de55490 is pointing into the stack for thread: 0x00007f8e8c972800
R9 =0x0000000000000062 is an unknown value
R10=0x00007fff8a3e82b4: -[NSTitlebarContainerView shouldRoundCorners]+0x5ced6 in /System/Library/Frameworks/AppKit.framework/Versions/C/AppKit at 0x00007fff89a17000
R11=0x000053d500010010 is an unknown value
R12=0x00007f8e8be067c0 is an unknown value
R13=0x00000000000f42fd is an unknown value
R14=0x00007f8e8bf93260 is an unknown value
R15=0x00007fff5de555e8 is pointing into the stack for thread: 0x00007f8e8c972800


Stack: [0x00007fff5d65a000,0x00007fff5de5a000],  sp=0x00007fff5de554a8,  free space=8173k
Native frames: (J=compiled Java code, j=interpreted, Vv=VM code, C=native code)
C  [libobjc.A.dylib+0x10dd]  objc_msgSend+0x1d
C  [CoreFoundation+0x10244]  _CFXNotificationPost+0xc44
C  [Foundation+0x2c31]  -[NSNotificationCenter postNotificationName:object:userInfo:]+0x42
C  [AppKit+0xdd776]  -[NSSurface _disposeSurface]+0x98
C  [AppKit+0xdd1da]  -[NSSurface setWindow:]+0x42
C  [AppKit+0x3b9ef]  -[NSView _setWindow:]+0xa22
C  [AppKit+0x3cc22]  -[NSView removeFromSuperview]+0x1c5
C  [AppKit+0x9140a]  -[NSView removeFromSuperviewWithoutNeedingDisplay]+0x26
C  [liblwjgl.dylib+0xa205]  +[MacOSXKeyableWindow destroyWindow]+0xb5
C  [Foundation+0x65cdc]  __NSThreadPerformPerform+0x125
C  [CoreFoundation+0x80681]  __CFRUNLOOP_IS_CALLING_OUT_TO_A_SOURCE0_PERFORM_FUNCTION__+0x11
C  [CoreFoundation+0x7280d]  __CFRunLoopDoSources0+0x10d
C  [CoreFoundation+0x71e3f]  __CFRunLoopRun+0x39f
C  [CoreFoundation+0x71858]  CFRunLoopRunSpecific+0x128
C  [HIToolbox+0x2eaef]  RunCurrentEventLoopInMode+0xeb
C  [HIToolbox+0x2e86a]  ReceiveNextEventCommon+0x1af
C  [HIToolbox+0x2e6ab]  _BlockUntilNextEventMatchingListInModeWithFilter+0x47
C  [AppKit+0x23f81]  _DPSNextEvent+0x3c4
C  [AppKit+0x23730]  -[NSApplication nextEventMatchingMask:untilDate:inMode:dequeue:]+0xc2
C  [libosxapp.dylib+0x242a]  -[NSApplicationAWT nextEventMatchingMask:untilDate:inMode:dequeue:]+0x7c
C  [AppKit+0x17593]  -[NSApplication run]+0x252
C  [libosxapp.dylib+0x223e]  +[NSApplicationAWT runAWTLoopWithApp:]+0x9c
C  [libawt_lwawt.dylib+0x439cf]  -[AWTStarter starter:]+0x389
C  [Foundation+0x65cdc]  __NSThreadPerformPerform+0x125
C  [CoreFoundation+0x80681]  __CFRUNLOOP_IS_CALLING_OUT_TO_A_SOURCE0_PERFORM_FUNCTION__+0x11
C  [CoreFoundation+0x7280d]  __CFRunLoopDoSources0+0x10d
C  [CoreFoundation+0x71e3f]  __CFRunLoopRun+0x39f
C  [CoreFoundation+0x71858]  CFRunLoopRunSpecific+0x128
C  [java+0x56cb]  CreateExecutionEnvironment+0x367
C  [java+0x166c]  JLI_Launch+0x7a0
C  [java+0x7689]  main+0x65
C  [java+0xec4]  start+0x34


---------------  P R O C E S S  ---------------

Java Threads: ( => current thread )
  0x00007f8e8d984800 JavaThread "Java2D Queue Flusher" daemon [_thread_blocked, id=53767, stack(0x00000001e0cfb000,0x00000001e0dfb000)]
  0x00007f8e8d917000 JavaThread "Java2D Disposer" daemon [_thread_blocked, id=49707, stack(0x00000001e0bf8000,0x00000001e0cf8000)]
  0x00007f8e8d8c4800 JavaThread "AWT-Shutdown" [_thread_blocked, id=29447, stack(0x00000001dd19f000,0x00000001dd29f000)]
=>0x00007f8e8c972800 JavaThread "AppKit Thread" daemon [_thread_in_native, id=1811, stack(0x00007fff5d65a000,0x00007fff5de5a000)]
  0x00007f8e8d01e000 JavaThread "Service Thread" daemon [_thread_blocked, id=18179, stack(0x00000001db59d000,0x00000001db69d000)]
  0x00007f8e8c874000 JavaThread "C1 CompilerThread2" daemon [_thread_blocked, id=17667, stack(0x00000001db49a000,0x00000001db59a000)]
  0x00007f8e8c82c800 JavaThread "C2 CompilerThread1" daemon [_thread_blocked, id=17155, stack(0x00000001db397000,0x00000001db497000)]
  0x00007f8e8d018800 JavaThread "C2 CompilerThread0" daemon [_thread_blocked, id=16643, stack(0x00000001db294000,0x00000001db394000)]
  0x00007f8e8c832000 JavaThread "Signal Dispatcher" daemon [_thread_blocked, id=13331, stack(0x00000001db191000,0x00000001db291000)]
  0x00007f8e8d00b800 JavaThread "Finalizer" daemon [_thread_blocked, id=11523, stack(0x00000001d985f000,0x00000001d995f000)]
  0x00007f8e8c848800 JavaThread "Reference Handler" daemon [_thread_blocked, id=11011, stack(0x00000001d975c000,0x00000001d985c000)]
  0x00007f8e8d000800 JavaThread "main" [_thread_in_native, id=4867, stack(0x0000000101ebc000,0x0000000101fbc000)]

Other Threads:
  0x00007f8e8c844000 VMThread [stack: 0x00000001d9659000,0x00000001d9759000] [id=10499]
  0x00007f8e8d00d800 WatcherThread [stack: 0x00000001db6a0000,0x00000001db7a0000] [id=18691]

VM state:not at safepoint (normal execution)

VM Mutex/Monitor currently owned by a thread: None

Heap:
 PSYoungGen      total 15360K, used 7816K [0x0000000168380000, 0x0000000169780000, 0x0000000192e00000)
  eden space 10240K, 56% used [0x0000000168380000,0x000000016891bb08,0x0000000168d80000)
  from space 5120K, 40% used [0x0000000169280000,0x0000000169486560,0x0000000169780000)
  to   space 5120K, 0% used [0x0000000168d80000,0x0000000168d80000,0x0000000169280000)
 ParOldGen       total 129536K, used 10524K [0x0000000112e00000, 0x000000011ac80000, 0x0000000168380000)
  object space 129536K, 8% used [0x0000000112e00000,0x00000001138472e0,0x000000011ac80000)
 Metaspace       used 9179K, capacity 9349K, committed 9472K, reserved 1058816K
  class space    used 970K, capacity 1021K, committed 1024K, reserved 1048576K

Card table byte_map: [0x0000000192e00000,0x0000000193201000] byte_map_base: 0x0000000192569000

Marking Bits: (ParMarkBitMap*) 0x00000001030660a0
 Begin Bits: [0x00000001937b5000, 0x00000001957b5000)
 End Bits:   [0x00000001957b5000, 0x00000001977b5000)

Polling page: 0x00000001036c0000

CodeCache: size=245760Kb used=3532Kb max_used=3532Kb free=242227Kb
 bounds [0x00000001036d3000, 0x0000000103a53000, 0x00000001126d3000]
 total_blobs=1390 nmethods=887 adapters=419
 compilation: enabled

Compilation events (10 events):
Event: 8.142 Thread 0x00007f8e8c874000  885       3       java.nio.HeapByteBuffer::putInt (20 bytes)
Event: 8.143 Thread 0x00007f8e8c874000 nmethod 885 0x0000000103a434d0 code [0x0000000103a43660, 0x0000000103a43a08]
Event: 8.143 Thread 0x00007f8e8c874000  886       3       java.nio.Bits::putInt (20 bytes)
Event: 8.143 Thread 0x00007f8e8c874000 nmethod 886 0x0000000103a43b90 code [0x0000000103a43d00, 0x0000000103a43ed8]
Event: 8.191 Thread 0x00007f8e8c874000  887       3       java.nio.HeapByteBuffer::getInt (18 bytes)
Event: 8.192 Thread 0x00007f8e8c874000 nmethod 887 0x0000000103a43f90 code [0x0000000103a441a0, 0x0000000103a44a88]
Event: 8.192 Thread 0x00007f8e8c874000  888       3       java.nio.Bits::getInt (18 bytes)
Event: 8.193 Thread 0x00007f8e8c874000 nmethod 888 0x0000000103a45250 code [0x0000000103a45440, 0x0000000103a45dd8]
Event: 9.629 Thread 0x00007f8e8c874000  889   !   3       org.lwjgl.input.Mouse::next (235 bytes)
Event: 9.631 Thread 0x00007f8e8c874000 nmethod 889 0x0000000103a46110 code [0x0000000103a46420, 0x0000000103a47c28]

GC Heap History (10 events):
Event: 0.606 GC heap before
{Heap before GC invocations=6 (full 0):
 PSYoungGen      total 2560K, used 2559K [0x0000000168380000, 0x0000000168a80000, 0x0000000192e00000)
  eden space 2048K, 100% used [0x0000000168380000,0x0000000168580000,0x0000000168580000)
  from space 512K, 99% used [0x0000000168580000,0x00000001685ffc10,0x0000000168600000)
  to   space 1536K, 0% used [0x0000000168900000,0x0000000168900000,0x0000000168a80000)
 ParOldGen       total 129536K, used 1106K [0x0000000112e00000, 0x000000011ac80000, 0x0000000168380000)
  object space 129536K, 0% used [0x0000000112e00000,0x0000000112f14918,0x000000011ac80000)
 Metaspace       used 6297K, capacity 6423K, committed 6656K, reserved 1056768K
  class space    used 638K, capacity 690K, committed 768K, reserved 1048576K
Event: 0.608 GC heap after
Heap after GC invocations=6 (full 0):
 PSYoungGen      total 5632K, used 999K [0x0000000168380000, 0x0000000168a80000, 0x0000000192e00000)
  eden space 4096K, 0% used [0x0000000168380000,0x0000000168380000,0x0000000168780000)
  from space 1536K, 65% used [0x0000000168900000,0x00000001689f9dc8,0x0000000168a80000)
  to   space 1536K, 0% used [0x0000000168780000,0x0000000168780000,0x0000000168900000)
 ParOldGen       total 129536K, used 1114K [0x0000000112e00000, 0x000000011ac80000, 0x0000000168380000)
  object space 129536K, 0% used [0x0000000112e00000,0x0000000112f16918,0x000000011ac80000)
 Metaspace       used 6297K, capacity 6423K, committed 6656K, reserved 1056768K
  class space    used 638K, capacity 690K, committed 768K, reserved 1048576K
}
Event: 1.115 GC heap before
{Heap before GC invocations=7 (full 0):
 PSYoungGen      total 5632K, used 5095K [0x0000000168380000, 0x0000000168a80000, 0x0000000192e00000)
  eden space 4096K, 100% used [0x0000000168380000,0x0000000168780000,0x0000000168780000)
  from space 1536K, 65% used [0x0000000168900000,0x00000001689f9dc8,0x0000000168a80000)
  to   space 1536K, 0% used [0x0000000168780000,0x0000000168780000,0x0000000168900000)
 ParOldGen       total 129536K, used 1114K [0x0000000112e00000, 0x000000011ac80000, 0x0000000168380000)
  object space 129536K, 0% used [0x0000000112e00000,0x0000000112f16918,0x000000011ac80000)
 Metaspace       used 6605K, capacity 6723K, committed 6912K, reserved 1056768K
  class space    used 674K, capacity 724K, committed 768K, reserved 1048576K
Event: 1.122 GC heap after
Heap after GC invocations=7 (full 0):
 PSYoungGen      total 5632K, used 1526K [0x0000000168380000, 0x0000000169080000, 0x0000000192e00000)
  eden space 4096K, 0% used [0x0000000168380000,0x0000000168380000,0x0000000168780000)
  from space 1536K, 99% used [0x0000000168780000,0x00000001688fd858,0x0000000168900000)
  to   space 2560K, 0% used [0x0000000168e00000,0x0000000168e00000,0x0000000169080000)
 ParOldGen       total 129536K, used 2782K [0x0000000112e00000, 0x000000011ac80000, 0x0000000168380000)
  object space 129536K, 2% used [0x0000000112e00000,0x00000001130b7848,0x000000011ac80000)
 Metaspace       used 6605K, capacity 6723K, committed 6912K, reserved 1056768K
  class space    used 674K, capacity 724K, committed 768K, reserved 1048576K
}
Event: 1.339 GC heap before
{Heap before GC invocations=8 (full 0):
 PSYoungGen      total 5632K, used 5622K [0x0000000168380000, 0x0000000169080000, 0x0000000192e00000)
  eden space 4096K, 100% used [0x0000000168380000,0x0000000168780000,0x0000000168780000)
  from space 1536K, 99% used [0x0000000168780000,0x00000001688fd858,0x0000000168900000)
  to   space 2560K, 0% used [0x0000000168e00000,0x0000000168e00000,0x0000000169080000)
 ParOldGen       total 129536K, used 2782K [0x0000000112e00000, 0x000000011ac80000, 0x0000000168380000)
  object space 129536K, 2% used [0x0000000112e00000,0x00000001130b7848,0x000000011ac80000)
 Metaspace       used 9028K, capacity 9221K, committed 9472K, reserved 1058816K
  class space    used 966K, capacity 1021K, committed 1024K, reserved 1048576K
Event: 1.343 GC heap after
Heap after GC invocations=8 (full 0):
 PSYoungGen      total 8704K, used 2548K [0x0000000168380000, 0x0000000169480000, 0x0000000192e00000)
  eden space 6144K, 0% used [0x0000000168380000,0x0000000168380000,0x0000000168980000)
  from space 2560K, 99% used [0x0000000168e00000,0x000000016907d308,0x0000000169080000)
  to   space 4608K, 0% used [0x0000000168980000,0x0000000168980000,0x0000000168e00000)
 ParOldGen       total 129536K, used 5894K [0x0000000112e00000, 0x000000011ac80000, 0x0000000168380000)
  object space 129536K, 4% used [0x0000000112e00000,0x00000001133c1a60,0x000000011ac80000)
 Metaspace       used 9028K, capacity 9221K, committed 9472K, reserved 1058816K
  class space    used 966K, capacity 1021K, committed 1024K, reserved 1048576K
}
Event: 1.397 GC heap before
{Heap before GC invocations=9 (full 0):
 PSYoungGen      total 8704K, used 8692K [0x0000000168380000, 0x0000000169480000, 0x0000000192e00000)
  eden space 6144K, 100% used [0x0000000168380000,0x0000000168980000,0x0000000168980000)
  from space 2560K, 99% used [0x0000000168e00000,0x000000016907d308,0x0000000169080000)
  to   space 4608K, 0% used [0x0000000168980000,0x0000000168980000,0x0000000168e00000)
 ParOldGen       total 129536K, used 5894K [0x0000000112e00000, 0x000000011ac80000, 0x0000000168380000)
  object space 129536K, 4% used [0x0000000112e00000,0x00000001133c1a60,0x000000011ac80000)
 Metaspace       used 9040K, capacity 9285K, committed 9472K, reserved 1058816K
  class space    used 966K, capacity 1021K, committed 1024K, reserved 1048576K
Event: 1.400 GC heap after
Heap after GC invocations=9 (full 0):
 PSYoungGen      total 10752K, used 4318K [0x0000000168380000, 0x0000000169780000, 0x0000000192e00000)
  eden space 6144K, 0% used [0x0000000168380000,0x0000000168380000,0x0000000168980000)
  from space 4608K, 93% used [0x0000000168980000,0x0000000168db7ad0,0x0000000168e00000)
  to   space 5120K, 0% used [0x0000000169280000,0x0000000169280000,0x0000000169780000)
 ParOldGen       total 129536K, used 6247K [0x0000000112e00000, 0x000000011ac80000, 0x0000000168380000)
  object space 129536K, 4% used [0x0000000112e00000,0x0000000113419f98,0x000000011ac80000)
 Metaspace       used 9040K, capacity 9285K, committed 9472K, reserved 1058816K
  class space    used 966K, capacity 1021K, committed 1024K, reserved 1048576K
}
Event: 1.438 GC heap before
{Heap before GC invocations=10 (full 0):
 PSYoungGen      total 10752K, used 10462K [0x0000000168380000, 0x0000000169780000, 0x0000000192e00000)
  eden space 6144K, 100% used [0x0000000168380000,0x0000000168980000,0x0000000168980000)
  from space 4608K, 93% used [0x0000000168980000,0x0000000168db7ad0,0x0000000168e00000)
  to   space 5120K, 0% used [0x0000000169280000,0x0000000169280000,0x0000000169780000)
 ParOldGen       total 129536K, used 6247K [0x0000000112e00000, 0x000000011ac80000, 0x0000000168380000)
  object space 129536K, 4% used [0x0000000112e00000,0x0000000113419f98,0x000000011ac80000)
 Metaspace       used 9062K, capacity 9285K, committed 9472K, reserved 1058816K
  class space    used 967K, capacity 1021K, committed 1024K, reserved 1048576K
Event: 1.443 GC heap after
Heap after GC invocations=10 (full 0):
 PSYoungGen      total 15360K, used 2073K [0x0000000168380000, 0x0000000169780000, 0x0000000192e00000)
  eden space 10240K, 0% used [0x0000000168380000,0x0000000168380000,0x0000000168d80000)
  from space 5120K, 40% used [0x0000000169280000,0x0000000169486560,0x0000000169780000)
  to   space 5120K, 0% used [0x0000000168d80000,0x0000000168d80000,0x0000000169280000)
 ParOldGen       total 129536K, used 10524K [0x0000000112e00000, 0x000000011ac80000, 0x0000000168380000)
  object space 129536K, 8% used [0x0000000112e00000,0x00000001138472e0,0x000000011ac80000)
 Metaspace       used 9062K, capacity 9285K, committed 9472K, reserved 1058816K
  class space    used 967K, capacity 1021K, committed 1024K, reserved 1048576K
}

Deoptimization events (4 events):
Event: 1.225 Thread 0x00007f8e8d000800 Uncommon trap: reason=class_check action=maybe_recompile pc=0x00000001038f63d8 method=java.util.HashMap.putVal(ILjava/lang/Object;Ljava/lang/Object;ZZ)Ljava/lang/Object; @ 253
Event: 1.226 Thread 0x00007f8e8d000800 Uncommon trap: reason=class_check action=maybe_recompile pc=0x00000001038f63d8 method=java.util.HashMap.putVal(ILjava/lang/Object;Ljava/lang/Object;ZZ)Ljava/lang/Object; @ 253
Event: 1.226 Thread 0x00007f8e8d000800 Uncommon trap: reason=class_check action=maybe_recompile pc=0x00000001038f63d8 method=java.util.HashMap.putVal(ILjava/lang/Object;Ljava/lang/Object;ZZ)Ljava/lang/Object; @ 253
Event: 1.226 Thread 0x00007f8e8d000800 Uncommon trap: reason=class_check action=maybe_recompile pc=0x00000001038f63d8 method=java.util.HashMap.putVal(ILjava/lang/Object;Ljava/lang/Object;ZZ)Ljava/lang/Object; @ 253

Internal exceptions (10 events):
Event: 0.717 Thread 0x00007f8e8d000800 Exception <a 'java/security/PrivilegedActionException'> (0x00000001685dbcc8) thrown at [/HUDSON/workspace/8-2-build-macosx-x86_64/jdk8u5/2488/hotspot/src/share/vm/prims/jvm.cpp, line 1248]
Event: 0.717 Thread 0x00007f8e8d000800 Exception <a 'java/security/PrivilegedActionException'> (0x00000001685e1d40) thrown at [/HUDSON/workspace/8-2-build-macosx-x86_64/jdk8u5/2488/hotspot/src/share/vm/prims/jvm.cpp, line 1248]
Event: 1.151 Thread 0x00007f8e8d000800 Exception <a 'java/security/PrivilegedActionException'> (0x00000001684a0fe0) thrown at [/HUDSON/workspace/8-2-build-macosx-x86_64/jdk8u5/2488/hotspot/src/share/vm/prims/jvm.cpp, line 1248]
Event: 1.152 Thread 0x00007f8e8d000800 Exception <a 'java/security/PrivilegedActionException'> (0x00000001684a5900) thrown at [/HUDSON/workspace/8-2-build-macosx-x86_64/jdk8u5/2488/hotspot/src/share/vm/prims/jvm.cpp, line 1248]
Event: 1.160 Thread 0x00007f8e8d000800 Exception <a 'java/security/PrivilegedActionException'> (0x00000001684a84e0) thrown at [/HUDSON/workspace/8-2-build-macosx-x86_64/jdk8u5/2488/hotspot/src/share/vm/prims/jvm.cpp, line 1248]
Event: 1.465 Thread 0x00007f8e8d000800 Exception <a 'java/security/PrivilegedActionException'> (0x00000001688c6670) thrown at [/HUDSON/workspace/8-2-build-macosx-x86_64/jdk8u5/2488/hotspot/src/share/vm/prims/jvm.cpp, line 1248]
Event: 1.467 Thread 0x00007f8e8d000800 Exception <a 'java/security/PrivilegedActionException'> (0x00000001688ceac0) thrown at [/HUDSON/workspace/8-2-build-macosx-x86_64/jdk8u5/2488/hotspot/src/share/vm/prims/jvm.cpp, line 1248]
Event: 1.471 Thread 0x00007f8e8d000800 Exception <a 'java/security/PrivilegedActionException'> (0x00000001688d3b08) thrown at [/HUDSON/workspace/8-2-build-macosx-x86_64/jdk8u5/2488/hotspot/src/share/vm/prims/jvm.cpp, line 1248]
Event: 1.472 Thread 0x00007f8e8d000800 Exception <a 'java/security/PrivilegedActionException'> (0x00000001688d8848) thrown at [/HUDSON/workspace/8-2-build-macosx-x86_64/jdk8u5/2488/hotspot/src/share/vm/prims/jvm.cpp, line 1248]
Event: 9.894 Thread 0x00007f8e8d000800 Exception <a 'java/security/PrivilegedActionException'> (0x0000000168906380) thrown at [/HUDSON/workspace/8-2-build-macosx-x86_64/jdk8u5/2488/hotspot/src/share/vm/prims/jvm.cpp, line 1248]

Events (10 events):
Event: 1.471 loading class org/lwjgl/opengl/Sync
Event: 1.471 loading class org/lwjgl/opengl/Sync done
Event: 1.472 loading class org/lwjgl/opengl/Sync$RunningAvg
Event: 1.472 loading class org/lwjgl/opengl/Sync$RunningAvg done
Event: 3.305 Thread 0x00007f8e8d000800 DEOPT PACKING pc=0x00000001039c28ef sp=0x0000000101fbb600
Event: 3.305 Thread 0x00007f8e8d000800 DEOPT UNPACKING pc=0x000000010371a01a sp=0x0000000101fbb430 mode 0
Event: 4.114 Executing VM operation: EnableBiasedLocking
Event: 4.114 Executing VM operation: EnableBiasedLocking done
Event: 9.894 loading class org/lwjgl/opengl/CallbackUtil
Event: 9.894 loading class org/lwjgl/opengl/CallbackUtil done


Dynamic libraries:
0x00000000014ba000 	/System/Library/Frameworks/Cocoa.framework/Versions/A/Cocoa
0x00000000014ba000 	/System/Library/Frameworks/Security.framework/Versions/A/Security
0x00000000014ba000 	/System/Library/Frameworks/ApplicationServices.framework/Versions/A/ApplicationServices
0x00000000014ba000 	/usr/lib/libz.1.dylib
0x00000000014ba000 	/usr/lib/libSystem.B.dylib
0x00000000014ba000 	/usr/lib/libobjc.A.dylib
0x00000000014ba000 	/System/Library/Frameworks/CoreFoundation.framework/Versions/A/CoreFoundation
0x00000000014ba000 	/System/Library/Frameworks/Foundation.framework/Versions/C/Foundation
0x00000000014ba000 	/System/Library/Frameworks/AppKit.framework/Versions/C/AppKit
0x00000000014ba000 	/System/Library/Frameworks/CoreData.framework/Versions/A/CoreData
0x00000000014ba000 	/System/Library/PrivateFrameworks/RemoteViewServices.framework/Versions/A/RemoteViewServices
0x00000000014ba000 	/System/Library/PrivateFrameworks/UIFoundation.framework/Versions/A/UIFoundation
0x00000000014ba000 	/System/Library/Frameworks/IOSurface.framework/Versions/A/IOSurface
0x00000000014ba000 	/System/Library/Frameworks/AudioToolbox.framework/Versions/A/AudioToolbox
0x00000000014ba000 	/System/Library/Frameworks/AudioUnit.framework/Versions/A/AudioUnit
0x00000000014ba000 	/System/Library/PrivateFrameworks/DataDetectorsCore.framework/Versions/A/DataDetectorsCore
0x00000000014ba000 	/System/Library/PrivateFrameworks/DesktopServicesPriv.framework/Versions/A/DesktopServicesPriv
0x00000000014ba000 	/System/Library/Frameworks/Carbon.framework/Versions/A/Frameworks/HIToolbox.framework/Versions/A/HIToolbox
0x00000000014ba000 	/System/Library/Frameworks/QuartzCore.framework/Versions/A/QuartzCore
0x00000000014ba000 	/System/Library/Frameworks/Carbon.framework/Versions/A/Frameworks/SpeechRecognition.framework/Versions/A/SpeechRecognition
0x00000000014ba000 	/usr/lib/libauto.dylib
0x00000000014ba000 	/usr/lib/libicucore.A.dylib
0x00000000014ba000 	/usr/lib/libxml2.2.dylib
0x00000000014ba000 	/System/Library/PrivateFrameworks/CoreUI.framework/Versions/A/CoreUI
0x00000000014ba000 	/System/Library/Frameworks/CoreAudio.framework/Versions/A/CoreAudio
0x00000000014ba000 	/System/Library/Frameworks/DiskArbitration.framework/Versions/A/DiskArbitration
0x00000000014ba000 	/usr/lib/liblangid.dylib
0x00000000014ba000 	/System/Library/PrivateFrameworks/MultitouchSupport.framework/Versions/A/MultitouchSupport
0x00000000014ba000 	/System/Library/Frameworks/IOKit.framework/Versions/A/IOKit
0x00000000014ba000 	/usr/lib/libDiagnosticMessagesClient.dylib
0x00000000014ba000 	/System/Library/Frameworks/CoreServices.framework/Versions/A/CoreServices
0x00000000014ba000 	/System/Library/PrivateFrameworks/PerformanceAnalysis.framework/Versions/A/PerformanceAnalysis
0x00000000014ba000 	/System/Library/PrivateFrameworks/GenerationalStorage.framework/Versions/A/GenerationalStorage
0x00000000014ba000 	/System/Library/Frameworks/OpenGL.framework/Versions/A/OpenGL
0x00000000014ba000 	/System/Library/PrivateFrameworks/Sharing.framework/Versions/A/Sharing
0x00000000014ba000 	/System/Library/Frameworks/CoreGraphics.framework/Versions/A/CoreGraphics
0x00000000014ba000 	/System/Library/Frameworks/CoreText.framework/Versions/A/CoreText
0x00000000014ba000 	/System/Library/Frameworks/ImageIO.framework/Versions/A/ImageIO
0x00000000014ba000 	/usr/lib/libextension.dylib
0x00000000014ba000 	/System/Library/PrivateFrameworks/Backup.framework/Versions/A/Backup
0x00000000014ba000 	/usr/lib/libarchive.2.dylib
0x00000000014ba000 	/System/Library/Frameworks/CFNetwork.framework/Versions/A/CFNetwork
0x00000000014ba000 	/System/Library/Frameworks/SystemConfiguration.framework/Versions/A/SystemConfiguration
0x00000000014ba000 	/usr/lib/libCRFSuite.dylib
0x00000000014ba000 	/usr/lib/libc++.1.dylib
0x00000000014ba000 	/usr/lib/libc++abi.dylib
0x00000000014ba000 	/usr/lib/system/libcache.dylib
0x00000000014ba000 	/usr/lib/system/libcommonCrypto.dylib
0x00000000014ba000 	/usr/lib/system/libcompiler_rt.dylib
0x00000000014ba000 	/usr/lib/system/libcopyfile.dylib
0x00000000014ba000 	/usr/lib/system/libcorecrypto.dylib
0x00000000014ba000 	/usr/lib/system/libdispatch.dylib
0x00000000014ba000 	/usr/lib/system/libdyld.dylib
0x00000000014ba000 	/usr/lib/system/libkeymgr.dylib
0x00000000014ba000 	/usr/lib/system/liblaunch.dylib
0x00000000014ba000 	/usr/lib/system/libmacho.dylib
0x00000000014ba000 	/usr/lib/system/libquarantine.dylib
0x00000000014ba000 	/usr/lib/system/libremovefile.dylib
0x00000000014ba000 	/usr/lib/system/libsystem_asl.dylib
0x00000000014ba000 	/usr/lib/system/libsystem_blocks.dylib
0x00000000014ba000 	/usr/lib/system/libsystem_c.dylib
0x00000000014ba000 	/usr/lib/system/libsystem_configuration.dylib
0x00000000014ba000 	/usr/lib/system/libsystem_coreservices.dylib
0x00000000014ba000 	/usr/lib/system/libsystem_coretls.dylib
0x00000000014ba000 	/usr/lib/system/libsystem_dnssd.dylib
0x00000000014ba000 	/usr/lib/system/libsystem_info.dylib
0x00000000014ba000 	/usr/lib/system/libsystem_kernel.dylib
0x00000000014ba000 	/usr/lib/system/libsystem_m.dylib
0x00000000014ba000 	/usr/lib/system/libsystem_malloc.dylib
0x00000000014ba000 	/usr/lib/system/libsystem_network.dylib
0x00000000014ba000 	/usr/lib/system/libsystem_networkextension.dylib
0x00000000014ba000 	/usr/lib/system/libsystem_notify.dylib
0x00000000014ba000 	/usr/lib/system/libsystem_platform.dylib
0x00000000014ba000 	/usr/lib/system/libsystem_pthread.dylib
0x00000000014ba000 	/usr/lib/system/libsystem_sandbox.dylib
0x00000000014ba000 	/usr/lib/system/libsystem_secinit.dylib
0x00000000014ba000 	/usr/lib/system/libsystem_stats.dylib
0x00000000014ba000 	/usr/lib/system/libsystem_trace.dylib
0x00000000014ba000 	/usr/lib/system/libunc.dylib
0x00000000014ba000 	/usr/lib/system/libunwind.dylib
0x00000000014ba000 	/usr/lib/system/libxpc.dylib
0x00000000014ba000 	/usr/lib/libbz2.1.0.dylib
0x00000000014ba000 	/usr/lib/liblzma.5.dylib
0x00000000014ba000 	/usr/lib/libbsm.0.dylib
0x00000000014ba000 	/usr/lib/libsqlite3.dylib
0x00000000014ba000 	/usr/lib/system/libkxld.dylib
0x00000000014ba000 	/usr/lib/libxar.1.dylib
0x00000000014ba000 	/usr/lib/libpam.2.dylib
0x00000000014ba000 	/usr/lib/libOpenScriptingUtil.dylib
0x00000000014ba000 	/System/Library/Frameworks/CoreServices.framework/Versions/A/Frameworks/FSEvents.framework/Versions/A/FSEvents
0x00000000014ba000 	/System/Library/Frameworks/CoreServices.framework/Versions/A/Frameworks/CarbonCore.framework/Versions/A/CarbonCore
0x00000000014ba000 	/System/Library/Frameworks/CoreServices.framework/Versions/A/Frameworks/Metadata.framework/Versions/A/Metadata
0x00000000014ba000 	/System/Library/Frameworks/CoreServices.framework/Versions/A/Frameworks/OSServices.framework/Versions/A/OSServices
0x00000000014ba000 	/System/Library/Frameworks/CoreServices.framework/Versions/A/Frameworks/SearchKit.framework/Versions/A/SearchKit
0x00000000014ba000 	/System/Library/Frameworks/CoreServices.framework/Versions/A/Frameworks/AE.framework/Versions/A/AE
0x00000000014ba000 	/System/Library/Frameworks/CoreServices.framework/Versions/A/Frameworks/LaunchServices.framework/Versions/A/LaunchServices
0x00000000014ba000 	/System/Library/Frameworks/CoreServices.framework/Versions/A/Frameworks/DictionaryServices.framework/Versions/A/DictionaryServices
0x00000000014ba000 	/System/Library/Frameworks/NetFS.framework/Versions/A/NetFS
0x00000000014ba000 	/System/Library/PrivateFrameworks/NetAuth.framework/Versions/A/NetAuth
0x00000000014ba000 	/System/Library/PrivateFrameworks/login.framework/Versions/A/Frameworks/loginsupport.framework/Versions/A/loginsupport
0x00000000014ba000 	/System/Library/PrivateFrameworks/TCC.framework/Versions/A/TCC
0x00000000014ba000 	/usr/lib/libmecabra.dylib
0x00000000014ba000 	/System/Library/Frameworks/ApplicationServices.framework/Versions/A/Frameworks/ATS.framework/Versions/A/ATS
0x00000000014ba000 	/System/Library/Frameworks/ApplicationServices.framework/Versions/A/Frameworks/ColorSync.framework/Versions/A/ColorSync
0x00000000014ba000 	/System/Library/Frameworks/ApplicationServices.framework/Versions/A/Frameworks/HIServices.framework/Versions/A/HIServices
0x00000000014ba000 	/System/Library/Frameworks/ApplicationServices.framework/Versions/A/Frameworks/LangAnalysis.framework/Versions/A/LangAnalysis
0x00000000014ba000 	/System/Library/Frameworks/ApplicationServices.framework/Versions/A/Frameworks/PrintCore.framework/Versions/A/PrintCore
0x00000000014ba000 	/System/Library/Frameworks/ApplicationServices.framework/Versions/A/Frameworks/QD.framework/Versions/A/QD
0x00000000014ba000 	/System/Library/Frameworks/ApplicationServices.framework/Versions/A/Frameworks/SpeechSynthesis.framework/Versions/A/SpeechSynthesis
0x00000000014ba000 	/System/Library/Frameworks/Accelerate.framework/Versions/A/Accelerate
0x00000000014ba000 	/System/Library/Frameworks/Accelerate.framework/Versions/A/Frameworks/vImage.framework/Versions/A/vImage
0x00000000014ba000 	/System/Library/Frameworks/Accelerate.framework/Versions/A/Frameworks/vecLib.framework/Versions/A/vecLib
0x00000000014ba000 	/System/Library/Frameworks/Accelerate.framework/Versions/A/Frameworks/vecLib.framework/Versions/A/libvDSP.dylib
0x00000000014ba000 	/System/Library/Frameworks/Accelerate.framework/Versions/A/Frameworks/vecLib.framework/Versions/A/libvMisc.dylib
0x00000000014ba000 	/System/Library/Frameworks/Accelerate.framework/Versions/A/Frameworks/vecLib.framework/Versions/A/libLAPACK.dylib
0x00000000014ba000 	/System/Library/Frameworks/Accelerate.framework/Versions/A/Frameworks/vecLib.framework/Versions/A/libBLAS.dylib
0x00000000014ba000 	/System/Library/Frameworks/Accelerate.framework/Versions/A/Frameworks/vecLib.framework/Versions/A/libLinearAlgebra.dylib
0x00000000014ba000 	/System/Library/Frameworks/ApplicationServices.framework/Versions/A/Frameworks/ATS.framework/Versions/A/Resources/libFontParser.dylib
0x00000000014ba000 	/System/Library/Frameworks/ApplicationServices.framework/Versions/A/Frameworks/ATS.framework/Versions/A/Resources/libFontRegistry.dylib
0x00000000014ba000 	/System/Library/PrivateFrameworks/AppleVPA.framework/Versions/A/AppleVPA
0x00000000014ba000 	/System/Library/PrivateFrameworks/AppleJPEG.framework/Versions/A/AppleJPEG
0x00000000014ba000 	/System/Library/Frameworks/ImageIO.framework/Versions/A/Resources/libJPEG.dylib
0x00000000014ba000 	/System/Library/Frameworks/ImageIO.framework/Versions/A/Resources/libTIFF.dylib
0x00000000014ba000 	/System/Library/Frameworks/ImageIO.framework/Versions/A/Resources/libPng.dylib
0x00000000014ba000 	/System/Library/Frameworks/ImageIO.framework/Versions/A/Resources/libGIF.dylib
0x00000000014ba000 	/System/Library/Frameworks/ImageIO.framework/Versions/A/Resources/libJP2.dylib
0x00000000014ba000 	/System/Library/Frameworks/ImageIO.framework/Versions/A/Resources/libRadiance.dylib
0x00000000014ba000 	/System/Library/Frameworks/CoreVideo.framework/Versions/A/CoreVideo
0x00000000014ba000 	/System/Library/Frameworks/OpenGL.framework/Versions/A/Libraries/libGLU.dylib
0x00000000014ba000 	/System/Library/Frameworks/OpenGL.framework/Versions/A/Libraries/libGFXShared.dylib
0x00000000014ba000 	/System/Library/Frameworks/OpenGL.framework/Versions/A/Libraries/libGL.dylib
0x00000000014ba000 	/System/Library/Frameworks/OpenGL.framework/Versions/A/Libraries/libGLImage.dylib
0x00000000014ba000 	/System/Library/Frameworks/OpenGL.framework/Versions/A/Libraries/libCVMSPluginSupport.dylib
0x00000000014ba000 	/System/Library/Frameworks/OpenGL.framework/Versions/A/Libraries/libCoreVMClient.dylib
0x00000000014ba000 	/usr/lib/libcups.2.dylib
0x00000000014ba000 	/System/Library/Frameworks/Kerberos.framework/Versions/A/Kerberos
0x00000000014ba000 	/System/Library/Frameworks/GSS.framework/Versions/A/GSS
0x00000000014ba000 	/usr/lib/libresolv.9.dylib
0x00000000014ba000 	/usr/lib/libiconv.2.dylib
0x00000000014ba000 	/System/Library/PrivateFrameworks/Heimdal.framework/Versions/A/Heimdal
0x00000000014ba000 	/usr/lib/libheimdal-asn1.dylib
0x00000000014ba000 	/System/Library/Frameworks/OpenDirectory.framework/Versions/A/OpenDirectory
0x00000000014ba000 	/System/Library/PrivateFrameworks/CommonAuth.framework/Versions/A/CommonAuth
0x00000000014ba000 	/System/Library/Frameworks/OpenDirectory.framework/Versions/A/Frameworks/CFOpenDirectory.framework/Versions/A/CFOpenDirectory
0x00000000014ba000 	/System/Library/Frameworks/SecurityFoundation.framework/Versions/A/SecurityFoundation
0x00000000014ba000 	/System/Library/PrivateFrameworks/LanguageModeling.framework/Versions/A/LanguageModeling
0x00000000014ba000 	/usr/lib/libcmph.dylib
0x00000000014ba000 	/System/Library/Frameworks/ServiceManagement.framework/Versions/A/ServiceManagement
0x00000000014ba000 	/usr/lib/libxslt.1.dylib
0x00000000014ba000 	/System/Library/Frameworks/Carbon.framework/Versions/A/Frameworks/Ink.framework/Versions/A/Ink
0x00000000014ba000 	/System/Library/Frameworks/QuartzCore.framework/Versions/A/Frameworks/CoreImage.framework/Versions/A/CoreImage
0x00000000014ba000 	/System/Library/PrivateFrameworks/CrashReporterSupport.framework/Versions/A/CrashReporterSupport
0x00000000014ba000 	/System/Library/Frameworks/OpenCL.framework/Versions/A/OpenCL
0x00000000014ba000 	/System/Library/PrivateFrameworks/FaceCore.framework/Versions/A/FaceCore
0x00000000014ba000 	/System/Library/PrivateFrameworks/Ubiquity.framework/Versions/A/Ubiquity
0x00000000014ba000 	/System/Library/PrivateFrameworks/IconServices.framework/Versions/A/IconServices
0x00000000014ba000 	/System/Library/PrivateFrameworks/ChunkingLibrary.framework/Versions/A/ChunkingLibrary
0x00000000014ba000 	/System/Library/PrivateFrameworks/Apple80211.framework/Versions/A/Apple80211
0x00000000014ba000 	/System/Library/Frameworks/CoreWLAN.framework/Versions/A/CoreWLAN
0x00000000014ba000 	/System/Library/Frameworks/IOBluetooth.framework/Versions/A/IOBluetooth
0x00000000014ba000 	/System/Library/PrivateFrameworks/CoreWiFi.framework/Versions/A/CoreWiFi
0x00000000014ba000 	/System/Library/Frameworks/CoreBluetooth.framework/Versions/A/CoreBluetooth
0x00000000014ba000 	/System/Library/PrivateFrameworks/DebugSymbols.framework/Versions/A/DebugSymbols
0x00000000014ba000 	/System/Library/PrivateFrameworks/CoreSymbolication.framework/Versions/A/CoreSymbolication
0x00000000014ba000 	/System/Library/PrivateFrameworks/Symbolication.framework/Versions/A/Symbolication
0x00000000014ba000 	/System/Library/PrivateFrameworks/SpeechRecognitionCore.framework/Versions/A/SpeechRecognitionCore
0x0000000102800000 	/Library/Java/JavaVirtualMachines/jdk1.8.0_05.jdk/Contents/Home/jre/lib/server/libjvm.dylib
0x00000000014ba000 	/usr/lib/libstdc++.6.dylib
0x0000000101fbe000 	/Library/Java/JavaVirtualMachines/jdk1.8.0_05.jdk/Contents/Home/jre/lib/libverify.dylib
0x0000000101fcc000 	/Library/Java/JavaVirtualMachines/jdk1.8.0_05.jdk/Contents/Home/jre/lib/libjava.dylib
0x00000001036ca000 	/Library/Java/JavaVirtualMachines/jdk1.8.0_05.jdk/Contents/Home/jre/lib/libzip.dylib
0x0000000112be7000 	/System/Library/Frameworks/JavaVM.framework/Frameworks/JavaRuntimeSupport.framework/JavaRuntimeSupport
0x00000001d9961000 	/System/Library/Frameworks/JavaVM.framework/Versions/A/Frameworks/JavaNativeFoundation.framework/Versions/A/JavaNativeFoundation
0x00000001d9976000 	/System/Library/Frameworks/JavaVM.framework/Versions/A/JavaVM
0x00000000014ba000 	/System/Library/Frameworks/Carbon.framework/Versions/A/Carbon
0x00000001d9983000 	/System/Library/PrivateFrameworks/JavaLaunching.framework/Versions/A/JavaLaunching
0x00000000014ba000 	/System/Library/Frameworks/Carbon.framework/Versions/A/Frameworks/CommonPanels.framework/Versions/A/CommonPanels
0x00000000014ba000 	/System/Library/Frameworks/Carbon.framework/Versions/A/Frameworks/Help.framework/Versions/A/Help
0x00000000014ba000 	/System/Library/Frameworks/Carbon.framework/Versions/A/Frameworks/ImageCapture.framework/Versions/A/ImageCapture
0x00000000014ba000 	/System/Library/Frameworks/Carbon.framework/Versions/A/Frameworks/OpenScripting.framework/Versions/A/OpenScripting
0x00000000014ba000 	/System/Library/Frameworks/Carbon.framework/Versions/A/Frameworks/Print.framework/Versions/A/Print
0x00000000014ba000 	/System/Library/Frameworks/Carbon.framework/Versions/A/Frameworks/SecurityHI.framework/Versions/A/SecurityHI
0x00000001db805000 	/Library/Java/JavaVirtualMachines/jdk1.8.0_05.jdk/Contents/Home/jre/lib/libawt.dylib
0x00000001db8b4000 	/Library/Java/JavaVirtualMachines/jdk1.8.0_05.jdk/Contents/Home/jre/lib/./libmlib_image.dylib
0x00000001db980000 	/Library/Java/JavaVirtualMachines/jdk1.8.0_05.jdk/Contents/Home/jre/lib/libawt_lwawt.dylib
0x00000001dba32000 	/Library/Java/JavaVirtualMachines/jdk1.8.0_05.jdk/Contents/Home/jre/lib/./libosxapp.dylib
0x00000000014ba000 	/System/Library/Frameworks/ExceptionHandling.framework/Versions/A/ExceptionHandling
0x00000000014ba000 	/System/Library/PrivateFrameworks/CoreServicesInternal.framework/Versions/A/CoreServicesInternal
0x00000000014ba000 	/System/Library/PrivateFrameworks/CloudDocs.framework/Versions/A/CloudDocs
0x00000000014ba000 	/System/Library/PrivateFrameworks/CoreDuet.framework/Versions/A/CoreDuet
0x00000000014ba000 	/System/Library/Frameworks/CloudKit.framework/Versions/A/CloudKit
0x00000000014ba000 	/System/Library/PrivateFrameworks/ProtocolBuffer.framework/Versions/A/ProtocolBuffer
0x00000000014ba000 	/System/Library/PrivateFrameworks/CoreDuetDaemonProtocol.framework/Versions/A/CoreDuetDaemonProtocol
0x00000000014ba000 	/System/Library/PrivateFrameworks/CoreDuetDebugLogging.framework/Versions/A/CoreDuetDebugLogging
0x00000000014ba000 	/System/Library/Frameworks/CoreLocation.framework/Versions/A/CoreLocation
0x00000000014ba000 	/System/Library/Frameworks/Accounts.framework/Versions/A/Accounts
0x00000000014ba000 	/System/Library/PrivateFrameworks/ApplePushService.framework/Versions/A/ApplePushService
0x00000000014ba000 	/System/Library/PrivateFrameworks/GeoServices.framework/Versions/A/GeoServices
0x00000000014ba000 	/System/Library/PrivateFrameworks/OAuth.framework/Versions/A/OAuth
0x00000000014ba000 	/System/Library/PrivateFrameworks/CoreDaemon.framework/Versions/B/CoreDaemon
0x00000000014ba000 	/usr/lib/libcrypto.0.9.8.dylib
0x00000000014ba000 	/System/Library/PrivateFrameworks/AppleSRP.framework/Versions/A/AppleSRP
0x00000000014ba000 	/System/Library/PrivateFrameworks/TrustEvaluationAgent.framework/Versions/A/TrustEvaluationAgent
0x00000000014ba000 	/System/Library/Frameworks/CoreGraphics.framework/Versions/A/Resources/libCGCMS.A.dylib
0x00000000014ba000 	/System/Library/Frameworks/CoreGraphics.framework/Versions/A/Resources/libRIP.A.dylib
0x00000000014ba000 	/System/Library/Frameworks/CoreGraphics.framework/Versions/A/Resources/libCGXType.A.dylib
0x00000000014ba000 	/System/Library/Frameworks/OpenCL.framework/Versions/A/Libraries/libcldcpuengine.dylib
0x00000000014ba000 	/System/Library/PrivateFrameworks/DiskImages.framework/Versions/A/DiskImages
0x00000000014ba000 	/System/Library/Frameworks/DiscRecording.framework/Versions/A/DiscRecording
0x00000000014ba000 	/usr/lib/libcsfde.dylib
0x00000000014ba000 	/usr/lib/libcurl.4.dylib
0x00000000014ba000 	/System/Library/PrivateFrameworks/MediaKit.framework/Versions/A/MediaKit
0x00000000014ba000 	/System/Library/PrivateFrameworks/ProtectedCloudStorage.framework/Versions/A/ProtectedCloudStorage
0x00000000014ba000 	/usr/lib/libCoreStorage.dylib
0x00000000014ba000 	/System/Library/PrivateFrameworks/EFILogin.framework/Versions/A/EFILogin
0x00000000014ba000 	/usr/lib/libutil.dylib
0x00000000014ba000 	/System/Library/PrivateFrameworks/FindMyDevice.framework/Versions/A/FindMyDevice
0x00000000014ba000 	/System/Library/Frameworks/LDAP.framework/Versions/A/LDAP
0x00000000014ba000 	/usr/lib/libsasl2.2.dylib
0x00000001de943000 	cl_kernels
0x00000001de945000 	/System/Library/Frameworks/OpenCL.framework/Versions/A/Libraries/ImageFormats/unorm8_bgra.dylib
0x00000001de934000 	cl_kernels
0x00000000014ba000 	/System/Library/PrivateFrameworks/FamilyControls.framework/Versions/A/FamilyControls
0x00000000014ba000 	/System/Library/PrivateFrameworks/CommerceKit.framework/Versions/A/Frameworks/CommerceCore.framework/Versions/A/CommerceCore
0x00000000014ba000 	/System/Library/PrivateFrameworks/SystemAdministration.framework/Versions/A/SystemAdministration
0x00000000014ba000 	/System/Library/PrivateFrameworks/AppContainer.framework/Versions/A/AppContainer
0x00000000014ba000 	/System/Library/PrivateFrameworks/SecCodeWrapper.framework/Versions/A/SecCodeWrapper
0x00000000014ba000 	/System/Library/Frameworks/DirectoryService.framework/Versions/A/DirectoryService
0x00000000014ba000 	/System/Library/PrivateFrameworks/LoginUIKit.framework/Versions/A/Frameworks/LoginUICore.framework/Versions/A/LoginUICore
0x00000000014ba000 	/usr/lib/libodfde.dylib
0x00000001dfb0b000 	/Library/Java/JavaVirtualMachines/jdk1.8.0_05.jdk/Contents/Home/jre/lib/libfontmanager.dylib
0x00000001dfb71000 	/Users/CandyFace/Github-Projects/OOSE2015/native/macosx/liblwjgl.dylib
0x00000001dde78000 	/Library/Java/JavaVirtualMachines/jdk1.8.0_05.jdk/Contents/Home/jre/lib/libjawt.dylib
0x00000000014ba000 	/System/Library/Frameworks/OpenGL.framework/Versions/A/Resources/GLEngine.bundle/GLEngine
0x00000000014ba000 	/System/Library/Frameworks/OpenGL.framework/Versions/A/Libraries/libGLProgrammability.dylib
0x0000000000000000 	/System/Library/Extensions/AppleIntelHD5000GraphicsGLDriver.bundle/Contents/MacOS/AppleIntelHD5000GraphicsGLDriver
0x00000000014ba000 	/System/Library/PrivateFrameworks/IOAccelerator.framework/Versions/A/IOAccelerator
0x00000000014ba000 	/System/Library/PrivateFrameworks/GPUSupport.framework/Versions/A/Libraries/libGPUSupportMercury.dylib
0x00000000014ba000 	/System/Library/Frameworks/OpenGL.framework/Versions/A/Resources/GLRendererFloat.bundle/GLRendererFloat
0x00000001e032d000 	/Users/CandyFace/Github-Projects/OOSE2015/native/macosx/libjinput-osx.dylib
0x00000001e0332000 	/System/Library/Extensions/IOHIDFamily.kext/Contents/PlugIns/IOHIDLib.plugin/Contents/MacOS/IOHIDLib
0x00000001e0bce000 	/Library/Java/JavaVirtualMachines/jdk1.8.0_05.jdk/Contents/Home/jre/lib/libnio.dylib
0x00000001e0bdd000 	/Library/Java/JavaVirtualMachines/jdk1.8.0_05.jdk/Contents/Home/jre/lib/./libnet.dylib

VM Arguments:
jvm_args: -Djava.library.path=/Users/CandyFace/Github-Projects/OOSE2015/native/macosx -Dfile.encoding=UTF-8 
java_command: example.SimpleSlickGame
java_class_path (initial): /Users/CandyFace/Github-Projects/OOSE2015/bin:/Users/CandyFace/Github-Projects/OOSE2015/lib/ibxm.jar:/Users/CandyFace/Github-Projects/OOSE2015/lib/jinput.jar:/Users/CandyFace/Github-Projects/OOSE2015/lib/jogg-0.0.7.jar:/Users/CandyFace/Github-Projects/OOSE2015/lib/jorbis-0.0.15.jar:/Users/CandyFace/Github-Projects/OOSE2015/lib/lwjgl_util.jar:/Users/CandyFace/Github-Projects/OOSE2015/lib/lwjgl.jar:/Users/CandyFace/Github-Projects/OOSE2015/lib/slick-examples.jar:/Users/CandyFace/Github-Projects/OOSE2015/lib/slick.jar:/Users/CandyFace/Github-Projects/OOSE2015/lib/tinylinepp.jar
Launcher Type: SUN_STANDARD

Environment Variables:
PATH=/usr/bin:/bin:/usr/sbin:/sbin
SHELL=/bin/bash
DISPLAY=/private/tmp/com.apple.launchd.eBgY5QX1IF/org.macosforge.xquartz:0

Signal Handlers:
SIGSEGV: [libjvm.dylib+0x55f7df], sa_mask[0]=0xfffefeff, sa_flags=0x00000043
SIGBUS: [libjvm.dylib+0x55f7df], sa_mask[0]=0xfffefeff, sa_flags=0x00000042
SIGFPE: [libjvm.dylib+0x442cfa], sa_mask[0]=0xfffefeff, sa_flags=0x00000042
SIGPIPE: [libjvm.dylib+0x442cfa], sa_mask[0]=0xfffefeff, sa_flags=0x00000042
SIGXFSZ: [libjvm.dylib+0x442cfa], sa_mask[0]=0xfffefeff, sa_flags=0x00000042
SIGILL: [libjvm.dylib+0x442cfa], sa_mask[0]=0xfffefeff, sa_flags=0x00000042
SIGUSR1: SIG_DFL, sa_mask[0]=0x00000000, sa_flags=0x00000000
SIGUSR2: [libjvm.dylib+0x442818], sa_mask[0]=0x00000004, sa_flags=0x00000042
SIGHUP: [libjvm.dylib+0x440ba5], sa_mask[0]=0xfffefeff, sa_flags=0x00000042
SIGINT: [libjvm.dylib+0x440ba5], sa_mask[0]=0xfffefeff, sa_flags=0x00000042
SIGTERM: [libjvm.dylib+0x440ba5], sa_mask[0]=0xfffefeff, sa_flags=0x00000042
SIGQUIT: [libjvm.dylib+0x440ba5], sa_mask[0]=0xfffefeff, sa_flags=0x00000042


---------------  S Y S T E M  ---------------

OS:Bsduname:Darwin 14.1.0 Darwin Kernel Version 14.1.0: Mon Dec 22 23:10:38 PST 2014; root:xnu-2782.10.72~2/RELEASE_X86_64 x86_64
rlimit: STACK 8192k, CORE 0k, NPROC 709, NOFILE 10240, AS infinity
load average:1.57 1.74 1.95

CPU:total 4 (2 cores per cpu, 2 threads per core) family 6 model 69 stepping 1, cmov, cx8, fxsr, mmx, sse, sse2, sse3, ssse3, sse4.1, sse4.2, popcnt, avx, avx2, aes, clmul, erms, ht, tsc, tscinvbit

Memory: 4k page, physical 8388608k(290808k free)

/proc/meminfo:


vm_info: Java HotSpot(TM) 64-Bit Server VM (25.5-b02) for bsd-amd64 JRE (1.8.0_05-b13), built on Mar 18 2014 00:36:13 by "java_re" with gcc 4.2.1 (Based on Apple Inc. build 5658) (LLVM build 2336.11.00)

time: Thu Mar 12 21:42:03 2015
elapsed time: 9 seconds

